#
# There is insufficient memory for the Java Runtime Environment to continue.
# Native memory allocation (malloc) failed to allocate 770896 bytes. Error detail: Chunk::new
# Possible reasons:
#   The system is out of physical RAM or swap space
#   This process is running with CompressedOops enabled, and the Java Heap may be blocking the growth of the native heap
# Possible solutions:
#   Reduce memory load on the system
#   Increase physical memory or swap space
#   Check if swap backing store is full
#   Decrease Java heap size (-Xmx/-Xms)
#   Decrease number of Java threads
#   Decrease Java thread stack sizes (-Xss)
#   Set larger code cache with -XX:ReservedCodeCacheSize=
#   JVM is running with Unscaled Compressed Oops mode in which the Java heap is
#     placed in the first 4GB address space. The Java Heap base address is the
#     maximum limit for the native heap growth. Please use -XX:HeapBaseMinAddress
#     to set the Java Heap base and to place the Java Heap above 4GB virtual address.
# This output file may be truncated or incomplete.
#
#  Out of Memory Error (arena.cpp:149), pid=17368, tid=13704
#
# JRE version: OpenJDK Runtime Environment Temurin-23.0.2+7 (23.0.2+7) (build 23.0.2+7)
# Java VM: OpenJDK 64-Bit Server VM Temurin-23.0.2+7 (23.0.2+7, mixed mode, sharing, tiered, compressed oops, compressed class ptrs, g1 gc, windows-amd64)
# No core dump will be written. Minidumps are not enabled by default on client versions of Windows
#

---------------  S U M M A R Y ------------

Command Line: -Dfile.encoding=UTF-8 -Dstdout.encoding=UTF-8 -Dstderr.encoding=UTF-8 -XX:+ShowCodeDetailsInExceptionMessages com.playstore.notification_service.NotificationServiceApplication

Host: AMD Ryzen 3 3300U with Radeon Vega Mobile Gfx  , 4 cores, 3G,  Windows 11 , 64 bit Build 26100 (10.0.26100.5074)
Time: Wed Sep 10 09:42:11 2025 India Standard Time elapsed time: 891.076552 seconds (0d 0h 14m 51s)

---------------  T H R E A D  ---------------

Current thread (0x000001321841ef90):  JavaThread "C2 CompilerThread0" daemon [_thread_in_native, id=13704, stack(0x0000002646a00000,0x0000002646b00000) (1024K)]


Current CompileTask:
C2:891078 8558       4       java.net.URLStreamHandler::parseURL (1124 bytes)

Stack: [0x0000002646a00000,0x0000002646b00000]
Native frames: (J=compiled Java code, j=interpreted, Vv=VM code, C=native code)
V  [jvm.dll+0x6e8fa9]  (no source info available)
V  [jvm.dll+0x8d96b3]  (no source info available)
V  [jvm.dll+0x8dbb3e]  (no source info available)
V  [jvm.dll+0x8dc213]  (no source info available)
V  [jvm.dll+0x281bc6]  (no source info available)
V  [jvm.dll+0xbbb0f]  (no source info available)
V  [jvm.dll+0xbbd6b]  (no source info available)
V  [jvm.dll+0x3ba062]  (no source info available)
V  [jvm.dll+0x39071b]  (no source info available)
V  [jvm.dll+0x38fb7a]  (no source info available)
V  [jvm.dll+0x24ade1]  (no source info available)
V  [jvm.dll+0x24a13f]  (no source info available)
V  [jvm.dll+0x1c8fb0]  (no source info available)
V  [jvm.dll+0x25a23e]  (no source info available)
V  [jvm.dll+0x25850a]  (no source info available)
V  [jvm.dll+0x3f4916]  (no source info available)
V  [jvm.dll+0x88062b]  (no source info available)
V  [jvm.dll+0x6e77b5]  (no source info available)
C  [ucrtbase.dll+0x37b0]  (no source info available)
C  [KERNEL32.DLL+0x2e8d7]  (no source info available)
C  [ntdll.dll+0x8d9c]  (no source info available)

Lock stack of current Java thread (top to bottom):


---------------  P R O C E S S  ---------------

Threads class SMR info:
_java_thread_list=0x0000013260570b70, length=35, elements={
0x00000132184113a0, 0x0000013218412d20, 0x00000132184191c0, 0x000001321841bd30,
0x000001321841c790, 0x000001321841e200, 0x000001321841ef90, 0x0000013218492a50,
0x0000013218575250, 0x000001321857fcc0, 0x000001325f388440, 0x000001325f387090,
0x000001325f387db0, 0x000001325f388ad0, 0x000001325f38b230, 0x000001325f38c5e0,
0x000001325f38bf50, 0x000001325f38a510, 0x000001325f38cc70, 0x000001325f38aba0,
0x000001325fc01e10, 0x000001325fc769a0, 0x000001325fc77030, 0x000001325fc776c0,
0x000001325fc79790, 0x000001325fc79e20, 0x000001325fc78a70, 0x000001325fc783e0,
0x000001325fc7b1d0, 0x000001325fc79100, 0x000001325fc7a4b0, 0x000001325fc77d50,
0x000001325fc7c580, 0x000001325fc7bef0, 0x000001325fc7b860
}

Java Threads: ( => current thread )
  0x00000132184113a0 JavaThread "Reference Handler"          daemon [_thread_blocked, id=10420, stack(0x0000002646400000,0x0000002646500000) (1024K)]
  0x0000013218412d20 JavaThread "Finalizer"                  daemon [_thread_blocked, id=12608, stack(0x0000002646500000,0x0000002646600000) (1024K)]
  0x00000132184191c0 JavaThread "Signal Dispatcher"          daemon [_thread_blocked, id=17352, stack(0x0000002646600000,0x0000002646700000) (1024K)]
  0x000001321841bd30 JavaThread "Attach Listener"            daemon [_thread_blocked, id=13692, stack(0x0000002646700000,0x0000002646800000) (1024K)]
  0x000001321841c790 JavaThread "Service Thread"             daemon [_thread_blocked, id=13696, stack(0x0000002646800000,0x0000002646900000) (1024K)]
  0x000001321841e200 JavaThread "Monitor Deflation Thread"   daemon [_thread_blocked, id=13700, stack(0x0000002646900000,0x0000002646a00000) (1024K)]
=>0x000001321841ef90 JavaThread "C2 CompilerThread0"         daemon [_thread_in_native, id=13704, stack(0x0000002646a00000,0x0000002646b00000) (1024K)]
  0x0000013218492a50 JavaThread "C1 CompilerThread0"         daemon [_thread_blocked, id=13708, stack(0x0000002646b00000,0x0000002646c00000) (1024K)]
  0x0000013218575250 JavaThread "Notification Thread"        daemon [_thread_blocked, id=14988, stack(0x0000002646c00000,0x0000002646d00000) (1024K)]
  0x000001321857fcc0 JavaThread "Common-Cleaner"             daemon [_thread_blocked, id=14584, stack(0x0000002646d00000,0x0000002646e00000) (1024K)]
  0x000001325f388440 JavaThread "HikariPool-1 housekeeper"   daemon [_thread_blocked, id=16916, stack(0x0000002647100000,0x0000002647200000) (1024K)]
  0x000001325f387090 JavaThread "Catalina-utility-1"                [_thread_blocked, id=3476, stack(0x0000002647300000,0x0000002647400000) (1024K)]
  0x000001325f387db0 JavaThread "Catalina-utility-2"                [_thread_blocked, id=1656, stack(0x0000002647400000,0x0000002647500000) (1024K)]
  0x000001325f388ad0 JavaThread "container-0"                       [_thread_blocked, id=18960, stack(0x0000002647500000,0x0000002647600000) (1024K)]
  0x000001325f38b230 JavaThread "spring.cloud.inetutils"     daemon [_thread_blocked, id=5404, stack(0x0000002647200000,0x0000002647300000) (1024K)]
  0x000001325f38c5e0 JavaThread "AsyncResolver-bootstrap-0"  daemon [_thread_blocked, id=16696, stack(0x0000002647800000,0x0000002647900000) (1024K)]
  0x000001325f38bf50 JavaThread "DiscoveryClient-0"          daemon [_thread_blocked, id=19312, stack(0x0000002647a00000,0x0000002647b00000) (1024K)]
  0x000001325f38a510 JavaThread "DiscoveryClient-1"          daemon [_thread_blocked, id=15764, stack(0x0000002647b00000,0x0000002647c00000) (1024K)]
  0x000001325f38cc70 JavaThread "DiscoveryClient-InstanceInfoReplicator-0" daemon [_thread_in_vm, id=18984, stack(0x0000002647c00000,0x0000002647d00000) (1024K)]
  0x000001325f38aba0 JavaThread "http-nio-8083-exec-1"       daemon [_thread_blocked, id=16836, stack(0x0000002647d00000,0x0000002647e00000) (1024K)]
  0x000001325fc01e10 JavaThread "http-nio-8083-exec-2"       daemon [_thread_blocked, id=13064, stack(0x0000002647e00000,0x0000002647f00000) (1024K)]
  0x000001325fc769a0 JavaThread "http-nio-8083-exec-3"       daemon [_thread_blocked, id=17308, stack(0x0000002647f00000,0x0000002648000000) (1024K)]
  0x000001325fc77030 JavaThread "http-nio-8083-exec-4"       daemon [_thread_blocked, id=13604, stack(0x0000002648000000,0x0000002648100000) (1024K)]
  0x000001325fc776c0 JavaThread "http-nio-8083-exec-5"       daemon [_thread_blocked, id=17472, stack(0x0000002648100000,0x0000002648200000) (1024K)]
  0x000001325fc79790 JavaThread "http-nio-8083-exec-6"       daemon [_thread_blocked, id=12132, stack(0x0000002648200000,0x0000002648300000) (1024K)]
  0x000001325fc79e20 JavaThread "http-nio-8083-exec-7"       daemon [_thread_blocked, id=12852, stack(0x0000002648300000,0x0000002648400000) (1024K)]
  0x000001325fc78a70 JavaThread "http-nio-8083-exec-8"       daemon [_thread_blocked, id=1756, stack(0x0000002648400000,0x0000002648500000) (1024K)]
  0x000001325fc783e0 JavaThread "http-nio-8083-exec-9"       daemon [_thread_blocked, id=16600, stack(0x0000002648500000,0x0000002648600000) (1024K)]
  0x000001325fc7b1d0 JavaThread "http-nio-8083-exec-10"      daemon [_thread_blocked, id=9004, stack(0x0000002648600000,0x0000002648700000) (1024K)]
  0x000001325fc79100 JavaThread "http-nio-8083-Poller"       daemon [_thread_in_native, id=1932, stack(0x0000002648700000,0x0000002648800000) (1024K)]
  0x000001325fc7a4b0 JavaThread "http-nio-8083-Acceptor"     daemon [_thread_in_native, id=18884, stack(0x0000002648800000,0x0000002648900000) (1024K)]
  0x000001325fc77d50 JavaThread "DestroyJavaVM"                     [_thread_blocked, id=10628, stack(0x0000002645c00000,0x0000002645d00000) (1024K)]
  0x000001325fc7c580 JavaThread "DiscoveryClient-CacheRefreshExecutor-0" daemon [_thread_in_Java, id=10184, stack(0x0000002645a00000,0x0000002645b00000) (1024K)]
  0x000001325fc7bef0 JavaThread "DiscoveryClient-HeartbeatExecutor-0" daemon [_thread_in_Java, id=18468, stack(0x0000002645b00000,0x0000002645c00000) (1024K)]
  0x000001325fc7b860 JavaThread "AsyncResolver-bootstrap-executor-0" daemon [_thread_blocked, id=15960, stack(0x0000002648900000,0x0000002648a00000) (1024K)]
Total: 35

Other Threads:
  0x00000132183fb080 VMThread "VM Thread"                           [id=16224, stack(0x0000002646300000,0x0000002646400000) (1024K)]
  0x0000013202276670 WatcherThread "VM Periodic Task Thread"        [id=16092, stack(0x0000002646200000,0x0000002646300000) (1024K)]
  0x0000013202202740 WorkerThread "GC Thread#0"                     [id=13588, stack(0x0000002645d00000,0x0000002645e00000) (1024K)]
  0x000001325e4c7240 WorkerThread "GC Thread#1"                     [id=4100, stack(0x0000002646e00000,0x0000002646f00000) (1024K)]
  0x000001325e4dc180 WorkerThread "GC Thread#2"                     [id=7520, stack(0x0000002646f00000,0x0000002647000000) (1024K)]
  0x000001325e4e4960 WorkerThread "GC Thread#3"                     [id=7392, stack(0x0000002647000000,0x0000002647100000) (1024K)]
  0x000001320220c160 ConcurrentGCThread "G1 Main Marker"            [id=15868, stack(0x0000002645e00000,0x0000002645f00000) (1024K)]
  0x000001320220cc70 WorkerThread "G1 Conc#0"                       [id=14572, stack(0x0000002645f00000,0x0000002646000000) (1024K)]
  0x0000013202261ef0 ConcurrentGCThread "G1 Refine#0"               [id=19132, stack(0x0000002646000000,0x0000002646100000) (1024K)]
  0x0000013202262a70 ConcurrentGCThread "G1 Service"                [id=11524, stack(0x0000002646100000,0x0000002646200000) (1024K)]
Total: 10

Threads with active compile tasks:
C2 CompilerThread0  891888 8558       4       java.net.URLStreamHandler::parseURL (1124 bytes)
Total: 1

VM state: not at safepoint (normal execution)

VM Mutex/Monitor currently owned by a thread: None

Heap address: 0x00000000c8e00000, size: 882 MB, Compressed Oops mode: 32-bit

CDS archive(s) mapped at: [0x0000013219000000-0x0000013219d70000-0x0000013219d70000), size 14090240, SharedBaseAddress: 0x0000013219000000, ArchiveRelocationMode: 1.
Compressed class space mapped at: 0x000001321a000000-0x000001325a000000, reserved size: 1073741824
Narrow klass base: 0x0000013219000000, Narrow klass shift: 0, Narrow klass range: 0x41000000

GC Precious Log:
 CardTable entry size: 512
 Card Set container configuration: InlinePtr #cards 5 size 8 Array Of Cards #cards 10 size 36 Howl #buckets 4 coarsen threshold 1843 Howl Bitmap #cards 512 size 80 coarsen threshold 460 Card regions per heap region 1 cards per card region 2048
 CPUs: 4 total, 4 available
 Memory: 3526M
 Large Page Support: Disabled
 NUMA Support: Disabled
 Compressed Oops: Enabled (32-bit)
 Heap Region Size: 1M
 Heap Min Capacity: 8M
 Heap Initial Capacity: 56M
 Heap Max Capacity: 882M
 Pre-touch: Disabled
 Parallel Workers: 4
 Concurrent Workers: 1
 Concurrent Refinement Workers: 4
 Periodic GC: Disabled

Heap:
 garbage-first heap   total reserved 903168K, committed 63488K, used 51276K [0x00000000c8e00000, 0x0000000100000000)
  region size 1024K, 18 young (18432K), 1 survivors (1024K)
 Metaspace       used 67959K, committed 68736K, reserved 1114112K
  class space    used 9088K, committed 9408K, reserved 1048576K

Heap Regions: E=young(eden), S=young(survivor), O=old, HS=humongous(starts), HC=humongous(continues), CS=collection set, F=free, TAMS=top-at-mark-start, PB=parsable bottom
|   0|0x00000000c8e00000, 0x00000000c8f00000, 0x00000000c8f00000|100%|HS|  |TAMS 0x00000000c8e00000| PB 0x00000000c8e00000| Complete |  0
|   1|0x00000000c8f00000, 0x00000000c9000000, 0x00000000c9000000|100%|HS|  |TAMS 0x00000000c8f00000| PB 0x00000000c8f00000| Complete |  0
|   2|0x00000000c9000000, 0x00000000c9100000, 0x00000000c9100000|100%| O|  |TAMS 0x00000000c9000000| PB 0x00000000c9000000| Untracked |  0
|   3|0x00000000c9100000, 0x00000000c9200000, 0x00000000c9200000|100%| O|  |TAMS 0x00000000c9100000| PB 0x00000000c9100000| Untracked |  0
|   4|0x00000000c9200000, 0x00000000c9300000, 0x00000000c9300000|100%| O|  |TAMS 0x00000000c9200000| PB 0x00000000c9200000| Untracked |  0
|   5|0x00000000c9300000, 0x00000000c9400000, 0x00000000c9400000|100%| O|  |TAMS 0x00000000c9300000| PB 0x00000000c9300000| Untracked |  0
|   6|0x00000000c9400000, 0x00000000c9500000, 0x00000000c9500000|100%| O|  |TAMS 0x00000000c9400000| PB 0x00000000c9400000| Untracked |  0
|   7|0x00000000c9500000, 0x00000000c9600000, 0x00000000c9600000|100%| O|  |TAMS 0x00000000c9500000| PB 0x00000000c9500000| Untracked |  0
|   8|0x00000000c9600000, 0x00000000c9700000, 0x00000000c9700000|100%| O|  |TAMS 0x00000000c9600000| PB 0x00000000c9600000| Untracked |  0
|   9|0x00000000c9700000, 0x00000000c9800000, 0x00000000c9800000|100%| O|  |TAMS 0x00000000c9700000| PB 0x00000000c9700000| Untracked |  0
|  10|0x00000000c9800000, 0x00000000c9900000, 0x00000000c9900000|100%| O|  |TAMS 0x00000000c9800000| PB 0x00000000c9800000| Untracked |  0
|  11|0x00000000c9900000, 0x00000000c9a00000, 0x00000000c9a00000|100%| O|  |TAMS 0x00000000c9900000| PB 0x00000000c9900000| Untracked |  0
|  12|0x00000000c9a00000, 0x00000000c9b00000, 0x00000000c9b00000|100%| O|  |TAMS 0x00000000c9a00000| PB 0x00000000c9a00000| Untracked |  0
|  13|0x00000000c9b00000, 0x00000000c9c00000, 0x00000000c9c00000|100%| O|  |TAMS 0x00000000c9b00000| PB 0x00000000c9b00000| Untracked |  0
|  14|0x00000000c9c00000, 0x00000000c9d00000, 0x00000000c9d00000|100%| O|  |TAMS 0x00000000c9c00000| PB 0x00000000c9c00000| Untracked |  0
|  15|0x00000000c9d00000, 0x00000000c9e00000, 0x00000000c9e00000|100%| O|  |TAMS 0x00000000c9d00000| PB 0x00000000c9d00000| Untracked |  0
|  16|0x00000000c9e00000, 0x00000000c9f00000, 0x00000000c9f00000|100%| O|  |TAMS 0x00000000c9e00000| PB 0x00000000c9e00000| Untracked |  0
|  17|0x00000000c9f00000, 0x00000000ca000000, 0x00000000ca000000|100%| O|  |TAMS 0x00000000c9f00000| PB 0x00000000c9f00000| Untracked |  0
|  18|0x00000000ca000000, 0x00000000ca100000, 0x00000000ca100000|100%| O|  |TAMS 0x00000000ca000000| PB 0x00000000ca000000| Untracked |  0
|  19|0x00000000ca100000, 0x00000000ca200000, 0x00000000ca200000|100%| O|  |TAMS 0x00000000ca100000| PB 0x00000000ca100000| Untracked |  0
|  20|0x00000000ca200000, 0x00000000ca300000, 0x00000000ca300000|100%| O|  |TAMS 0x00000000ca200000| PB 0x00000000ca200000| Untracked |  0
|  21|0x00000000ca300000, 0x00000000ca300000, 0x00000000ca400000|  0%| F|  |TAMS 0x00000000ca300000| PB 0x00000000ca300000| Untracked |  0
|  22|0x00000000ca400000, 0x00000000ca500000, 0x00000000ca500000|100%| O|  |TAMS 0x00000000ca400000| PB 0x00000000ca400000| Untracked |  0
|  23|0x00000000ca500000, 0x00000000ca600000, 0x00000000ca600000|100%| O|  |TAMS 0x00000000ca500000| PB 0x00000000ca500000| Untracked |  0
|  24|0x00000000ca600000, 0x00000000ca700000, 0x00000000ca700000|100%| O|  |TAMS 0x00000000ca600000| PB 0x00000000ca600000| Untracked |  0
|  25|0x00000000ca700000, 0x00000000ca800000, 0x00000000ca800000|100%| O|  |TAMS 0x00000000ca700000| PB 0x00000000ca700000| Untracked |  0
|  26|0x00000000ca800000, 0x00000000ca900000, 0x00000000ca900000|100%| O|  |TAMS 0x00000000ca800000| PB 0x00000000ca800000| Untracked |  0
|  27|0x00000000ca900000, 0x00000000caa00000, 0x00000000caa00000|100%| O|  |TAMS 0x00000000ca900000| PB 0x00000000ca900000| Untracked |  0
|  28|0x00000000caa00000, 0x00000000cab00000, 0x00000000cab00000|100%| O|  |TAMS 0x00000000caa00000| PB 0x00000000caa00000| Untracked |  0
|  29|0x00000000cab00000, 0x00000000cab00000, 0x00000000cac00000|  0%| F|  |TAMS 0x00000000cab00000| PB 0x00000000cab00000| Untracked |  0
|  30|0x00000000cac00000, 0x00000000cad00000, 0x00000000cad00000|100%| O|  |TAMS 0x00000000cac00000| PB 0x00000000cac00000| Untracked |  0
|  31|0x00000000cad00000, 0x00000000cae00000, 0x00000000cae00000|100%| O|  |TAMS 0x00000000cad00000| PB 0x00000000cad00000| Untracked |  0
|  32|0x00000000cae00000, 0x00000000caf00000, 0x00000000caf00000|100%| O|  |TAMS 0x00000000cae00000| PB 0x00000000cae00000| Untracked |  0
|  33|0x00000000caf00000, 0x00000000cb000000, 0x00000000cb000000|100%| O|  |TAMS 0x00000000caf00000| PB 0x00000000caf00000| Untracked |  0
|  34|0x00000000cb000000, 0x00000000cb100000, 0x00000000cb100000|100%| O|  |TAMS 0x00000000cb000000| PB 0x00000000cb000000| Untracked |  0
|  35|0x00000000cb100000, 0x00000000cb200000, 0x00000000cb200000|100%| O|  |TAMS 0x00000000cb100000| PB 0x00000000cb100000| Untracked |  0
|  36|0x00000000cb200000, 0x00000000cb269c60, 0x00000000cb300000| 41%| O|  |TAMS 0x00000000cb200000| PB 0x00000000cb200000| Untracked |  0
|  37|0x00000000cb300000, 0x00000000cb300000, 0x00000000cb400000|  0%| F|  |TAMS 0x00000000cb300000| PB 0x00000000cb300000| Untracked |  0
|  38|0x00000000cb400000, 0x00000000cb400000, 0x00000000cb500000|  0%| F|  |TAMS 0x00000000cb400000| PB 0x00000000cb400000| Untracked |  0
|  39|0x00000000cb500000, 0x00000000cb5a9500, 0x00000000cb600000| 66%| S|CS|TAMS 0x00000000cb500000| PB 0x00000000cb500000| Complete |  0
|  40|0x00000000cb600000, 0x00000000cb600000, 0x00000000cb700000|  0%| F|  |TAMS 0x00000000cb600000| PB 0x00000000cb600000| Untracked |  0
|  41|0x00000000cb700000, 0x00000000cb700000, 0x00000000cb800000|  0%| F|  |TAMS 0x00000000cb700000| PB 0x00000000cb700000| Untracked |  0
|  42|0x00000000cb800000, 0x00000000cb800000, 0x00000000cb900000|  0%| F|  |TAMS 0x00000000cb800000| PB 0x00000000cb800000| Untracked |  0
|  43|0x00000000cb900000, 0x00000000cb900000, 0x00000000cba00000|  0%| F|  |TAMS 0x00000000cb900000| PB 0x00000000cb900000| Untracked |  0
|  44|0x00000000cba00000, 0x00000000cba00000, 0x00000000cbb00000|  0%| F|  |TAMS 0x00000000cba00000| PB 0x00000000cba00000| Untracked |  0
|  45|0x00000000cbb00000, 0x00000000cbb35d08, 0x00000000cbc00000| 21%| E|  |TAMS 0x00000000cbb00000| PB 0x00000000cbb00000| Complete |  0
|  46|0x00000000cbc00000, 0x00000000cbd00000, 0x00000000cbd00000|100%| E|CS|TAMS 0x00000000cbc00000| PB 0x00000000cbc00000| Complete |  0
|  47|0x00000000cbd00000, 0x00000000cbe00000, 0x00000000cbe00000|100%| E|CS|TAMS 0x00000000cbd00000| PB 0x00000000cbd00000| Complete |  0
|  48|0x00000000cbe00000, 0x00000000cbf00000, 0x00000000cbf00000|100%| E|CS|TAMS 0x00000000cbe00000| PB 0x00000000cbe00000| Complete |  0
|  49|0x00000000cbf00000, 0x00000000cc000000, 0x00000000cc000000|100%| E|CS|TAMS 0x00000000cbf00000| PB 0x00000000cbf00000| Complete |  0
|  50|0x00000000cc000000, 0x00000000cc100000, 0x00000000cc100000|100%| E|CS|TAMS 0x00000000cc000000| PB 0x00000000cc000000| Complete |  0
|  51|0x00000000cc100000, 0x00000000cc200000, 0x00000000cc200000|100%| E|CS|TAMS 0x00000000cc100000| PB 0x00000000cc100000| Complete |  0
|  52|0x00000000cc200000, 0x00000000cc300000, 0x00000000cc300000|100%| E|CS|TAMS 0x00000000cc200000| PB 0x00000000cc200000| Complete |  0
|  53|0x00000000cc300000, 0x00000000cc400000, 0x00000000cc400000|100%| E|CS|TAMS 0x00000000cc300000| PB 0x00000000cc300000| Complete |  0
|  54|0x00000000cc400000, 0x00000000cc500000, 0x00000000cc500000|100%| E|CS|TAMS 0x00000000cc400000| PB 0x00000000cc400000| Complete |  0
|  55|0x00000000cc500000, 0x00000000cc600000, 0x00000000cc600000|100%| E|CS|TAMS 0x00000000cc500000| PB 0x00000000cc500000| Complete |  0
|  56|0x00000000cc600000, 0x00000000cc700000, 0x00000000cc700000|100%| E|CS|TAMS 0x00000000cc600000| PB 0x00000000cc600000| Complete |  0
|  57|0x00000000cc700000, 0x00000000cc800000, 0x00000000cc800000|100%| E|CS|TAMS 0x00000000cc700000| PB 0x00000000cc700000| Complete |  0
|  58|0x00000000cc800000, 0x00000000cc900000, 0x00000000cc900000|100%| E|CS|TAMS 0x00000000cc800000| PB 0x00000000cc800000| Complete |  0
|  59|0x00000000cc900000, 0x00000000cca00000, 0x00000000cca00000|100%| E|CS|TAMS 0x00000000cc900000| PB 0x00000000cc900000| Complete |  0
|  60|0x00000000cca00000, 0x00000000ccb00000, 0x00000000ccb00000|100%| E|CS|TAMS 0x00000000cca00000| PB 0x00000000cca00000| Complete |  0
|  61|0x00000000ccb00000, 0x00000000ccc00000, 0x00000000ccc00000|100%| E|  |TAMS 0x00000000ccb00000| PB 0x00000000ccb00000| Complete |  0

Card table byte_map: [0x0000013214ef0000,0x00000132150b0000] _byte_map_base: 0x00000132148a9000

Marking Bits: (CMBitMap*) 0x0000013202202e50
 Bits: [0x00000132150b0000, 0x0000013215e78000)

Polling page: 0x0000013200160000

Metaspace:

Usage:
  Non-class:     57.49 MB used.
      Class:      8.88 MB used.
       Both:     66.37 MB used.

Virtual space:
  Non-class space:       64.00 MB reserved,      57.94 MB ( 91%) committed,  1 nodes.
      Class space:        1.00 GB reserved,       9.19 MB ( <1%) committed,  1 nodes.
             Both:        1.06 GB reserved,      67.12 MB (  6%) committed. 

Chunk freelists:
   Non-Class:  5.98 MB
       Class:  6.72 MB
        Both:  12.71 MB

MaxMetaspaceSize: unlimited
CompressedClassSpaceSize: 1.00 GB
Initial GC threshold: 21.00 MB
Current GC threshold: 110.56 MB
CDS: on
 - commit_granule_bytes: 65536.
 - commit_granule_words: 8192.
 - virtual_space_node_default_size: 8388608.
 - enlarge_chunks_in_place: 1.
 - use_allocation_guard: 0.


Internal statistics:

num_allocs_failed_limit: 6.
num_arena_births: 1006.
num_arena_deaths: 0.
num_vsnodes_births: 2.
num_vsnodes_deaths: 0.
num_space_committed: 1074.
num_space_uncommitted: 0.
num_chunks_returned_to_freelist: 6.
num_chunks_taken_from_freelist: 3343.
num_chunk_merges: 6.
num_chunk_splits: 2396.
num_chunks_enlarged: 1855.
num_inconsistent_stats: 0.

CodeHeap 'non-profiled nmethods': size=120064Kb used=3448Kb max_used=3448Kb free=116615Kb
 bounds [0x000001320d9b0000, 0x000001320dd10000, 0x0000013214ef0000]
CodeHeap 'profiled nmethods': size=120000Kb used=11832Kb max_used=11832Kb free=108167Kb
 bounds [0x0000013205ef0000, 0x0000013206a80000, 0x000001320d420000]
CodeHeap 'non-nmethods': size=5696Kb used=1612Kb max_used=1653Kb free=4083Kb
 bounds [0x000001320d420000, 0x000001320d690000, 0x000001320d9b0000]
CodeCache: size=245760Kb, used=16892Kb, max_used=16933Kb, free=228865Kb
 total_blobs=8074, nmethods=7393, adapters=586, full_count=0
Compilation: enabled, stopped_count=0, restarted_count=0

Compilation events (20 events):
Event: 860.052 Thread 0x000001321841ef90 nmethod 8546 0x000001320dd0d608 code [0x000001320dd0d7e0, 0x000001320dd0df28]
Event: 860.053 Thread 0x000001321841ef90 8545       4       com.fasterxml.jackson.databind.introspect.AnnotationIntrospectorPair::findNameForDeserialization (49 bytes)
Event: 860.061 Thread 0x000001321841ef90 nmethod 8545 0x000001320dd0e008 code [0x000001320dd0e120, 0x000001320dd0e250]
Event: 887.512 Thread 0x0000013218492a50 8550       3       ch.qos.logback.core.joran.spi.ConsoleTarget$1::flush (7 bytes)
Event: 887.535 Thread 0x0000013218492a50 nmethod 8550 0x0000013206a7a908 code [0x0000013206a7aa20, 0x0000013206a7ab70]
Event: 887.536 Thread 0x0000013218492a50 8551   !   3       java.io.PrintStream::flush (60 bytes)
Event: 887.586 Thread 0x0000013218492a50 nmethod 8551 0x0000013206a7ac08 code [0x0000013206a7ae80, 0x0000013206a7c050]
Event: 887.884 Thread 0x0000013218492a50 8553       3       java.util.concurrent.atomic.AtomicInteger::getAndAdd (12 bytes)
Event: 887.890 Thread 0x0000013218492a50 nmethod 8553 0x0000013206a7c108 code [0x0000013206a7c220, 0x0000013206a7c338]
Event: 889.277 Thread 0x0000013218492a50 8554       3       com.fasterxml.jackson.databind.ObjectMapper$1::addDeserializers (34 bytes)
Event: 889.333 Thread 0x0000013218492a50 nmethod 8554 0x0000013206a7c408 code [0x0000013206a7c5c0, 0x0000013206a7cd28]
Event: 890.389 Thread 0x0000013218492a50 8555       3       ch.qos.logback.classic.spi.LoggingEvent::addMarker (36 bytes)
Event: 890.408 Thread 0x0000013218492a50 nmethod 8555 0x0000013206a7ce08 code [0x0000013206a7cf60, 0x0000013206a7d2e8]
Event: 890.409 Thread 0x0000013218492a50 8556       3       ch.qos.logback.classic.pattern.ThreadConverter::convert (7 bytes)
Event: 890.426 Thread 0x0000013218492a50 nmethod 8556 0x0000013206a7d308 code [0x0000013206a7d440, 0x0000013206a7d6b8]
Event: 890.672 Thread 0x0000013218492a50 8557       3       ch.qos.logback.classic.pattern.MessageConverter::convert (9 bytes)
Event: 890.677 Thread 0x0000013218492a50 nmethod 8557 0x0000013206a7d708 code [0x0000013206a7d840, 0x0000013206a7db38]
Event: 890.730 Thread 0x000001321841ef90 8558       4       java.net.URLStreamHandler::parseURL (1124 bytes)
Event: 890.877 Thread 0x0000013218492a50 8559       3       java.util.Collections$SetFromMap::remove (19 bytes)
Event: 890.882 Thread 0x0000013218492a50 nmethod 8559 0x0000013206a7db88 code [0x0000013206a7dcc0, 0x0000013206a7dee0]

GC Heap History (20 events):
Event: 46.768 GC heap before
{Heap before GC invocations=12 (full 0):
 garbage-first heap   total reserved 903168K, committed 55296K, used 46521K [0x00000000c8e00000, 0x0000000100000000)
  region size 1024K, 23 young (23552K), 2 survivors (2048K)
 Metaspace       used 47214K, committed 47744K, reserved 1114112K
  class space    used 6382K, committed 6592K, reserved 1048576K
}
Event: 46.778 GC heap after
{Heap after GC invocations=13 (full 0):
 garbage-first heap   total reserved 903168K, committed 55296K, used 26634K [0x00000000c8e00000, 0x0000000100000000)
  region size 1024K, 2 young (2048K), 2 survivors (2048K)
 Metaspace       used 47214K, committed 47744K, reserved 1114112K
  class space    used 6382K, committed 6592K, reserved 1048576K
}
Event: 49.588 GC heap before
{Heap before GC invocations=13 (full 0):
 garbage-first heap   total reserved 903168K, committed 55296K, used 47114K [0x00000000c8e00000, 0x0000000100000000)
  region size 1024K, 23 young (23552K), 2 survivors (2048K)
 Metaspace       used 52497K, committed 53056K, reserved 1114112K
  class space    used 7171K, committed 7360K, reserved 1048576K
}
Event: 49.593 GC heap after
{Heap after GC invocations=14 (full 0):
 garbage-first heap   total reserved 903168K, committed 55296K, used 28020K [0x00000000c8e00000, 0x0000000100000000)
  region size 1024K, 3 young (3072K), 3 survivors (3072K)
 Metaspace       used 52497K, committed 53056K, reserved 1114112K
  class space    used 7171K, committed 7360K, reserved 1048576K
}
Event: 54.268 GC heap before
{Heap before GC invocations=15 (full 0):
 garbage-first heap   total reserved 903168K, committed 55296K, used 47476K [0x00000000c8e00000, 0x0000000100000000)
  region size 1024K, 22 young (22528K), 3 survivors (3072K)
 Metaspace       used 55218K, committed 55872K, reserved 1114112K
  class space    used 7561K, committed 7872K, reserved 1048576K
}
Event: 54.282 GC heap after
{Heap after GC invocations=16 (full 0):
 garbage-first heap   total reserved 903168K, committed 55296K, used 29781K [0x00000000c8e00000, 0x0000000100000000)
  region size 1024K, 3 young (3072K), 3 survivors (3072K)
 Metaspace       used 55218K, committed 55872K, reserved 1114112K
  class space    used 7561K, committed 7872K, reserved 1048576K
}
Event: 56.750 GC heap before
{Heap before GC invocations=16 (full 0):
 garbage-first heap   total reserved 903168K, committed 55296K, used 47189K [0x00000000c8e00000, 0x0000000100000000)
  region size 1024K, 20 young (20480K), 3 survivors (3072K)
 Metaspace       used 57744K, committed 58432K, reserved 1114112K
  class space    used 7893K, committed 8192K, reserved 1048576K
}
Event: 56.759 GC heap after
{Heap after GC invocations=17 (full 0):
 garbage-first heap   total reserved 903168K, committed 55296K, used 31410K [0x00000000c8e00000, 0x0000000100000000)
  region size 1024K, 2 young (2048K), 2 survivors (2048K)
 Metaspace       used 57744K, committed 58432K, reserved 1114112K
  class space    used 7893K, committed 8192K, reserved 1048576K
}
Event: 61.474 GC heap before
{Heap before GC invocations=17 (full 0):
 garbage-first heap   total reserved 903168K, committed 55296K, used 48818K [0x00000000c8e00000, 0x0000000100000000)
  region size 1024K, 19 young (19456K), 2 survivors (2048K)
 Metaspace       used 60262K, committed 60992K, reserved 1114112K
  class space    used 8235K, committed 8576K, reserved 1048576K
}
Event: 61.483 GC heap after
{Heap after GC invocations=18 (full 0):
 garbage-first heap   total reserved 903168K, committed 55296K, used 33014K [0x00000000c8e00000, 0x0000000100000000)
  region size 1024K, 2 young (2048K), 2 survivors (2048K)
 Metaspace       used 60262K, committed 60992K, reserved 1114112K
  class space    used 8235K, committed 8576K, reserved 1048576K
}
Event: 68.548 GC heap before
{Heap before GC invocations=19 (full 0):
 garbage-first heap   total reserved 903168K, committed 56320K, used 48374K [0x00000000c8e00000, 0x0000000100000000)
  region size 1024K, 17 young (17408K), 2 survivors (2048K)
 Metaspace       used 63264K, committed 63936K, reserved 1114112K
  class space    used 8587K, committed 8896K, reserved 1048576K
}
Event: 68.617 GC heap after
{Heap after GC invocations=20 (full 0):
 garbage-first heap   total reserved 903168K, committed 56320K, used 35467K [0x00000000c8e00000, 0x0000000100000000)
  region size 1024K, 3 young (3072K), 3 survivors (3072K)
 Metaspace       used 63264K, committed 63936K, reserved 1114112K
  class space    used 8587K, committed 8896K, reserved 1048576K
}
Event: 74.253 GC heap before
{Heap before GC invocations=20 (full 0):
 garbage-first heap   total reserved 903168K, committed 56320K, used 48779K [0x00000000c8e00000, 0x0000000100000000)
  region size 1024K, 16 young (16384K), 3 survivors (3072K)
 Metaspace       used 66601K, committed 67264K, reserved 1114112K
  class space    used 9063K, committed 9344K, reserved 1048576K
}
Event: 74.271 GC heap after
{Heap after GC invocations=21 (full 0):
 garbage-first heap   total reserved 903168K, committed 56320K, used 36203K [0x00000000c8e00000, 0x0000000100000000)
  region size 1024K, 2 young (2048K), 2 survivors (2048K)
 Metaspace       used 66601K, committed 67264K, reserved 1114112K
  class space    used 9063K, committed 9344K, reserved 1048576K
}
Event: 237.485 GC heap before
{Heap before GC invocations=21 (full 0):
 garbage-first heap   total reserved 903168K, committed 56320K, used 47467K [0x00000000c8e00000, 0x0000000100000000)
  region size 1024K, 14 young (14336K), 2 survivors (2048K)
 Metaspace       used 67120K, committed 67840K, reserved 1114112K
  class space    used 9082K, committed 9408K, reserved 1048576K
}
Event: 237.551 GC heap after
{Heap after GC invocations=22 (full 0):
 garbage-first heap   total reserved 903168K, committed 56320K, used 36362K [0x00000000c8e00000, 0x0000000100000000)
  region size 1024K, 2 young (2048K), 2 survivors (2048K)
 Metaspace       used 67120K, committed 67840K, reserved 1114112K
  class space    used 9082K, committed 9408K, reserved 1048576K
}
Event: 393.352 GC heap before
{Heap before GC invocations=23 (full 0):
 garbage-first heap   total reserved 903168K, committed 63488K, used 48650K [0x00000000c8e00000, 0x0000000100000000)
  region size 1024K, 14 young (14336K), 2 survivors (2048K)
 Metaspace       used 67422K, committed 68096K, reserved 1114112K
  class space    used 9082K, committed 9408K, reserved 1048576K
}
Event: 393.430 GC heap after
{Heap after GC invocations=24 (full 0):
 garbage-first heap   total reserved 903168K, committed 63488K, used 36161K [0x00000000c8e00000, 0x0000000100000000)
  region size 1024K, 1 young (1024K), 1 survivors (1024K)
 Metaspace       used 67422K, committed 68096K, reserved 1114112K
  class space    used 9082K, committed 9408K, reserved 1048576K
}
Event: 653.301 GC heap before
{Heap before GC invocations=24 (full 0):
 garbage-first heap   total reserved 903168K, committed 63488K, used 56641K [0x00000000c8e00000, 0x0000000100000000)
  region size 1024K, 22 young (22528K), 1 survivors (1024K)
 Metaspace       used 67766K, committed 68544K, reserved 1114112K
  class space    used 9085K, committed 9408K, reserved 1048576K
}
Event: 653.455 GC heap after
{Heap after GC invocations=25 (full 0):
 garbage-first heap   total reserved 903168K, committed 63488K, used 35916K [0x00000000c8e00000, 0x0000000100000000)
  region size 1024K, 1 young (1024K), 1 survivors (1024K)
 Metaspace       used 67766K, committed 68544K, reserved 1114112K
  class space    used 9085K, committed 9408K, reserved 1048576K
}

Dll operation events (11 events):
Event: 0.133 Loaded shared library C:\Users\likha\.p2\pool\plugins\org.eclipse.justj.openjdk.hotspot.jre.full.win32.x86_64_23.0.2.v20250131-0604\jre\bin\java.dll
Event: 2.752 Loaded shared library C:\Users\likha\.p2\pool\plugins\org.eclipse.justj.openjdk.hotspot.jre.full.win32.x86_64_23.0.2.v20250131-0604\jre\bin\zip.dll
Event: 2.939 Loaded shared library C:\Users\likha\.p2\pool\plugins\org.eclipse.justj.openjdk.hotspot.jre.full.win32.x86_64_23.0.2.v20250131-0604\jre\bin\net.dll
Event: 2.946 Loaded shared library C:\Users\likha\.p2\pool\plugins\org.eclipse.justj.openjdk.hotspot.jre.full.win32.x86_64_23.0.2.v20250131-0604\jre\bin\nio.dll
Event: 2.954 Loaded shared library C:\Users\likha\.p2\pool\plugins\org.eclipse.justj.openjdk.hotspot.jre.full.win32.x86_64_23.0.2.v20250131-0604\jre\bin\zip.dll
Event: 6.786 Loaded shared library C:\Users\likha\.p2\pool\plugins\org.eclipse.justj.openjdk.hotspot.jre.full.win32.x86_64_23.0.2.v20250131-0604\jre\bin\jimage.dll
Event: 18.897 Loaded shared library C:\Users\likha\.p2\pool\plugins\org.eclipse.justj.openjdk.hotspot.jre.full.win32.x86_64_23.0.2.v20250131-0604\jre\bin\sunmscapi.dll
Event: 34.649 Loaded shared library C:\Users\likha\.p2\pool\plugins\org.eclipse.justj.openjdk.hotspot.jre.full.win32.x86_64_23.0.2.v20250131-0604\jre\bin\management.dll
Event: 34.669 Loaded shared library C:\Users\likha\.p2\pool\plugins\org.eclipse.justj.openjdk.hotspot.jre.full.win32.x86_64_23.0.2.v20250131-0604\jre\bin\management_ext.dll
Event: 44.496 Loaded shared library C:\Users\likha\.p2\pool\plugins\org.eclipse.justj.openjdk.hotspot.jre.full.win32.x86_64_23.0.2.v20250131-0604\jre\bin\verify.dll
Event: 73.547 Loaded shared library C:\Users\likha\.p2\pool\plugins\org.eclipse.justj.openjdk.hotspot.jre.full.win32.x86_64_23.0.2.v20250131-0604\jre\bin\extnet.dll

Deoptimization events (20 events):
Event: 423.736 Thread 0x000001325fc7bef0 DEOPT UNPACKING pc=0x000001320d474402 sp=0x0000002645bfd370 mode 2
Event: 423.736 Thread 0x000001325fc7bef0 Uncommon trap: trap_request=0xffffffd6 fr.pc=0x000001320db4aab4 relative=0x0000000000000394
Event: 423.736 Thread 0x000001325fc7bef0 Uncommon trap: reason=array_check action=maybe_recompile pc=0x000001320db4aab4 method=java.util.LinkedHashMap.valuesToArray([Ljava/lang/Object;Z)[Ljava/lang/Object; @ 67 c2
Event: 423.736 Thread 0x000001325fc7bef0 DEOPT PACKING pc=0x000001320db4aab4 sp=0x0000002645bfd3d0
Event: 423.737 Thread 0x000001325fc7bef0 DEOPT UNPACKING pc=0x000001320d474402 sp=0x0000002645bfd370 mode 2
Event: 423.737 Thread 0x000001325fc7c580 Uncommon trap: reason=array_check action=maybe_recompile pc=0x000001320db4aab4 method=java.util.LinkedHashMap.valuesToArray([Ljava/lang/Object;Z)[Ljava/lang/Object; @ 67 c2
Event: 423.737 Thread 0x000001325fc7c580 DEOPT PACKING pc=0x000001320db4aab4 sp=0x0000002645afd200
Event: 423.737 Thread 0x000001325fc7c580 DEOPT UNPACKING pc=0x000001320d474402 sp=0x0000002645afd1a0 mode 2
Event: 515.134 Thread 0x000001325fc7c580 Uncommon trap: trap_request=0xffffff45 fr.pc=0x000001320db80808 relative=0x0000000000000568
Event: 515.136 Thread 0x000001325fc7c580 Uncommon trap: reason=unstable_if action=reinterpret pc=0x000001320db80808 method=java.util.Properties.load0(Ljava/util/Properties$LineReader;)V @ 79 c2
Event: 515.137 Thread 0x000001325fc7c580 DEOPT PACKING pc=0x000001320db80808 sp=0x0000002645afe8f0
Event: 515.138 Thread 0x000001325fc7c580 DEOPT UNPACKING pc=0x000001320d474402 sp=0x0000002645afe898 mode 2
Event: 755.080 Thread 0x000001325fc7bef0 Uncommon trap: trap_request=0xfffffff4 fr.pc=0x000001320dcdfe2c relative=0x000000000000194c
Event: 755.108 Thread 0x000001325fc7bef0 Uncommon trap: reason=null_check action=make_not_entrant pc=0x000001320dcdfe2c method=com.fasterxml.jackson.databind.introspect.JacksonAnnotationIntrospector.findKeyDeserializer(Lcom/fasterxml/jackson/databind/introspect/Annotated;)Ljava/lang/Object; @ 8 
Event: 755.110 Thread 0x000001325fc7bef0 DEOPT PACKING pc=0x000001320dcdfe2c sp=0x0000002645bfd560
Event: 755.137 Thread 0x000001325fc7bef0 DEOPT UNPACKING pc=0x000001320d474402 sp=0x0000002645bfd4d8 mode 2
Event: 786.701 Thread 0x000001325f38cc70 Uncommon trap: trap_request=0xffffffc6 fr.pc=0x000001320dc3cdf0 relative=0x0000000000001150
Event: 786.705 Thread 0x000001325f38cc70 Uncommon trap: reason=bimorphic_or_optimized_type_check action=maybe_recompile pc=0x000001320dc3cdf0 method=java.util.concurrent.ConcurrentHashMap.putVal(Ljava/lang/Object;Ljava/lang/Object;Z)Ljava/lang/Object; @ 242 c2
Event: 786.709 Thread 0x000001325f38cc70 DEOPT PACKING pc=0x000001320dc3cdf0 sp=0x0000002647cfeb70
Event: 786.716 Thread 0x000001325f38cc70 DEOPT UNPACKING pc=0x000001320d474402 sp=0x0000002647cfeae0 mode 2

Classes loaded (20 events):
Event: 74.076 Loading class java/nio/BufferMismatch
Event: 74.079 Loading class java/nio/BufferMismatch done
Event: 74.081 Loading class sun/nio/ch/SourceChannelImpl
Event: 74.082 Loading class java/nio/channels/Pipe$SourceChannel
Event: 74.082 Loading class java/nio/channels/Pipe$SourceChannel done
Event: 74.082 Loading class sun/nio/ch/SourceChannelImpl done
Event: 74.082 Loading class sun/nio/ch/SinkChannelImpl
Event: 74.082 Loading class java/nio/channels/Pipe$SinkChannel
Event: 74.083 Loading class java/nio/channels/Pipe$SinkChannel done
Event: 74.084 Loading class sun/nio/ch/SinkChannelImpl done
Event: 74.129 Loading class java/util/TreeMap$ValueSpliterator
Event: 74.130 Loading class java/util/TreeMap$TreeMapSpliterator
Event: 74.131 Loading class java/util/TreeMap$TreeMapSpliterator done
Event: 74.131 Loading class java/util/TreeMap$ValueSpliterator done
Event: 74.600 Loading class java/util/IdentityHashMap$KeySpliterator
Event: 74.602 Loading class java/util/IdentityHashMap$IdentityHashMapSpliterator
Event: 74.607 Loading class java/util/IdentityHashMap$IdentityHashMapSpliterator done
Event: 74.607 Loading class java/util/IdentityHashMap$KeySpliterator done
Event: 786.482 Loading class java/util/concurrent/locks/ReentrantReadWriteLock$Sync$HoldCounter
Event: 786.553 Loading class java/util/concurrent/locks/ReentrantReadWriteLock$Sync$HoldCounter done

Classes unloaded (0 events):
No events

Classes redefined (0 events):
No events

Internal exceptions (20 events):
Event: 756.182 Thread 0x000001325fc7bef0 Exception <a 'java/net/ConnectException'{0x00000000cc45cd20}: Connection refused: getsockopt> (0x00000000cc45cd20) 
thrown [s\src\hotspot\share\prims\jni.cpp, line 539]
Event: 756.186 Thread 0x000001325fc7c580 Exception <a 'java/net/ConnectException'{0x00000000cc4a18c8}: Connection refused: getsockopt> (0x00000000cc4a18c8) 
thrown [s\src\hotspot\share\prims\jni.cpp, line 539]
Event: 793.114 Thread 0x000001325fc7bef0 Exception <a 'java/net/ConnectException'{0x00000000cc2ff028}: Connection refused: getsockopt> (0x00000000cc2ff028) 
thrown [s\src\hotspot\share\prims\jni.cpp, line 539]
Event: 793.120 Thread 0x000001325f38cc70 Exception <a 'java/net/ConnectException'{0x00000000cc2cc7d0}: Connection refused: getsockopt> (0x00000000cc2cc7d0) 
thrown [s\src\hotspot\share\prims\jni.cpp, line 539]
Event: 793.129 Thread 0x000001325fc7c580 Exception <a 'java/net/ConnectException'{0x00000000cc1323c0}: Connection refused: getsockopt> (0x00000000cc1323c0) 
thrown [s\src\hotspot\share\prims\jni.cpp, line 539]
Event: 793.149 Thread 0x000001325fc7bef0 Exception <a 'java/net/ConnectException'{0x00000000cc147028}: Connection refused: getsockopt> (0x00000000cc147028) 
thrown [s\src\hotspot\share\prims\jni.cpp, line 539]
Event: 793.158 Thread 0x000001325fc7c580 Exception <a 'java/net/ConnectException'{0x00000000cc133800}: Connection refused: getsockopt> (0x00000000cc133800) 
thrown [s\src\hotspot\share\prims\jni.cpp, line 539]
Event: 793.164 Thread 0x000001325f38cc70 Exception <a 'java/net/ConnectException'{0x00000000cc2cdc10}: Connection refused: getsockopt> (0x00000000cc2cdc10) 
thrown [s\src\hotspot\share\prims\jni.cpp, line 539]
Event: 825.521 Thread 0x000001325fc7bef0 Exception <a 'java/net/ConnectException'{0x00000000cbf76608}: Connection refused: getsockopt> (0x00000000cbf76608) 
thrown [s\src\hotspot\share\prims\jni.cpp, line 539]
Event: 825.521 Thread 0x000001325fc7c580 Exception <a 'java/net/ConnectException'{0x00000000cbfb36d8}: Connection refused: getsockopt> (0x00000000cbfb36d8) 
thrown [s\src\hotspot\share\prims\jni.cpp, line 539]
Event: 825.534 Thread 0x000001325f38cc70 Exception <a 'java/net/ConnectException'{0x00000000cbf4c108}: Connection refused: getsockopt> (0x00000000cbf4c108) 
thrown [s\src\hotspot\share\prims\jni.cpp, line 539]
Event: 825.537 Thread 0x000001325fc7bef0 Exception <a 'java/net/ConnectException'{0x00000000cbfbe5c0}: Connection refused: getsockopt> (0x00000000cbfbe5c0) 
thrown [s\src\hotspot\share\prims\jni.cpp, line 539]
Event: 825.537 Thread 0x000001325f38cc70 Exception <a 'java/net/ConnectException'{0x00000000cbf4d548}: Connection refused: getsockopt> (0x00000000cbf4d548) 
thrown [s\src\hotspot\share\prims\jni.cpp, line 539]
Event: 825.543 Thread 0x000001325fc7c580 Exception <a 'java/net/ConnectException'{0x00000000cbfb4b18}: Connection refused: getsockopt> (0x00000000cbfb4b18) 
thrown [s\src\hotspot\share\prims\jni.cpp, line 539]
Event: 857.268 Thread 0x000001325fc7c580 Exception <a 'java/net/ConnectException'{0x00000000cbd1ffd0}: Connection refused: getsockopt> (0x00000000cbd1ffd0) 
thrown [s\src\hotspot\share\prims\jni.cpp, line 539]
Event: 857.275 Thread 0x000001325fc7c580 Exception <a 'java/net/ConnectException'{0x00000000cbd21410}: Connection refused: getsockopt> (0x00000000cbd21410) 
thrown [s\src\hotspot\share\prims\jni.cpp, line 539]
Event: 859.740 Thread 0x000001325fc7bef0 Exception <a 'java/net/ConnectException'{0x00000000cbc51330}: Connection refused: getsockopt> (0x00000000cbc51330) 
thrown [s\src\hotspot\share\prims\jni.cpp, line 539]
Event: 859.780 Thread 0x000001325fc7bef0 Exception <a 'java/net/ConnectException'{0x00000000cbc52770}: Connection refused: getsockopt> (0x00000000cbc52770) 
thrown [s\src\hotspot\share\prims\jni.cpp, line 539]
Event: 859.965 Thread 0x000001325f38cc70 Exception <a 'java/net/ConnectException'{0x00000000cbc9fb90}: Connection refused: getsockopt> (0x00000000cbc9fb90) 
thrown [s\src\hotspot\share\prims\jni.cpp, line 539]
Event: 859.997 Thread 0x000001325f38cc70 Exception <a 'java/net/ConnectException'{0x00000000cbca0fd0}: Connection refused: getsockopt> (0x00000000cbca0fd0) 
thrown [s\src\hotspot\share\prims\jni.cpp, line 539]

VM Operations (20 events):
Event: 601.315 Executing VM operation: RendezvousGCThreads
Event: 601.315 Executing VM operation: RendezvousGCThreads done
Event: 653.298 Executing VM operation: G1CollectForAllocation (G1 Evacuation Pause)
Event: 653.455 Executing VM operation: G1CollectForAllocation (G1 Evacuation Pause) done
Event: 661.430 Executing VM operation: HandshakeAllThreads (HandshakeForDeflation)
Event: 661.430 Executing VM operation: HandshakeAllThreads (HandshakeForDeflation) done
Event: 661.430 Executing VM operation: RendezvousGCThreads
Event: 661.430 Executing VM operation: RendezvousGCThreads done
Event: 721.592 Executing VM operation: HandshakeAllThreads (HandshakeForDeflation)
Event: 721.595 Executing VM operation: HandshakeAllThreads (HandshakeForDeflation) done
Event: 721.595 Executing VM operation: RendezvousGCThreads
Event: 721.595 Executing VM operation: RendezvousGCThreads done
Event: 781.803 Executing VM operation: HandshakeAllThreads (HandshakeForDeflation)
Event: 781.810 Executing VM operation: HandshakeAllThreads (HandshakeForDeflation) done
Event: 781.810 Executing VM operation: RendezvousGCThreads
Event: 781.810 Executing VM operation: RendezvousGCThreads done
Event: 841.878 Executing VM operation: HandshakeAllThreads (HandshakeForDeflation)
Event: 841.881 Executing VM operation: HandshakeAllThreads (HandshakeForDeflation) done
Event: 841.881 Executing VM operation: RendezvousGCThreads
Event: 841.881 Executing VM operation: RendezvousGCThreads done

Memory protections (0 events):
No events

Nmethod flushes (20 events):
Event: 238.236 Thread 0x00000132183fb080 flushing  nmethod 0x00000132064bc688
Event: 238.236 Thread 0x00000132183fb080 flushing  nmethod 0x00000132064cac88
Event: 238.237 Thread 0x00000132183fb080 flushing  nmethod 0x00000132064cbe88
Event: 238.237 Thread 0x00000132183fb080 flushing  nmethod 0x0000013206504088
Event: 238.237 Thread 0x00000132183fb080 flushing  nmethod 0x0000013206517c88
Event: 238.237 Thread 0x00000132183fb080 flushing  nmethod 0x0000013206518a88
Event: 238.237 Thread 0x00000132183fb080 flushing  nmethod 0x00000132065a4208
Event: 238.237 Thread 0x00000132183fb080 flushing  nmethod 0x00000132065a4e88
Event: 238.238 Thread 0x00000132183fb080 flushing  nmethod 0x00000132065d3b08
Event: 238.238 Thread 0x00000132183fb080 flushing  nmethod 0x00000132065d3e88
Event: 238.238 Thread 0x00000132183fb080 flushing  nmethod 0x00000132065d4d08
Event: 238.238 Thread 0x00000132183fb080 flushing  nmethod 0x00000132065d5508
Event: 238.238 Thread 0x00000132183fb080 flushing  nmethod 0x0000013206602488
Event: 238.238 Thread 0x00000132183fb080 flushing  nmethod 0x0000013206608e08
Event: 238.238 Thread 0x00000132183fb080 flushing  nmethod 0x0000013206659e08
Event: 238.238 Thread 0x00000132183fb080 flushing  nmethod 0x000001320670c708
Event: 238.238 Thread 0x00000132183fb080 flushing  nmethod 0x000001320670ce88
Event: 238.238 Thread 0x00000132183fb080 flushing  nmethod 0x0000013206716f88
Event: 238.238 Thread 0x00000132183fb080 flushing  nmethod 0x0000013206717908
Event: 238.238 Thread 0x00000132183fb080 flushing  nmethod 0x000001320671ed08

Events (20 events):
Event: 74.001 Thread 0x00000132021d17d0 Thread added: 0x000001325fc01e10
Event: 74.001 Thread 0x00000132021d17d0 Thread added: 0x000001325fc769a0
Event: 74.002 Thread 0x00000132021d17d0 Thread added: 0x000001325fc77030
Event: 74.002 Thread 0x00000132021d17d0 Thread added: 0x000001325fc776c0
Event: 74.003 Thread 0x00000132021d17d0 Thread added: 0x000001325fc79790
Event: 74.003 Thread 0x00000132021d17d0 Thread added: 0x000001325fc79e20
Event: 74.004 Thread 0x00000132021d17d0 Thread added: 0x000001325fc78a70
Event: 74.005 Thread 0x00000132021d17d0 Thread added: 0x000001325fc783e0
Event: 74.005 Thread 0x00000132021d17d0 Thread added: 0x000001325fc7b1d0
Event: 74.093 Thread 0x00000132021d17d0 Thread added: 0x000001325fc79100
Event: 74.112 Thread 0x00000132021d17d0 Thread added: 0x000001325fc7a4b0
Event: 74.636 Thread 0x00000132021d17d0 Thread exited: 0x00000132021d17d0
Event: 74.636 Thread 0x000001325fc77d50 Thread added: 0x000001325fc77d50
Event: 104.527 Thread 0x000001325f38bf50 Thread added: 0x000001325fc7c580
Event: 104.685 Thread 0x000001325f38a510 Thread added: 0x000001325fc7bef0
Event: 362.445 Thread 0x000001325f38c5e0 Thread added: 0x000001325fc7b860
Event: 653.521 Thread 0x000001321841ef90 Thread added: 0x000001325e38f7c0
Event: 658.632 Thread 0x000001325e38f7c0 Thread exited: 0x000001325e38f7c0
Event: 684.344 Thread 0x0000013218492a50 Thread added: 0x000001325e38d5b0
Event: 689.364 Thread 0x000001325e38d5b0 Thread exited: 0x000001325e38d5b0


Dynamic libraries:
0x00007ff748680000 - 0x00007ff74868e000 	C:\Users\likha\.p2\pool\plugins\org.eclipse.justj.openjdk.hotspot.jre.full.win32.x86_64_23.0.2.v20250131-0604\jre\bin\javaw.exe
0x00007ffb57d40000 - 0x00007ffb57fa9000 	C:\WINDOWS\SYSTEM32\ntdll.dll
0x00007ffb56100000 - 0x00007ffb561c9000 	C:\WINDOWS\System32\KERNEL32.DLL
0x00007ffb55710000 - 0x00007ffb55b03000 	C:\WINDOWS\System32\KERNELBASE.dll
0x00007ffb55440000 - 0x00007ffb5558b000 	C:\WINDOWS\System32\ucrtbase.dll
0x00007ffb4b700000 - 0x00007ffb4b717000 	C:\Users\likha\.p2\pool\plugins\org.eclipse.justj.openjdk.hotspot.jre.full.win32.x86_64_23.0.2.v20250131-0604\jre\bin\jli.dll
0x00007ffb55b10000 - 0x00007ffb55cd4000 	C:\WINDOWS\System32\USER32.dll
0x00007ffb55370000 - 0x00007ffb55397000 	C:\WINDOWS\System32\win32u.dll
0x00007ffb561d0000 - 0x00007ffb561fb000 	C:\WINDOWS\System32\GDI32.dll
0x00007ffb54ed0000 - 0x00007ffb54ffd000 	C:\WINDOWS\System32\gdi32full.dll
0x00007ffb552c0000 - 0x00007ffb55363000 	C:\WINDOWS\System32\msvcp_win.dll
0x00007ffb4b6e0000 - 0x00007ffb4b6fe000 	C:\Users\likha\.p2\pool\plugins\org.eclipse.justj.openjdk.hotspot.jre.full.win32.x86_64_23.0.2.v20250131-0604\jre\bin\VCRUNTIME140.dll
0x00007ffb3c740000 - 0x00007ffb3c9d3000 	C:\WINDOWS\WinSxS\amd64_microsoft.windows.common-controls_6595b64144ccf1df_6.0.26100.5074_none_3e0d6f78e32fd63f\COMCTL32.dll
0x00007ffb57bd0000 - 0x00007ffb57c79000 	C:\WINDOWS\System32\msvcrt.dll
0x00007ffb57570000 - 0x00007ffb5759f000 	C:\WINDOWS\System32\IMM32.DLL
0x00007ffb4a450000 - 0x00007ffb4a45c000 	C:\Users\likha\.p2\pool\plugins\org.eclipse.justj.openjdk.hotspot.jre.full.win32.x86_64_23.0.2.v20250131-0604\jre\bin\vcruntime140_1.dll
0x00007ffafc260000 - 0x00007ffafc2ed000 	C:\Users\likha\.p2\pool\plugins\org.eclipse.justj.openjdk.hotspot.jre.full.win32.x86_64_23.0.2.v20250131-0604\jre\bin\msvcp140.dll
0x00007ffad1e30000 - 0x00007ffad2bfe000 	C:\Users\likha\.p2\pool\plugins\org.eclipse.justj.openjdk.hotspot.jre.full.win32.x86_64_23.0.2.v20250131-0604\jre\bin\server\jvm.dll
0x00007ffb55fc0000 - 0x00007ffb56074000 	C:\WINDOWS\System32\ADVAPI32.dll
0x00007ffb57a10000 - 0x00007ffb57ab6000 	C:\WINDOWS\System32\sechost.dll
0x00007ffb578a0000 - 0x00007ffb579b8000 	C:\WINDOWS\System32\RPCRT4.dll
0x00007ffb57820000 - 0x00007ffb57894000 	C:\WINDOWS\System32\WS2_32.dll
0x00007ffb4e0c0000 - 0x00007ffb4e0f5000 	C:\WINDOWS\SYSTEM32\WINMM.dll
0x00007ffb54d50000 - 0x00007ffb54dae000 	C:\WINDOWS\SYSTEM32\POWRPROF.dll
0x00007ffb4e100000 - 0x00007ffb4e10b000 	C:\WINDOWS\SYSTEM32\VERSION.dll
0x00007ffb54d10000 - 0x00007ffb54d24000 	C:\WINDOWS\SYSTEM32\UMPDC.dll
0x00007ffb53cb0000 - 0x00007ffb53ccb000 	C:\WINDOWS\SYSTEM32\kernel.appcore.dll
0x00007ffb2da20000 - 0x00007ffb2da2a000 	C:\Users\likha\.p2\pool\plugins\org.eclipse.justj.openjdk.hotspot.jre.full.win32.x86_64_23.0.2.v20250131-0604\jre\bin\jimage.dll
0x00007ffb47910000 - 0x00007ffb47b52000 	C:\WINDOWS\SYSTEM32\DBGHELP.DLL
0x00007ffb56d60000 - 0x00007ffb570db000 	C:\WINDOWS\System32\combase.dll
0x00007ffb57af0000 - 0x00007ffb57bc7000 	C:\WINDOWS\System32\OLEAUT32.dll
0x00007ffb3aeb0000 - 0x00007ffb3aeed000 	C:\WINDOWS\SYSTEM32\dbgcore.DLL
0x00007ffb553a0000 - 0x00007ffb55439000 	C:\WINDOWS\System32\bcryptPrimitives.dll
0x00007ffb2ce30000 - 0x00007ffb2ce4e000 	C:\Users\likha\.p2\pool\plugins\org.eclipse.justj.openjdk.hotspot.jre.full.win32.x86_64_23.0.2.v20250131-0604\jre\bin\java.dll
0x00007ffb575c0000 - 0x00007ffb57758000 	C:\WINDOWS\System32\ole32.dll
0x00007ffb56610000 - 0x00007ffb56d5d000 	C:\WINDOWS\System32\SHELL32.dll
0x00007ffb55150000 - 0x00007ffb552bc000 	C:\WINDOWS\System32\wintypes.dll
0x00007ffb52b20000 - 0x00007ffb53379000 	C:\WINDOWS\SYSTEM32\windows.storage.dll
0x00007ffb56200000 - 0x00007ffb562f0000 	C:\WINDOWS\System32\SHCORE.dll
0x00007ffb55ec0000 - 0x00007ffb55f22000 	C:\WINDOWS\System32\shlwapi.dll
0x00007ffb54df0000 - 0x00007ffb54e19000 	C:\WINDOWS\SYSTEM32\profapi.dll
0x00007ffb2ce10000 - 0x00007ffb2ce27000 	C:\Users\likha\.p2\pool\plugins\org.eclipse.justj.openjdk.hotspot.jre.full.win32.x86_64_23.0.2.v20250131-0604\jre\bin\zip.dll
0x00007ffb2ce00000 - 0x00007ffb2ce10000 	C:\Users\likha\.p2\pool\plugins\org.eclipse.justj.openjdk.hotspot.jre.full.win32.x86_64_23.0.2.v20250131-0604\jre\bin\net.dll
0x00007ffb54230000 - 0x00007ffb5429b000 	C:\WINDOWS\system32\mswsock.dll
0x00007ffb2c5a0000 - 0x00007ffb2c5b6000 	C:\Users\likha\.p2\pool\plugins\org.eclipse.justj.openjdk.hotspot.jre.full.win32.x86_64_23.0.2.v20250131-0604\jre\bin\nio.dll
0x00007ffb536d0000 - 0x00007ffb53704000 	C:\WINDOWS\SYSTEM32\IPHLPAPI.DLL
0x00007ffb57ae0000 - 0x00007ffb57aea000 	C:\WINDOWS\System32\NSI.dll
0x00007ffb53770000 - 0x00007ffb53896000 	C:\WINDOWS\SYSTEM32\DNSAPI.dll
0x00007ffb4bc40000 - 0x00007ffb4bc4b000 	C:\Windows\System32\rasadhlp.dll
0x00007ffb48c30000 - 0x00007ffb48cb6000 	C:\WINDOWS\System32\fwpuclnt.dll
0x00007ffb38bd0000 - 0x00007ffb38bde000 	C:\Users\likha\.p2\pool\plugins\org.eclipse.justj.openjdk.hotspot.jre.full.win32.x86_64_23.0.2.v20250131-0604\jre\bin\sunmscapi.dll
0x00007ffb55590000 - 0x00007ffb55707000 	C:\WINDOWS\System32\CRYPT32.dll
0x00007ffb546f0000 - 0x00007ffb54720000 	C:\WINDOWS\SYSTEM32\ncrypt.dll
0x00007ffb546a0000 - 0x00007ffb546df000 	C:\WINDOWS\SYSTEM32\NTASN1.dll
0x00007ffb544d0000 - 0x00007ffb544eb000 	C:\WINDOWS\SYSTEM32\CRYPTSP.dll
0x00007ffb53c10000 - 0x00007ffb53c4b000 	C:\WINDOWS\system32\rsaenh.dll
0x00007ffb542d0000 - 0x00007ffb542fb000 	C:\WINDOWS\SYSTEM32\USERENV.dll
0x00007ffb54dc0000 - 0x00007ffb54de6000 	C:\WINDOWS\SYSTEM32\bcrypt.dll
0x00007ffb544f0000 - 0x00007ffb544fc000 	C:\WINDOWS\SYSTEM32\CRYPTBASE.dll
0x00007ffb35b20000 - 0x00007ffb35b2a000 	C:\Users\likha\.p2\pool\plugins\org.eclipse.justj.openjdk.hotspot.jre.full.win32.x86_64_23.0.2.v20250131-0604\jre\bin\management.dll
0x00007ffb35b10000 - 0x00007ffb35b1b000 	C:\Users\likha\.p2\pool\plugins\org.eclipse.justj.openjdk.hotspot.jre.full.win32.x86_64_23.0.2.v20250131-0604\jre\bin\management_ext.dll
0x00007ffb57ac0000 - 0x00007ffb57ac8000 	C:\WINDOWS\System32\PSAPI.DLL
0x00007ffb38b80000 - 0x00007ffb38b90000 	C:\Users\likha\.p2\pool\plugins\org.eclipse.justj.openjdk.hotspot.jre.full.win32.x86_64_23.0.2.v20250131-0604\jre\bin\verify.dll
0x00007ffb4a870000 - 0x00007ffb4a879000 	C:\Users\likha\.p2\pool\plugins\org.eclipse.justj.openjdk.hotspot.jre.full.win32.x86_64_23.0.2.v20250131-0604\jre\bin\extnet.dll
0x00007ffb4a440000 - 0x00007ffb4a448000 	C:\WINDOWS\system32\wshunix.dll

dbghelp: loaded successfully - version: 4.0.5 - missing functions: none
symbol engine: initialized successfully - sym options: 0x614 - pdb path: .;C:\Users\likha\.p2\pool\plugins\org.eclipse.justj.openjdk.hotspot.jre.full.win32.x86_64_23.0.2.v20250131-0604\jre\bin;C:\WINDOWS\SYSTEM32;C:\WINDOWS\WinSxS\amd64_microsoft.windows.common-controls_6595b64144ccf1df_6.0.26100.5074_none_3e0d6f78e32fd63f;C:\Users\likha\.p2\pool\plugins\org.eclipse.justj.openjdk.hotspot.jre.full.win32.x86_64_23.0.2.v20250131-0604\jre\bin\server

VM Arguments:
jvm_args: -Dfile.encoding=UTF-8 -Dstdout.encoding=UTF-8 -Dstderr.encoding=UTF-8 -XX:+ShowCodeDetailsInExceptionMessages 
java_command: com.playstore.notification_service.NotificationServiceApplication
java_class_path (initial): D:\Avaj\Java Full Stack Development\play-store\notification-service\target\classes;C:\Users\likha\.m2\repository\org\springframework\boot\spring-boot-starter-web\3.2.1\spring-boot-starter-web-3.2.1.jar;C:\Users\likha\.m2\repository\org\springframework\boot\spring-boot-starter\3.2.1\spring-boot-starter-3.2.1.jar;C:\Users\likha\.m2\repository\org\springframework\boot\spring-boot\3.2.1\spring-boot-3.2.1.jar;C:\Users\likha\.m2\repository\org\springframework\boot\spring-boot-autoconfigure\3.2.1\spring-boot-autoconfigure-3.2.1.jar;C:\Users\likha\.m2\repository\org\springframework\boot\spring-boot-starter-logging\3.2.1\spring-boot-starter-logging-3.2.1.jar;C:\Users\likha\.m2\repository\ch\qos\logback\logback-classic\1.4.14\logback-classic-1.4.14.jar;C:\Users\likha\.m2\repository\ch\qos\logback\logback-core\1.4.14\logback-core-1.4.14.jar;C:\Users\likha\.m2\repository\org\apache\logging\log4j\log4j-to-slf4j\2.21.1\log4j-to-slf4j-2.21.1.jar;C:\Users\likha\.m2\repository\org\apache\logging\log4j\log4j-api\2.21.1\log4j-api-2.21.1.jar;C:\Users\likha\.m2\repository\org\slf4j\jul-to-slf4j\2.0.9\jul-to-slf4j-2.0.9.jar;C:\Users\likha\.m2\repository\jakarta\annotation\jakarta.annotation-api\2.1.1\jakarta.annotation-api-2.1.1.jar;C:\Users\likha\.m2\repository\org\yaml\snakeyaml\2.2\snakeyaml-2.2.jar;C:\Users\likha\.m2\repository\org\springframework\boot\spring-boot-starter-json\3.2.1\spring-boot-starter-json-3.2.1.jar;C:\Users\likha\.m2\repository\com\fasterxml\jackson\core\jackson-databind\2.15.3\jackson-databind-2.15.3.jar;C:\Users\likha\.m2\repository\com\fasterxml\jackson\datatype\jackson-datatype-jdk8\2.15.3\jackson-datatype-jdk8-2.15.3.jar;C:\Users\likha\.m2\repository\com\fasterxml\jackson\datatype\jackson-datatype-jsr310\2.15.3\jackson-datatype-jsr310-2.15.3.jar;C:\Users\likha\.m2\repository\com\fasterxml\jackson\module\jackson-module-parameter-names\2.15.3\jackson-module-parameter-names-2.15.3.jar;C:\Users\likha\.m2\repository\org\springframework\boot\spring-boot-starter-tomcat\3.2.1\spring-boot-starter-tomcat-3.2.1.jar;C:\Users\likha\.m2\repository\org\apache\tomcat\embed\tomcat-embed-core\10.1.17\tomcat-embed-core-10.1.17.jar;C:\Users\likha\.m2\repository\org\apache\tomcat\embed\tomcat-embed-websocket\10.1.17\tomcat-embed-websocket-10.1.17.jar;C:\Users\likha\.m2\repository\org\springframework\spring-web\6.1.2\spring-web-6.1.2.jar;C:\Users\likha\.m2\repository\org\springframework\spring-beans\6.1.2\spring-beans-6.1.2.jar;C:\Users\likha\.m2\repository\io\micrometer\micrometer-observation\1.12.1\micrometer-observation-1.12.1.jar;C:\Users\likha\.m2\repository\io\micrometer\micrometer-commons\1.12.1\micrometer-commons-1.12.1.jar;C:\Users\likha\.m2\repository\org\springframework\spring-webmvc\6.1.2\spring-webmvc-6.1.2.jar;C:\Users\likha\.m2\repository\org\springframework\spring-aop\6.1.2\spring-aop-6.1.2.jar;C:\Users\likha\.m2\repository\org\springframework\spring-context\6.1.2\spring-context-6.1.2.jar;C:\Users\likha\.m2\repository\org\springframework\spring-expression\6.1.2\spring-expression-6.1.2.jar;C:\Users\likha\.m2\repository\org\springframework\boot\spring-boot-starter-data-jpa\3.2.1\spring-boot-starter-data-jpa-3.2.1.jar;C:\Users\likha\.m2\repository\org\springframework\boot\spring-boot-starter-aop\3.2.1\spring-boot-starter-aop-3.2.1.jar;C:\Users\likha\.m2\repository\org\aspectj\aspectjweaver\1.9.21\aspectjweaver-1.9.21.jar;C:\Users\likha\.m2\repository\org\springframework\boot\spring-boot-starter-jdbc\3.2.1\spring-boot-starter-jdbc-3.2.1.jar;C:\Users\likha\.m2\repository\com\zaxxer\HikariCP\5.0.1\HikariCP-5.0.1.jar;C:\Users\likha\.m2\repository\org\springframework\spring-jdbc\6.1.2\spring-jdbc-6.1.2.jar;C:\Users\likha\.m2\repository\org\hibernate\orm\hibernate-core\6.4.1.Final\hibernate-core-6.4.1.Final.jar;C:\Users\likha\.m2\repository\jakarta\persistence\jakarta.persistence-api\3.1.0\jakarta.persistence-api-3.1.0.jar;C:\Users\likha\.m2\repository\jakarta\transaction\jakarta.transaction-api\2.0.1\jakarta.transaction-api-2.0.1.jar;C:\Users\likha\.m2\repository\org\jboss\logging\jboss-logging\3.5.3.Final\jboss-logging-3.5.3.Final.jar;C:\Users\likha\.m2\repository\org\hibernate\common\hibernate-commons-annotations\6.0.6.Final\hibernate-commons-annotations-6.0.6.Final.jar;C:\Users\likha\.m2\repository\io\smallrye\jandex\3.1.2\jandex-3.1.2.jar;C:\Users\likha\.m2\repository\com\fasterxml\classmate\1.6.0\classmate-1.6.0.jar;C:\Users\likha\.m2\repository\net\bytebuddy\byte-buddy\1.14.10\byte-buddy-1.14.10.jar;C:\Users\likha\.m2\repository\org\glassfish\jaxb\jaxb-runtime\4.0.4\jaxb-runtime-4.0.4.jar;C:\Users\likha\.m2\repository\org\glassfish\jaxb\jaxb-core\4.0.4\jaxb-core-4.0.4.jar;C:\Users\likha\.m2\repository\org\glassfish\jaxb\txw2\4.0.4\txw2-4.0.4.jar;C:\Users\likha\.m2\repository\com\sun\istack\istack-commons-runtime\4.1.2\istack-commons-runtime-4.1.2.jar;C:\Users\likha\.m2\repository\jakarta\inject\jakarta.inject-api\2.0.1\jakarta.inject-api-2.0.1.jar;C:\Users\likha\.m2\repository\org\antlr\antlr4-runtime\4.13.0\antlr4-runtime-4.13.0.jar;C:\Users\likha\.m2\repository\org\springframework\data\spring-data-jpa\3.2.1\spring-data-jpa-3.2.1.jar;C:\Users\likha\.m2\repository\org\springframework\data\spring-data-commons\3.2.1\spring-data-commons-3.2.1.jar;C:\Users\likha\.m2\repository\org\springframework\spring-orm\6.1.2\spring-orm-6.1.2.jar;C:\Users\likha\.m2\repository\org\springframework\spring-tx\6.1.2\spring-tx-6.1.2.jar;C:\Users\likha\.m2\repository\org\slf4j\slf4j-api\2.0.9\slf4j-api-2.0.9.jar;C:\Users\likha\.m2\repository\org\springframework\spring-aspects\6.1.2\spring-aspects-6.1.2.jar;C:\Users\likha\.m2\repository\org\springframework\cloud\spring-cloud-starter-netflix-eureka-client\4.1.0\spring-cloud-starter-netflix-eureka-client-4.1.0.jar;C:\Users\likha\.m2\repository\org\springframework\cloud\spring-cloud-starter\4.1.0\spring-cloud-starter-4.1.0.jar;C:\Users\likha\.m2\repository\org\springframework\cloud\spring-cloud-context\4.1.0\spring-cloud-context-4.1.0.jar;C:\Users\likha\.m2\repository\org\springframework\security\spring-security-crypto\6.2.1\spring-security-crypto-6.2.1.jar;C:\Users\likha\.m2\repository\org\springframework\cloud\spring-cloud-commons\4.1.0\spring-cloud-commons-4.1.0.jar;C:\Users\likha\.m2\repository\org\springframework\security\spring-security-rsa\1.1.1\spring-security-rsa-1.1.1.jar;C:\Users\likha\.m2\repository\org\bouncycastle\bcprov-jdk18on\1.74\bcprov-jdk18on-1.74.jar;C:\Users\likha\.m2\repository\org\springframework\cloud\spring-cloud-netflix-eureka-client\4.1.0\spring-cloud-netflix-eureka-client-4.1.0.jar;C:\Users\likha\.m2\repository\org\apache\httpcomponents\client5\httpclient5\5.2.3\httpclient5-5.2.3.jar;C:\Users\likha\.m2\repository\org\apache\httpcomponents\core5\httpcore5\5.2.4\httpcore5-5.2.4.jar;C:\Users\likha\.m2\repository\org\apache\httpcomponents\core5\httpcore5-h2\5.2.4\httpcore5-h2-5.2.4.jar;C:\Users\likha\.m2\repository\com\netflix\eureka\eureka-client\2.0.1\eureka-client-2.0.1.jar;C:\Users\likha\.m2\repository\com\netflix\netflix-commons\netflix-eventbus\0.3.0\netflix-eventbus-0.3.0.jar;C:\Users\likha\.m2\repository\com\netflix\netflix-commons\netflix-infix\0.3.0\netflix-infix-0.3.0.jar;C:\Users\likha\.m2\repository\commons-jxpath\commons-jxpath\1.3\commons-jxpath-1.3.jar;C:\Users\likha\.m2\repository\joda-time\joda-time\2.3\joda-time-2.3.jar;C:\Users\likha\.m2\repository\org\antlr\antlr-runtime\3.4\antlr-runtime-3.4.jar;C:\Users\likha\.m2\repository\org\antlr\stringtemplate\3.2.1\stringtemplate-3.2.1.jar;C:\Users\likha\.m2\repository\antlr\antlr\2.7.7\antlr-2.7.7.jar;C:\Users\likha\.m2\repository\com\google\code\gson\gson\2.10.1\gson-2.10.1.jar;C:\Users\likha\.m2\repository\org\apache\commons\commons-math\2.2\commons-math-2.2.jar;C:\Users\likha\.m2\repository\com\thoughtworks\xstream\xstream\1.4.19\xstream-1.4.19.jar;C:\Users\likha\.m2\repository\io\github\x-stream\mxparser\1.2.2\mxparser-1.2.2.jar;C:\Users\likha\.m2\repository\xmlpull\xmlpull\1.1.3.1\xmlpull-1.1.3.1.jar;C:\Users\likha\.m2\repository\jakarta\ws\rs\jakarta.ws.rs-api\3.1.0\jakarta.ws.rs-api-3.1.0.jar;C:\Users\likha\.m2\repository\com\netflix\servo\servo-core\0.12.21\servo-core-0.12.21.jar;C:\Users\likha\.m2\repository\com\google\guava\guava\19.0\guava-19.0.jar;C:\Users\likha\.m2\repository\org\apache\httpcomponents\httpclient\4.5.3\httpclient-4.5.3.jar;C:\Users\likha\.m2\repository\org\apache\httpcomponents\httpcore\4.4.16\httpcore-4.4.16.jar;C:\Users\likha\.m2\repository\commons-codec\commons-codec\1.16.0\commons-codec-1.16.0.jar;C:\Users\likha\.m2\repository\commons-configuration\commons-configuration\1.10\commons-configuration-1.10.jar;C:\Users\likha\.m2\repository\commons-lang\commons-lang\2.6\commons-lang-2.6.jar;C:\Users\likha\.m2\repository\com\fasterxml\jackson\core\jackson-annotations\2.15.3\jackson-annotations-2.15.3.jar;C:\Users\likha\.m2\repository\com\fasterxml\jackson\core\jackson-core\2.15.3\jackson-core-2.15.3.jar;C:\Users\likha\.m2\repository\org\codehaus\jettison\jettison\1.4.0\jettison-1.4.0.jar;C:\Users\likha\.m2\repository\com\netflix\eureka\eureka-core\2.0.1\eureka-core-2.0.1.jar;C:\Users\likha\.m2\repository\com\fasterxml\woodstox\woodstox-core\6.2.1\woodstox-core-6.2.1.jar;C:\Users\likha\.m2\repository\org\codehaus\woodstox\stax2-api\4.2.1\stax2-api-4.2.1.jar;C:\Users\likha\.m2\repository\org\springframework\cloud\spring-cloud-starter-loadbalancer\4.1.0\spring-cloud-starter-loadbalancer-4.1.0.jar;C:\Users\likha\.m2\repository\org\springframework\cloud\spring-cloud-loadbalancer\4.1.0\spring-cloud-loadbalancer-4.1.0.jar;C:\Users\likha\.m2\repository\io\projectreactor\reactor-core\3.6.1\reactor-core-3.6.1.jar;C:\Users\likha\.m2\repository\org\reactivestreams\reactive-streams\1.0.4\reactive-streams-1.0.4.jar;C:\Users\likha\.m2\repository\io\projectreactor\addons\reactor-extra\3.5.1\reactor-extra-3.5.1.jar;C:\Users\likha\.m2\repository\org\springframework\boot\spring-boot-starter-cache\3.2.1\spring-boot-starter-cache-3.2.1.jar;C:\Users\likha\.m2\repository\com\stoyanr\evictor\1.0.0\evictor-1.0.0.jar;C:\Users\likha\.m2\repository\org\springframework\boot\spring-boot-starter-mail\3.2.1\spring-boot-starter-mail-3.2.1.jar;C:\Users\likha\.m2\repository\org\springframework\spring-context-support\6.1.2\spring-context-support-6.1.2.jar;C:\Users\likha\.m2\repository\org\eclipse\angus\jakarta.mail\2.0.2\jakarta.mail-2.0.2.jar;C:\Users\likha\.m2\repository\jakarta\activation\jakarta.activation-api\2.1.2\jakarta.activation-api-2.1.2.jar;C:\Users\likha\.m2\repository\org\eclipse\angus\angus-activation\2.0.1\angus-activation-2.0.1.jar;C:\Users\likha\.m2\repository\com\h2database\h2\2.2.224\h2-2.2.224.jar;C:\Users\likha\.m2\repository\org\springdoc\springdoc-openapi-starter-webmvc-ui\2.2.0\springdoc-openapi-starter-webmvc-ui-2.2.0.jar;C:\Users\likha\.m2\repository\org\springdoc\springdoc-openapi-starter-webmvc-api\2.2.0\springdoc-openapi-starter-webmvc-api-2.2.0.jar;C:\Users\likha\.m2\repository\org\springdoc\springdoc-openapi-starter-common\2.2.0\springdoc-openapi-starter-common-2.2.0.jar;C:\Users\likha\.m2\repository\io\swagger\core\v3\swagger-core-jakarta\2.2.15\swagger-core-jakarta-2.2.15.jar;C:\Users\likha\.m2\repository\org\apache\commons\commons-lang3\3.13.0\commons-lang3-3.13.0.jar;C:\Users\likha\.m2\repository\io\swagger\core\v3\swagger-annotations-jakarta\2.2.15\swagger-annotations-jakarta-2.2.15.jar;C:\Users\likha\.m2\repository\io\swagger\core\v3\swagger-models-jakarta\2.2.15\swagger-models-jakarta-2.2.15.jar;C:\Users\likha\.m2\repository\com\fasterxml\jackson\dataformat\jackson-dataformat-yaml\2.15.3\jackson-dataformat-yaml-2.15.3.jar;C:\Users\likha\.m2\repository\org\webjars\swagger-ui\5.2.0\swagger-ui-5.2.0.jar;C:\Users\likha\.m2\repository\org\springframework\boot\spring-boot-starter-validation\3.2.1\spring-boot-starter-validation-3.2.1.jar;C:\Users\likha\.m2\repository\org\apache\tomcat\embed\tomcat-embed-el\10.1.17\tomcat-embed-el-10.1.17.jar;C:\Users\likha\.m2\repository\org\hibernate\validator\hibernate-validator\8.0.1.Final\hibernate-validator-8.0.1.Final.jar;C:\Users\likha\.m2\repository\jakarta\validation\jakarta.validation-api\3.0.2\jakarta.validation-api-3.0.2.jar;C:\Users\likha\.m2\repository\jakarta\xml\bind\jakarta.xml.bind-api\4.0.1\jakarta.xml.bind-api-4.0.1.jar;C:\Users\likha\.m2\repository\org\springframework\spring-core\6.1.2\spring-core-6.1.2.jar;C:\Users\likha\.m2\repository\org\springframework\spring-jcl\6.1.2\spring-jcl-6.1.2.jar
Launcher Type: SUN_STANDARD

[Global flags]
     intx CICompilerCount                          = 3                                         {product} {ergonomic}
     uint ConcGCThreads                            = 1                                         {product} {ergonomic}
     uint G1ConcRefinementThreads                  = 4                                         {product} {ergonomic}
   size_t G1HeapRegionSize                         = 1048576                                   {product} {ergonomic}
   size_t InitialHeapSize                          = 58720256                                  {product} {ergonomic}
   size_t MarkStackSize                            = 4194304                                   {product} {ergonomic}
   size_t MarkStackSizeMax                         = 536870912                                 {product} {ergonomic}
   size_t MaxHeapSize                              = 924844032                                 {product} {ergonomic}
   size_t MaxNewSize                               = 554696704                                 {product} {ergonomic}
   size_t MinHeapDeltaBytes                        = 1048576                                   {product} {ergonomic}
   size_t MinHeapSize                              = 8388608                                   {product} {ergonomic}
    uintx NonNMethodCodeHeapSize                   = 5832704                                {pd product} {ergonomic}
    uintx NonProfiledCodeHeapSize                  = 122945536                              {pd product} {ergonomic}
    uintx ProfiledCodeHeapSize                     = 122880000                              {pd product} {ergonomic}
    uintx ReservedCodeCacheSize                    = 251658240                              {pd product} {ergonomic}
     bool SegmentedCodeCache                       = true                                      {product} {ergonomic}
     bool ShowCodeDetailsInExceptionMessages       = true                                   {manageable} {command line}
   size_t SoftMaxHeapSize                          = 924844032                              {manageable} {ergonomic}
     bool UseCompressedOops                        = true                           {product lp64_product} {ergonomic}
     bool UseG1GC                                  = true                                      {product} {ergonomic}
     bool UseLargePagesIndividualAllocation        = false                                  {pd product} {ergonomic}

Logging:
Log output configuration:
 #0: stdout all=warning uptime,level,tags foldmultilines=false
 #1: stderr all=off uptime,level,tags foldmultilines=false

Environment Variables:
PATH=C:/Users/likha/.p2/pool/plugins/org.eclipse.justj.openjdk.hotspot.jre.full.win32.x86_64_23.0.2.v20250131-0604/jre/bin/server;C:/Users/likha/.p2/pool/plugins/org.eclipse.justj.openjdk.hotspot.jre.full.win32.x86_64_23.0.2.v20250131-0604/jre/bin;C:\Program Files\Common Files\Oracle\Java\javapath;C:\WINDOWS\system32;C:\WINDOWS;C:\WINDOWS\System32\Wbem;C:\WINDOWS\System32\WindowsPowerShell\v1.0\;C:\WINDOWS\System32\OpenSSH\;C:\Program Files\nodejs\;C:\Program Files (x86)\Windows Kits\10\Windows Performance Toolkit\;C:\Program Files\Git\cmd;C:\Program Files\CMake\bin;C:\ProgramData\chocolatey\bin;c:\Users\likha\AppData\Local\Programs\cursor\resources\app\bin;C:\Program Files\dotnet\;C:\composer;C:\Users\likha\AppData\Local\Programs\Python\Launcher\;C:\Users\likha\AppData\Local\Programs\Python\Python38\Scripts\;C:\Users\likha\AppData\Local\Programs\Python\Python38\;C:\Users\likha\AppData\Local\Microsoft\WindowsApps;C:\Users\likha\AppData\Local\JetBrains\Toolbox\scripts;C:\Users\likha\AppData\Roaming\npm;C:\Users\likha\AppData\Local\Programs\Microsoft VS Code\bin;C:\Program Files\nodejs;C:\Program Files\CMake\bin;C:\flutter\bin;C:\platform-tools;C:\xampp\php-8.2.29;C:\Users\likha\AppData\Roaming\Composer\vendor\bin;C:\Users\likha\Downloads\maven-mvnd-1.0.2-windows-amd64\maven-mvnd-1.0.2-windows-amd64\mvn\bin;;C:\WINDOWS\system32;
USERNAME=likha
OS=Windows_NT
PROCESSOR_IDENTIFIER=AMD64 Family 23 Model 24 Stepping 1, AuthenticAMD
TMP=C:\Users\likha\AppData\Local\Temp
TEMP=C:\Users\likha\AppData\Local\Temp




Periodic native trim disabled

---------------  S Y S T E M  ---------------

OS:
 Windows 11 , 64 bit Build 26100 (10.0.26100.5074)
OS uptime: 0 days 8:36 hours
Hyper-V role detected

CPU: total 4 (initial active 4) (4 cores per cpu, 1 threads per core) family 23 model 24 stepping 1 microcode 0x8108109, cx8, cmov, fxsr, mmx, 3dnowpref, sse, sse2, sse3, ssse3, sse4a, sse4.1, sse4.2, popcnt, lzcnt, tsc, tscinvbit, avx, avx2, aes, clmul, bmi1, bmi2, adx, sha, fma, vzeroupper, clflush, clflushopt, hv, rdtscp, f16c
Processor Information for the first 4 processors :
  Max Mhz: 2100, Current Mhz: 2100, Mhz Limit: 2100

Memory: 4k page, system-wide physical 3526M (416M free)
TotalPageFile size 14278M (AvailPageFile size 4M)
current process WorkingSet (physical memory assigned to process): 42M, peak: 176M
current process commit charge ("private bytes"): 269M, peak: 277M

vm_info: OpenJDK 64-Bit Server VM (23.0.2+7) for windows-amd64 JRE (23.0.2+7), built on 2025-01-21T00:00:00Z with MS VC++ 17.7 (VS2022)

END.
