[INFO] Scanning for projects...
[INFO] 
[INFO] --------------------< com.playstore:config-server >---------------------
[INFO] Building config-server 1.0.0
[INFO]   from pom.xml
[INFO] --------------------------------[ jar ]---------------------------------
[INFO] 
[INFO] >>> spring-boot:3.2.1:run (default-cli) > test-compile @ config-server >>>
[INFO] 
[INFO] --- resources:3.3.1:resources (default-resources) @ config-server ---
[WARNING] Using platform encoding (UTF-8 actually) to copy filtered resources, i.e. build is platform dependent!
[INFO] Copying 1 resource from src/main/resources to target/classes
[INFO] 
[INFO] --- compiler:3.11.0:compile (default-compile) @ config-server ---
[INFO] Nothing to compile - all classes are up to date
[INFO] 
[INFO] --- resources:3.3.1:testResources (default-testResources) @ config-server ---
[WARNING] Using platform encoding (UTF-8 actually) to copy filtered resources, i.e. build is platform dependent!
[INFO] skip non existing resourceDirectory /home/user/play-store/config-server/src/test/resources
[INFO] 
[INFO] --- compiler:3.11.0:testCompile (default-testCompile) @ config-server ---
[INFO] No sources to compile
[INFO] 
[INFO] <<< spring-boot:3.2.1:run (default-cli) < test-compile @ config-server <<<
[INFO] 
[INFO] 
[INFO] --- spring-boot:3.2.1:run (default-cli) @ config-server ---
