#
# There is insufficient memory for the Java Runtime Environment to continue.
# Native memory allocation (malloc) failed to allocate 1336496 bytes. Error detail: Chunk::new
# Possible reasons:
#   The system is out of physical RAM or swap space
#   This process is running with CompressedOops enabled, and the Java Heap may be blocking the growth of the native heap
# Possible solutions:
#   Reduce memory load on the system
#   Increase physical memory or swap space
#   Check if swap backing store is full
#   Decrease Java heap size (-Xmx/-Xms)
#   Decrease number of Java threads
#   Decrease Java thread stack sizes (-Xss)
#   Set larger code cache with -XX:ReservedCodeCacheSize=
#   JVM is running with Unscaled Compressed Oops mode in which the Java heap is
#     placed in the first 4GB address space. The Java Heap base address is the
#     maximum limit for the native heap growth. Please use -XX:HeapBaseMinAddress
#     to set the Java Heap base and to place the Java Heap above 4GB virtual address.
# This output file may be truncated or incomplete.
#
#  Out of Memory Error (arena.cpp:168), pid=292, tid=18360
#
# JRE version: OpenJDK Runtime Environment Temurin-21.0.8+9 (21.0.8+9) (build 21.0.8+9-LTS)
# Java VM: OpenJDK 64-Bit Server VM Temurin-21.0.8+9 (21.0.8+9-LTS, mixed mode, sharing, tiered, compressed oops, compressed class ptrs, parallel gc, windows-amd64)
# No core dump will be written. Minidumps are not enabled by default on client versions of Windows
#

---------------  S U M M A R Y ------------

Command Line: --add-modules=ALL-SYSTEM --add-opens=java.base/java.util=ALL-UNNAMED --add-opens=java.base/java.lang=ALL-UNNAMED --add-opens=java.base/sun.nio.fs=ALL-UNNAMED -Declipse.application=org.eclipse.jdt.ls.core.id1 -Dosgi.bundles.defaultStartLevel=4 -Declipse.product=org.eclipse.jdt.ls.core.product -Djava.import.generatesMetadataFilesAtProjectRoot=false -DDetectVMInstallationsJob.disabled=true -Dfile.encoding=utf8 -XX:+UseParallelGC -XX:GCTimeRatio=4 -XX:AdaptiveSizePolicyWeight=90 -Dsun.zip.disableMemoryMapping=true -Xmx2G -Xms100m -Xlog:disable -javaagent:c:\Users\likha\.vscode\extensions\redhat.java-1.45.0-win32-x64\lombok\lombok-1.18.39-4050.jar -XX:+HeapDumpOnOutOfMemoryError -XX:HeapDumpPath=c:\Users\likha\AppData\Roaming\Code\User\workspaceStorage\a2058062a52434c57d1d4378ec160e2d\redhat.java -Daether.dependencyCollector.impl=bf c:\Users\likha\.vscode\extensions\redhat.java-1.45.0-win32-x64\server\plugins\org.eclipse.equinox.launcher_1.7.0.v20250519-0528.jar -configuration c:\Users\likha\AppData\Roaming\Code\User\globalStorage\redhat.java\1.45.0\config_win -data c:\Users\likha\AppData\Roaming\Code\User\workspaceStorage\a2058062a52434c57d1d4378ec160e2d\redhat.java\jdt_ws --pipe=\\.\pipe\lsp-d5c95dbe6515b206c216943dd1ad5929-sock

Host: AMD Ryzen 3 3300U with Radeon Vega Mobile Gfx  , 4 cores, 3G,  Windows 11 , 64 bit Build 26100 (10.0.26100.5074)
Time: Tue Sep  9 17:57:10 2025 India Standard Time elapsed time: 2788.102917 seconds (0d 0h 46m 28s)

---------------  T H R E A D  ---------------

Current thread (0x000002a4fe307140):  JavaThread "C2 CompilerThread0" daemon [_thread_in_native, id=18360, stack(0x000000e46b000000,0x000000e46b100000) (1024K)]


Current CompileTask:
C2:2788103 19072   !   4       org.eclipse.jdt.internal.core.JavaProjectElementInfo::newNameLookup (405 bytes)

Stack: [0x000000e46b000000,0x000000e46b100000]
Native frames: (J=compiled Java code, j=interpreted, Vv=VM code, C=native code)
V  [jvm.dll+0x6d2449]
V  [jvm.dll+0x8ae341]
V  [jvm.dll+0x8b08be]
V  [jvm.dll+0x8b0fa3]
V  [jvm.dll+0x280c96]
V  [jvm.dll+0xc581d]
V  [jvm.dll+0xc5d53]
V  [jvm.dll+0x3b9162]
V  [jvm.dll+0x385315]
V  [jvm.dll+0x38477a]
V  [jvm.dll+0x248ed0]
V  [jvm.dll+0x2484af]
V  [jvm.dll+0x1c89ee]
V  [jvm.dll+0x257d4d]
V  [jvm.dll+0x2562ea]
V  [jvm.dll+0x3f2d16]
V  [jvm.dll+0x857e6b]
V  [jvm.dll+0x6d0b0d]
C  [ucrtbase.dll+0x37b0]
C  [KERNEL32.DLL+0x2e8d7]
C  [ntdll.dll+0x8d9c]


---------------  P R O C E S S  ---------------

Threads class SMR info:
_java_thread_list=0x000002a4ff62da90, length=46, elements={
0x000002a4f691bf70, 0x000002a4fe2f9d90, 0x000002a4fe2fd4b0, 0x000002a4fe2ffc50,
0x000002a4fe300c50, 0x000002a4fe3018a0, 0x000002a4fe304300, 0x000002a4fe307140,
0x000002a4fe374c50, 0x000002a4fe3be570, 0x000002a4ff1cd100, 0x000002a4d4021770,
0x000002a4ff9ec6b0, 0x000002a4ff906620, 0x000002a4ff906c80, 0x000002a4ff8c1820,
0x000002a4d463aaf0, 0x000002a4d43f7860, 0x000002a4d43f7ef0, 0x000002a4d5af1a20,
0x000002a4d5af20b0, 0x000002a4d5aeffe0, 0x000002a4d5af3af0, 0x000002a4d5af2740,
0x000002a4d5af1390, 0x000002a4d5af0670, 0x000002a4d5af4180, 0x000002a4d5af0d00,
0x000002a4dfb44040, 0x000002a4dfb44d60, 0x000002a4dfb42c90, 0x000002a4dfb40bc0,
0x000002a4dfb3d740, 0x000002a4dfb41250, 0x000002a4dfb42600, 0x000002a4dfb43320,
0x000002a4d5af5530, 0x000002a4d5af4810, 0x000002a4d5af3460, 0x000002a4d5af4ea0,
0x000002a4d5af2dd0, 0x000002a4d5af7600, 0x000002a4d43f5e20, 0x000002a4d43f64b0,
0x000002a4d43f6b40, 0x000002a4d43f8580
}

Java Threads: ( => current thread )
  0x000002a4f691bf70 JavaThread "main"                              [_thread_blocked, id=16744, stack(0x000000e46a600000,0x000000e46a700000) (1024K)]
  0x000002a4fe2f9d90 JavaThread "Reference Handler"          daemon [_thread_blocked, id=17780, stack(0x000000e46aa00000,0x000000e46ab00000) (1024K)]
  0x000002a4fe2fd4b0 JavaThread "Finalizer"                  daemon [_thread_blocked, id=9688, stack(0x000000e46ab00000,0x000000e46ac00000) (1024K)]
  0x000002a4fe2ffc50 JavaThread "Signal Dispatcher"          daemon [_thread_blocked, id=7412, stack(0x000000e46ac00000,0x000000e46ad00000) (1024K)]
  0x000002a4fe300c50 JavaThread "Attach Listener"            daemon [_thread_blocked, id=17656, stack(0x000000e46ad00000,0x000000e46ae00000) (1024K)]
  0x000002a4fe3018a0 JavaThread "Service Thread"             daemon [_thread_blocked, id=11788, stack(0x000000e46ae00000,0x000000e46af00000) (1024K)]
  0x000002a4fe304300 JavaThread "Monitor Deflation Thread"   daemon [_thread_blocked, id=15480, stack(0x000000e46af00000,0x000000e46b000000) (1024K)]
=>0x000002a4fe307140 JavaThread "C2 CompilerThread0"         daemon [_thread_in_native, id=18360, stack(0x000000e46b000000,0x000000e46b100000) (1024K)]
  0x000002a4fe374c50 JavaThread "C1 CompilerThread0"         daemon [_thread_blocked, id=14676, stack(0x000000e46b100000,0x000000e46b200000) (1024K)]
  0x000002a4fe3be570 JavaThread "Common-Cleaner"             daemon [_thread_blocked, id=17364, stack(0x000000e46b200000,0x000000e46b300000) (1024K)]
  0x000002a4ff1cd100 JavaThread "Notification Thread"        daemon [_thread_blocked, id=17636, stack(0x000000e46b300000,0x000000e46b400000) (1024K)]
  0x000002a4d4021770 JavaThread "Active Thread: Equinox Container: cf735e8b-bef6-47a3-a71d-964404cb3cfe"        [_thread_blocked, id=17628, stack(0x000000e46b800000,0x000000e46b900000) (1024K)]
  0x000002a4ff9ec6b0 JavaThread "Refresh Thread: Equinox Container: cf735e8b-bef6-47a3-a71d-964404cb3cfe" daemon [_thread_blocked, id=14840, stack(0x000000e46b900000,0x000000e46ba00000) (1024K)]
  0x000002a4ff906620 JavaThread "Framework Event Dispatcher: Equinox Container: cf735e8b-bef6-47a3-a71d-964404cb3cfe" daemon [_thread_blocked, id=13196, stack(0x000000e46ba00000,0x000000e46bb00000) (1024K)]
  0x000002a4ff906c80 JavaThread "Start Level: Equinox Container: cf735e8b-bef6-47a3-a71d-964404cb3cfe" daemon [_thread_blocked, id=5004, stack(0x000000e46bb00000,0x000000e46bc00000) (1024K)]
  0x000002a4ff8c1820 JavaThread "Bundle File Closer"         daemon [_thread_blocked, id=5100, stack(0x000000e46bc00000,0x000000e46bd00000) (1024K)]
  0x000002a4d463aaf0 JavaThread "SCR Component Actor"        daemon [_thread_blocked, id=13588, stack(0x000000e46bd00000,0x000000e46be00000) (1024K)]
  0x000002a4d43f7860 JavaThread "Worker-JM"                         [_thread_blocked, id=19008, stack(0x000000e46b400000,0x000000e46b500000) (1024K)]
  0x000002a4d43f7ef0 JavaThread "JNA Cleaner"                daemon [_thread_blocked, id=3076, stack(0x000000e46bf00000,0x000000e46c000000) (1024K)]
  0x000002a4d5af1a20 JavaThread "Java indexing"              daemon [_thread_in_vm, id=6460, stack(0x000000e46c500000,0x000000e46c600000) (1024K)]
  0x000002a4d5af20b0 JavaThread "Thread-2"                   daemon [_thread_in_native, id=3620, stack(0x000000e46c900000,0x000000e46ca00000) (1024K)]
  0x000002a4d5aeffe0 JavaThread "Thread-3"                   daemon [_thread_in_native, id=5836, stack(0x000000e46ca00000,0x000000e46cb00000) (1024K)]
  0x000002a4d5af3af0 JavaThread "Thread-4"                   daemon [_thread_in_native, id=18140, stack(0x000000e46cb00000,0x000000e46cc00000) (1024K)]
  0x000002a4d5af2740 JavaThread "Thread-5"                   daemon [_thread_in_native, id=13636, stack(0x000000e46cc00000,0x000000e46cd00000) (1024K)]
  0x000002a4d5af1390 JavaThread "Thread-6"                   daemon [_thread_in_native, id=10860, stack(0x000000e46cd00000,0x000000e46ce00000) (1024K)]
  0x000002a4d5af0670 JavaThread "pool-2-thread-1"                   [_thread_blocked, id=16972, stack(0x000000e46ce00000,0x000000e46cf00000) (1024K)]
  0x000002a4d5af4180 JavaThread "WorkspaceEventsHandler"            [_thread_blocked, id=17584, stack(0x000000e46cf00000,0x000000e46d000000) (1024K)]
  0x000002a4d5af0d00 JavaThread "pool-1-thread-1"                   [_thread_in_vm, id=132, stack(0x000000e46d000000,0x000000e46d100000) (1024K)]
  0x000002a4dfb44040 JavaThread "Worker-6: Publish Diagnostics"        [_thread_in_Java, id=18960, stack(0x000000e46c000000,0x000000e46c100000) (1024K)]
  0x000002a4dfb44d60 JavaThread "Cleaner-0"                  daemon [_thread_blocked, id=13132, stack(0x000000e46c100000,0x000000e46c200000) (1024K)]
  0x000002a4dfb42c90 JavaThread "Worker-7"                          [_thread_blocked, id=19392, stack(0x000000e46c200000,0x000000e46c300000) (1024K)]
  0x000002a4dfb40bc0 JavaThread "Worker-8"                          [_thread_blocked, id=3628, stack(0x000000e46a300000,0x000000e46a400000) (1024K)]
  0x000002a4dfb3d740 JavaThread "Worker-9: Building"                [_thread_in_vm, id=10656, stack(0x000000e46a400000,0x000000e46a500000) (1024K)]
  0x000002a4dfb41250 JavaThread "Compiler Source File Reader" daemon [_thread_blocked, id=18524, stack(0x000000e46a500000,0x000000e46a600000) (1024K)]
  0x000002a4dfb42600 JavaThread "ForkJoinPool.commonPool-worker-7" daemon [_thread_blocked, id=16624, stack(0x000000e46be00000,0x000000e46bf00000) (1024K)]
  0x000002a4dfb43320 JavaThread "Compiler Processing Task"   daemon [_thread_blocked, id=14008, stack(0x000000e46c300000,0x000000e46c400000) (1024K)]
  0x000002a4d5af5530 JavaThread "ForkJoinPool.commonPool-worker-8" daemon [_thread_blocked, id=1324, stack(0x000000e46c400000,0x000000e46c500000) (1024K)]
  0x000002a4d5af4810 JavaThread "ForkJoinPool.commonPool-worker-9" daemon [_thread_blocked, id=16348, stack(0x000000e46c600000,0x000000e46c700000) (1024K)]
  0x000002a4d5af3460 JavaThread "Compiler Source File Reader" daemon [_thread_blocked, id=15968, stack(0x000000e46c700000,0x000000e46c800000) (1024K)]
  0x000002a4d5af4ea0 JavaThread "Worker-10"                         [_thread_blocked, id=9476, stack(0x000000e46c800000,0x000000e46c900000) (1024K)]
  0x000002a4d5af2dd0 JavaThread "LocalFile Deleter"          daemon [_thread_blocked, id=13152, stack(0x000000e46d100000,0x000000e46d200000) (1024K)]
  0x000002a4d5af7600 JavaThread "LocalFile Deleter"          daemon [_thread_blocked, id=1656, stack(0x000000e46d200000,0x000000e46d300000) (1024K)]
  0x000002a4d43f5e20 JavaThread "LocalFile Deleter"          daemon [_thread_blocked, id=11456, stack(0x000000e46d300000,0x000000e46d400000) (1024K)]
  0x000002a4d43f64b0 JavaThread "Compiler Class File Writer" daemon [_thread_blocked, id=17488, stack(0x000000e46d400000,0x000000e46d500000) (1024K)]
  0x000002a4d43f6b40 JavaThread "Compiler Class File Writer" daemon [_thread_blocked, id=7316, stack(0x000000e46d500000,0x000000e46d600000) (1024K)]
  0x000002a4d43f8580 JavaThread "LocalFile Deleter"          daemon [_thread_blocked, id=11064, stack(0x000000e46d600000,0x000000e46d700000) (1024K)]
Total: 46

Other Threads:
  0x000002a4f69dc150 VMThread "VM Thread"                           [id=19000, stack(0x000000e46a900000,0x000000e46aa00000) (1024K)]
  0x000002a4fe29ca00 WatcherThread "VM Periodic Task Thread"        [id=456, stack(0x000000e46a800000,0x000000e46a900000) (1024K)]
  0x000002a4f693b6e0 WorkerThread "GC Thread#0"                     [id=13812, stack(0x000000e46a700000,0x000000e46a800000) (1024K)]
  0x000002a4ff223060 WorkerThread "GC Thread#1"                     [id=11108, stack(0x000000e46b500000,0x000000e46b600000) (1024K)]
  0x000002a4ff2f4ce0 WorkerThread "GC Thread#2"                     [id=15172, stack(0x000000e46b600000,0x000000e46b700000) (1024K)]
  0x000002a4ff2f5080 WorkerThread "GC Thread#3"                     [id=5680, stack(0x000000e46b700000,0x000000e46b800000) (1024K)]
Total: 6

Threads with active compile tasks:
C2 CompilerThread0  2788192 19072   !   4       org.eclipse.jdt.internal.core.JavaProjectElementInfo::newNameLookup (405 bytes)
C1 CompilerThread0  2788192 19095       3       org.eclipse.jdt.internal.core.SourceType::isAnonymous (14 bytes)
Total: 2

VM state: not at safepoint (normal execution)

VM Mutex/Monitor currently owned by a thread:  ([mutex/lock_event])
[0x00007ffe82085558] Heap_lock - owner thread: 0x000002a4dfb3d740
[0x00007ffe820859d8] PSOldGenExpand_lock - owner thread: 0x000002a4dfb3d740

Heap address: 0x0000000080000000, size: 2048 MB, Compressed Oops mode: 32-bit

CDS archive(s) mapped at: [0x000002a48f000000-0x000002a48fba0000-0x000002a48fba0000), size 12189696, SharedBaseAddress: 0x000002a48f000000, ArchiveRelocationMode: 1.
Compressed class space mapped at: 0x000002a490000000-0x000002a4d0000000, reserved size: 1073741824
Narrow klass base: 0x000002a48f000000, Narrow klass shift: 0, Narrow klass range: 0x100000000

GC Precious Log:
 CardTable entry size: 512
 CPUs: 4 total, 4 available
 Memory: 3526M
 Large Page Support: Disabled
 NUMA Support: Disabled
 Compressed Oops: Enabled (32-bit)
 Alignments: Space 512K, Generation 512K, Heap 2M
 Heap Min Capacity: 100M
 Heap Initial Capacity: 100M
 Heap Max Capacity: 2G
 Pre-touch: Disabled
 Parallel Workers: 4

Heap:
 PSYoungGen      total 6144K, used 2306K [0x00000000d5580000, 0x00000000d5c80000, 0x0000000100000000)
  eden space 5120K, 32% used [0x00000000d5580000,0x00000000d571b6c0,0x00000000d5a80000)
  from space 1024K, 64% used [0x00000000d5b80000,0x00000000d5c25200,0x00000000d5c80000)
  to   space 1024K, 0% used [0x00000000d5a80000,0x00000000d5a80000,0x00000000d5b80000)
 ParOldGen       total 1332224K, used 1331824K [0x0000000080000000, 0x00000000d1500000, 0x00000000d5580000)
  object space 1332224K, 99% used [0x0000000080000000,0x00000000d149c390,0x00000000d1500000)
 Metaspace       used 78338K, committed 80064K, reserved 1179648K
  class space    used 7839K, committed 8640K, reserved 1048576K

Card table byte_map: [0x000002a4f62c0000,0x000002a4f66d0000] _byte_map_base: 0x000002a4f5ec0000

Marking Bits: (ParMarkBitMap*) 0x00007ffe8208a340
 Begin Bits: [0x000002a4f9dc0000, 0x000002a4fbdc0000)
 End Bits:   [0x000002a4fbdc0000, 0x000002a4fddc0000)

Polling page: 0x000002a4f45e0000

Metaspace:

Usage:
  Non-class:     68.85 MB used.
      Class:      7.66 MB used.
       Both:     76.50 MB used.

Virtual space:
  Non-class space:      128.00 MB reserved,      69.75 MB ( 54%) committed,  2 nodes.
      Class space:        1.00 GB reserved,       8.44 MB ( <1%) committed,  1 nodes.
             Both:        1.12 GB reserved,      78.19 MB (  7%) committed. 

Chunk freelists:
   Non-Class:  9.75 MB
       Class:  7.50 MB
        Both:  17.25 MB

MaxMetaspaceSize: unlimited
CompressedClassSpaceSize: 1.00 GB
Initial GC threshold: 21.00 MB
Current GC threshold: 123.38 MB
CDS: on
 - commit_granule_bytes: 65536.
 - commit_granule_words: 8192.
 - virtual_space_node_default_size: 8388608.
 - enlarge_chunks_in_place: 1.
 - use_allocation_guard: 0.


Internal statistics:

num_allocs_failed_limit: 13.
num_arena_births: 1504.
num_arena_deaths: 14.
num_vsnodes_births: 3.
num_vsnodes_deaths: 0.
num_space_committed: 1251.
num_space_uncommitted: 0.
num_chunks_returned_to_freelist: 27.
num_chunks_taken_from_freelist: 5445.
num_chunk_merges: 14.
num_chunk_splits: 3258.
num_chunks_enlarged: 1778.
num_inconsistent_stats: 0.

CodeHeap 'non-profiled nmethods': size=120000Kb used=19363Kb max_used=19363Kb free=100636Kb
 bounds [0x000002a487ad0000, 0x000002a488dc0000, 0x000002a48f000000]
CodeHeap 'profiled nmethods': size=120000Kb used=42413Kb max_used=42413Kb free=77587Kb
 bounds [0x000002a480000000, 0x000002a482970000, 0x000002a487530000]
CodeHeap 'non-nmethods': size=5760Kb used=1474Kb max_used=1538Kb free=4285Kb
 bounds [0x000002a487530000, 0x000002a4877a0000, 0x000002a487ad0000]
CodeCache: size=245760Kb, used=63250Kb, max_used=63314Kb, free=182508Kb
 total_blobs=18055, nmethods=17260, adapters=699, full_count=0
Compilation: enabled, stopped_count=0, restarted_count=0

Compilation events (20 events):
Event: 2787.579 Thread 0x000002a4fe374c50 19085       3       org.eclipse.jdt.internal.compiler.ast.ConstructorDeclaration::getLateConstructorCall (94 bytes)
Event: 2787.580 Thread 0x000002a4fe374c50 nmethod 19085 0x000002a482965690 code [0x000002a4829658c0, 0x000002a4829660b0]
Event: 2787.580 Thread 0x000002a4fe374c50 19086       1       org.eclipse.jdt.internal.compiler.lookup.SourceTypeBinding::getNestMembers (5 bytes)
Event: 2787.580 Thread 0x000002a4fe374c50 nmethod 19086 0x000002a488db8790 code [0x000002a488db8920, 0x000002a488db89f0]
Event: 2787.586 Thread 0x000002a4fe374c50 19087       3       java.text.SimpleDateFormat::format (171 bytes)
Event: 2787.589 Thread 0x000002a4fe374c50 nmethod 19087 0x000002a482966310 code [0x000002a482966580, 0x000002a4829672f8]
Event: 2787.589 Thread 0x000002a4fe374c50 19088       3       java.text.DecimalFormat::append (94 bytes)
Event: 2787.591 Thread 0x000002a4fe374c50 nmethod 19088 0x000002a482967890 code [0x000002a482967aa0, 0x000002a482968358]
Event: 2787.606 Thread 0x000002a4fe374c50 19089       3       sun.nio.ch.FileChannelImpl::setUninterruptible (6 bytes)
Event: 2787.606 Thread 0x000002a4fe374c50 nmethod 19089 0x000002a482968710 code [0x000002a4829688a0, 0x000002a4829689b8]
Event: 2787.641 Thread 0x000002a4fe374c50 19090       3       org.eclipse.jdt.internal.core.builder.NameEnvironment::cleanup (73 bytes)
Event: 2787.642 Thread 0x000002a4fe374c50 nmethod 19090 0x000002a482968a90 code [0x000002a482968ca0, 0x000002a482969388]
Event: 2787.647 Thread 0x000002a4fe374c50 19091       3       jdk.internal.math.MathUtils::flog10pow2 (11 bytes)
Event: 2787.648 Thread 0x000002a4fe374c50 nmethod 19091 0x000002a482969610 code [0x000002a4829697a0, 0x000002a4829698b0]
Event: 2787.652 Thread 0x000002a4fe374c50 19092       3       org.eclipse.core.internal.events.ResourceDelta::accept (7 bytes)
Event: 2787.652 Thread 0x000002a4fe374c50 nmethod 19092 0x000002a482969910 code [0x000002a482969ac0, 0x000002a482969c20]
Event: 2787.655 Thread 0x000002a4fe374c50 19093       1       org.apache.maven.artifact.DefaultArtifact::setDependencyFilter (6 bytes)
Event: 2787.656 Thread 0x000002a4fe374c50 nmethod 19093 0x000002a488db8a90 code [0x000002a488db8c20, 0x000002a488db8d00]
Event: 2787.658 Thread 0x000002a4fe374c50 19094       3       sun.util.calendar.BaseCalendar::getGregorianYearFromFixedDate (179 bytes)
Event: 2787.659 Thread 0x000002a4fe374c50 nmethod 19094 0x000002a482969d10 code [0x000002a482969f60, 0x000002a48296a988]

GC Heap History (20 events):
Event: 2787.009 GC heap before
{Heap before GC invocations=1322 (full 4):
 PSYoungGen      total 6656K, used 6298K [0x00000000d5580000, 0x00000000d5f80000, 0x0000000100000000)
  eden space 3584K, 96% used [0x00000000d5580000,0x00000000d58de900,0x00000000d5900000)
  from space 3072K, 92% used [0x00000000d5900000,0x00000000d5bc8000,0x00000000d5c00000)
  to   space 3072K, 0% used [0x00000000d5c80000,0x00000000d5c80000,0x00000000d5f80000)
 ParOldGen       total 1317376K, used 1317082K [0x0000000080000000, 0x00000000d0680000, 0x00000000d5580000)
  object space 1317376K, 99% used [0x0000000080000000,0x00000000d0636888,0x00000000d0680000)
 Metaspace       used 78310K, committed 80064K, reserved 1179648K
  class space    used 7837K, committed 8640K, reserved 1048576K
}
Event: 2787.020 GC heap after
{Heap after GC invocations=1322 (full 4):
 PSYoungGen      total 3584K, used 3072K [0x00000000d5580000, 0x00000000d6700000, 0x0000000100000000)
  eden space 512K, 0% used [0x00000000d5580000,0x00000000d5580000,0x00000000d5600000)
  from space 3072K, 100% used [0x00000000d5c80000,0x00000000d5f80000,0x00000000d5f80000)
  to   space 6656K, 0% used [0x00000000d5600000,0x00000000d5600000,0x00000000d5c80000)
 ParOldGen       total 1319936K, used 1319882K [0x0000000080000000, 0x00000000d0900000, 0x00000000d5580000)
  object space 1319936K, 99% used [0x0000000080000000,0x00000000d08f2888,0x00000000d0900000)
 Metaspace       used 78310K, committed 80064K, reserved 1179648K
  class space    used 7837K, committed 8640K, reserved 1048576K
}
Event: 2787.023 GC heap before
{Heap before GC invocations=1323 (full 4):
 PSYoungGen      total 3584K, used 3584K [0x00000000d5580000, 0x00000000d6700000, 0x0000000100000000)
  eden space 512K, 100% used [0x00000000d5580000,0x00000000d5600000,0x00000000d5600000)
  from space 3072K, 100% used [0x00000000d5c80000,0x00000000d5f80000,0x00000000d5f80000)
  to   space 6656K, 0% used [0x00000000d5600000,0x00000000d5600000,0x00000000d5c80000)
 ParOldGen       total 1319936K, used 1319882K [0x0000000080000000, 0x00000000d0900000, 0x00000000d5580000)
  object space 1319936K, 99% used [0x0000000080000000,0x00000000d08f2888,0x00000000d0900000)
 Metaspace       used 78310K, committed 80064K, reserved 1179648K
  class space    used 7837K, committed 8640K, reserved 1048576K
}
Event: 2787.030 GC heap after
{Heap after GC invocations=1323 (full 4):
 PSYoungGen      total 1024K, used 432K [0x00000000d5580000, 0x00000000d5d00000, 0x0000000100000000)
  eden space 512K, 0% used [0x00000000d5580000,0x00000000d5580000,0x00000000d5600000)
  from space 512K, 84% used [0x00000000d5600000,0x00000000d566c000,0x00000000d5680000)
  to   space 2560K, 0% used [0x00000000d5a80000,0x00000000d5a80000,0x00000000d5d00000)
 ParOldGen       total 1323008K, used 1322946K [0x0000000080000000, 0x00000000d0c00000, 0x00000000d5580000)
  object space 1323008K, 99% used [0x0000000080000000,0x00000000d0bf0888,0x00000000d0c00000)
 Metaspace       used 78310K, committed 80064K, reserved 1179648K
  class space    used 7837K, committed 8640K, reserved 1048576K
}
Event: 2787.037 GC heap before
{Heap before GC invocations=1324 (full 4):
 PSYoungGen      total 1024K, used 944K [0x00000000d5580000, 0x00000000d5d00000, 0x0000000100000000)
  eden space 512K, 100% used [0x00000000d5580000,0x00000000d5600000,0x00000000d5600000)
  from space 512K, 84% used [0x00000000d5600000,0x00000000d566c000,0x00000000d5680000)
  to   space 2560K, 0% used [0x00000000d5a80000,0x00000000d5a80000,0x00000000d5d00000)
 ParOldGen       total 1323008K, used 1322946K [0x0000000080000000, 0x00000000d0c00000, 0x00000000d5580000)
  object space 1323008K, 99% used [0x0000000080000000,0x00000000d0bf0888,0x00000000d0c00000)
 Metaspace       used 78310K, committed 80064K, reserved 1179648K
  class space    used 7837K, committed 8640K, reserved 1048576K
}
Event: 2787.041 GC heap after
{Heap after GC invocations=1324 (full 4):
 PSYoungGen      total 1536K, used 224K [0x00000000d5580000, 0x00000000d5b00000, 0x0000000100000000)
  eden space 1024K, 0% used [0x00000000d5580000,0x00000000d5580000,0x00000000d5680000)
  from space 512K, 43% used [0x00000000d5a80000,0x00000000d5ab8000,0x00000000d5b00000)
  to   space 1024K, 0% used [0x00000000d5900000,0x00000000d5900000,0x00000000d5a00000)
 ParOldGen       total 1323520K, used 1323322K [0x0000000080000000, 0x00000000d0c80000, 0x00000000d5580000)
  object space 1323520K, 99% used [0x0000000080000000,0x00000000d0c4e888,0x00000000d0c80000)
 Metaspace       used 78310K, committed 80064K, reserved 1179648K
  class space    used 7837K, committed 8640K, reserved 1048576K
}
Event: 2787.056 GC heap before
{Heap before GC invocations=1325 (full 4):
 PSYoungGen      total 1536K, used 1248K [0x00000000d5580000, 0x00000000d5b00000, 0x0000000100000000)
  eden space 1024K, 100% used [0x00000000d5580000,0x00000000d5680000,0x00000000d5680000)
  from space 512K, 43% used [0x00000000d5a80000,0x00000000d5ab8000,0x00000000d5b00000)
  to   space 1024K, 0% used [0x00000000d5900000,0x00000000d5900000,0x00000000d5a00000)
 ParOldGen       total 1324544K, used 1323994K [0x0000000080000000, 0x00000000d0d80000, 0x00000000d5580000)
  object space 1324544K, 99% used [0x0000000080000000,0x00000000d0cf6888,0x00000000d0d80000)
 Metaspace       used 78310K, committed 80064K, reserved 1179648K
  class space    used 7837K, committed 8640K, reserved 1048576K
}
Event: 2787.064 GC heap after
{Heap after GC invocations=1325 (full 4):
 PSYoungGen      total 2560K, used 624K [0x00000000d5580000, 0x00000000d5b00000, 0x0000000100000000)
  eden space 1536K, 0% used [0x00000000d5580000,0x00000000d5580000,0x00000000d5700000)
  from space 1024K, 60% used [0x00000000d5900000,0x00000000d599c010,0x00000000d5a00000)
  to   space 1024K, 0% used [0x00000000d5a00000,0x00000000d5a00000,0x00000000d5b00000)
 ParOldGen       total 1324544K, used 1324170K [0x0000000080000000, 0x00000000d0d80000, 0x00000000d5580000)
  object space 1324544K, 99% used [0x0000000080000000,0x00000000d0d22888,0x00000000d0d80000)
 Metaspace       used 78310K, committed 80064K, reserved 1179648K
  class space    used 7837K, committed 8640K, reserved 1048576K
}
Event: 2787.070 GC heap before
{Heap before GC invocations=1326 (full 4):
 PSYoungGen      total 2560K, used 2141K [0x00000000d5580000, 0x00000000d5b00000, 0x0000000100000000)
  eden space 1536K, 98% used [0x00000000d5580000,0x00000000d56fb768,0x00000000d5700000)
  from space 1024K, 60% used [0x00000000d5900000,0x00000000d599c010,0x00000000d5a00000)
  to   space 1024K, 0% used [0x00000000d5a00000,0x00000000d5a00000,0x00000000d5b00000)
 ParOldGen       total 1324544K, used 1324170K [0x0000000080000000, 0x00000000d0d80000, 0x00000000d5580000)
  object space 1324544K, 99% used [0x0000000080000000,0x00000000d0d22888,0x00000000d0d80000)
 Metaspace       used 78310K, committed 80064K, reserved 1179648K
  class space    used 7837K, committed 8640K, reserved 1048576K
}
Event: 2787.075 GC heap after
{Heap after GC invocations=1326 (full 4):
 PSYoungGen      total 3072K, used 931K [0x00000000d5580000, 0x00000000d5b00000, 0x0000000100000000)
  eden space 2048K, 0% used [0x00000000d5580000,0x00000000d5580000,0x00000000d5780000)
  from space 1024K, 90% used [0x00000000d5a00000,0x00000000d5ae8e60,0x00000000d5b00000)
  to   space 1024K, 0% used [0x00000000d5900000,0x00000000d5900000,0x00000000d5a00000)
 ParOldGen       total 1325056K, used 1324931K [0x0000000080000000, 0x00000000d0e00000, 0x00000000d5580000)
  object space 1325056K, 99% used [0x0000000080000000,0x00000000d0de0c48,0x00000000d0e00000)
 Metaspace       used 78310K, committed 80064K, reserved 1179648K
  class space    used 7837K, committed 8640K, reserved 1048576K
}
Event: 2787.091 GC heap before
{Heap before GC invocations=1327 (full 4):
 PSYoungGen      total 3072K, used 2933K [0x00000000d5580000, 0x00000000d5b00000, 0x0000000100000000)
  eden space 2048K, 97% used [0x00000000d5580000,0x00000000d5774670,0x00000000d5780000)
  from space 1024K, 90% used [0x00000000d5a00000,0x00000000d5ae8e60,0x00000000d5b00000)
  to   space 1024K, 0% used [0x00000000d5900000,0x00000000d5900000,0x00000000d5a00000)
 ParOldGen       total 1325056K, used 1324931K [0x0000000080000000, 0x00000000d0e00000, 0x00000000d5580000)
  object space 1325056K, 99% used [0x0000000080000000,0x00000000d0de0c48,0x00000000d0e00000)
 Metaspace       used 78310K, committed 80064K, reserved 1179648K
  class space    used 7837K, committed 8640K, reserved 1048576K
}
Event: 2787.100 GC heap after
{Heap after GC invocations=1327 (full 4):
 PSYoungGen      total 3584K, used 1001K [0x00000000d5580000, 0x00000000d5f00000, 0x0000000100000000)
  eden space 2560K, 0% used [0x00000000d5580000,0x00000000d5580000,0x00000000d5800000)
  from space 1024K, 97% used [0x00000000d5900000,0x00000000d59fa7d8,0x00000000d5a00000)
  to   space 3584K, 0% used [0x00000000d5b80000,0x00000000d5b80000,0x00000000d5f00000)
 ParOldGen       total 1327104K, used 1326814K [0x0000000080000000, 0x00000000d1000000, 0x00000000d5580000)
  object space 1327104K, 99% used [0x0000000080000000,0x00000000d0fb7820,0x00000000d1000000)
 Metaspace       used 78310K, committed 80064K, reserved 1179648K
  class space    used 7837K, committed 8640K, reserved 1048576K
}
Event: 2787.115 GC heap before
{Heap before GC invocations=1328 (full 4):
 PSYoungGen      total 3584K, used 3540K [0x00000000d5580000, 0x00000000d5f00000, 0x0000000100000000)
  eden space 2560K, 99% used [0x00000000d5580000,0x00000000d57faaf0,0x00000000d5800000)
  from space 1024K, 97% used [0x00000000d5900000,0x00000000d59fa7d8,0x00000000d5a00000)
  to   space 3584K, 0% used [0x00000000d5b80000,0x00000000d5b80000,0x00000000d5f00000)
 ParOldGen       total 1327104K, used 1326814K [0x0000000080000000, 0x00000000d1000000, 0x00000000d5580000)
  object space 1327104K, 99% used [0x0000000080000000,0x00000000d0fb7820,0x00000000d1000000)
 Metaspace       used 78310K, committed 80064K, reserved 1179648K
  class space    used 7837K, committed 8640K, reserved 1048576K
}
Event: 2787.121 GC heap after
{Heap after GC invocations=1328 (full 4):
 PSYoungGen      total 6144K, used 2588K [0x00000000d5580000, 0x00000000d5e80000, 0x0000000100000000)
  eden space 3072K, 0% used [0x00000000d5580000,0x00000000d5580000,0x00000000d5880000)
  from space 3072K, 84% used [0x00000000d5b80000,0x00000000d5e073d8,0x00000000d5e80000)
  to   space 3072K, 0% used [0x00000000d5880000,0x00000000d5880000,0x00000000d5b80000)
 ParOldGen       total 1328128K, used 1327831K [0x0000000080000000, 0x00000000d1100000, 0x00000000d5580000)
  object space 1328128K, 99% used [0x0000000080000000,0x00000000d10b5ff8,0x00000000d1100000)
 Metaspace       used 78310K, committed 80064K, reserved 1179648K
  class space    used 7837K, committed 8640K, reserved 1048576K
}
Event: 2787.207 GC heap before
{Heap before GC invocations=1329 (full 4):
 PSYoungGen      total 6144K, used 5660K [0x00000000d5580000, 0x00000000d5e80000, 0x0000000100000000)
  eden space 3072K, 100% used [0x00000000d5580000,0x00000000d5880000,0x00000000d5880000)
  from space 3072K, 84% used [0x00000000d5b80000,0x00000000d5e073d8,0x00000000d5e80000)
  to   space 3072K, 0% used [0x00000000d5880000,0x00000000d5880000,0x00000000d5b80000)
 ParOldGen       total 1328128K, used 1327831K [0x0000000080000000, 0x00000000d1100000, 0x00000000d5580000)
  object space 1328128K, 99% used [0x0000000080000000,0x00000000d10b5ff8,0x00000000d1100000)
 Metaspace       used 78312K, committed 80064K, reserved 1179648K
  class space    used 7837K, committed 8640K, reserved 1048576K
}
Event: 2787.217 GC heap after
{Heap after GC invocations=1329 (full 4):
 PSYoungGen      total 6144K, used 1414K [0x00000000d5580000, 0x00000000d5d80000, 0x0000000100000000)
  eden space 3072K, 0% used [0x00000000d5580000,0x00000000d5580000,0x00000000d5880000)
  from space 3072K, 46% used [0x00000000d5880000,0x00000000d59e18d0,0x00000000d5b80000)
  to   space 2048K, 0% used [0x00000000d5b80000,0x00000000d5b80000,0x00000000d5d80000)
 ParOldGen       total 1330688K, used 1330323K [0x0000000080000000, 0x00000000d1380000, 0x00000000d5580000)
  object space 1330688K, 99% used [0x0000000080000000,0x00000000d1324da0,0x00000000d1380000)
 Metaspace       used 78312K, committed 80064K, reserved 1179648K
  class space    used 7837K, committed 8640K, reserved 1048576K
}
Event: 2787.537 GC heap before
{Heap before GC invocations=1330 (full 4):
 PSYoungGen      total 6144K, used 4486K [0x00000000d5580000, 0x00000000d5d80000, 0x0000000100000000)
  eden space 3072K, 100% used [0x00000000d5580000,0x00000000d5880000,0x00000000d5880000)
  from space 3072K, 46% used [0x00000000d5880000,0x00000000d59e18d0,0x00000000d5b80000)
  to   space 2048K, 0% used [0x00000000d5b80000,0x00000000d5b80000,0x00000000d5d80000)
 ParOldGen       total 1330688K, used 1330323K [0x0000000080000000, 0x00000000d1380000, 0x00000000d5580000)
  object space 1330688K, 99% used [0x0000000080000000,0x00000000d1324da0,0x00000000d1380000)
 Metaspace       used 78312K, committed 80064K, reserved 1179648K
  class space    used 7837K, committed 8640K, reserved 1048576K
}
Event: 2787.541 GC heap after
{Heap after GC invocations=1330 (full 4):
 PSYoungGen      total 5120K, used 542K [0x00000000d5580000, 0x00000000d5c80000, 0x0000000100000000)
  eden space 4096K, 0% used [0x00000000d5580000,0x00000000d5580000,0x00000000d5980000)
  from space 1024K, 53% used [0x00000000d5b80000,0x00000000d5c07b10,0x00000000d5c80000)
  to   space 1024K, 0% used [0x00000000d5a80000,0x00000000d5a80000,0x00000000d5b80000)
 ParOldGen       total 1331712K, used 1331676K [0x0000000080000000, 0x00000000d1480000, 0x00000000d5580000)
  object space 1331712K, 99% used [0x0000000080000000,0x00000000d1477190,0x00000000d1480000)
 Metaspace       used 78312K, committed 80064K, reserved 1179648K
  class space    used 7837K, committed 8640K, reserved 1048576K
}
Event: 2787.556 GC heap before
{Heap before GC invocations=1331 (full 4):
 PSYoungGen      total 5120K, used 4638K [0x00000000d5580000, 0x00000000d5c80000, 0x0000000100000000)
  eden space 4096K, 100% used [0x00000000d5580000,0x00000000d5980000,0x00000000d5980000)
  from space 1024K, 53% used [0x00000000d5b80000,0x00000000d5c07b10,0x00000000d5c80000)
  to   space 1024K, 0% used [0x00000000d5a80000,0x00000000d5a80000,0x00000000d5b80000)
 ParOldGen       total 1331712K, used 1331676K [0x0000000080000000, 0x00000000d1480000, 0x00000000d5580000)
  object space 1331712K, 99% used [0x0000000080000000,0x00000000d1477190,0x00000000d1480000)
 Metaspace       used 78313K, committed 80064K, reserved 1179648K
  class space    used 7837K, committed 8640K, reserved 1048576K
}
Event: 2787.559 GC heap after
{Heap after GC invocations=1331 (full 4):
 PSYoungGen      total 6144K, used 494K [0x00000000d5580000, 0x00000000d5c80000, 0x0000000100000000)
  eden space 5120K, 0% used [0x00000000d5580000,0x00000000d5580000,0x00000000d5a80000)
  from space 1024K, 48% used [0x00000000d5a80000,0x00000000d5afbb00,0x00000000d5b80000)
  to   space 1024K, 0% used [0x00000000d5b80000,0x00000000d5b80000,0x00000000d5c80000)
 ParOldGen       total 1332224K, used 1331816K [0x0000000080000000, 0x00000000d1500000, 0x00000000d5580000)
  object space 1332224K, 99% used [0x0000000080000000,0x00000000d149a390,0x00000000d1500000)
 Metaspace       used 78313K, committed 80064K, reserved 1179648K
  class space    used 7837K, committed 8640K, reserved 1048576K
}

Dll operation events (11 events):
Event: 0.041 Loaded shared library c:\Users\likha\.vscode\extensions\redhat.java-1.45.0-win32-x64\jre\21.0.8-win32-x86_64\bin\java.dll
Event: 0.296 Loaded shared library c:\Users\likha\.vscode\extensions\redhat.java-1.45.0-win32-x64\jre\21.0.8-win32-x86_64\bin\zip.dll
Event: 0.379 Loaded shared library C:\Users\likha\.vscode\extensions\redhat.java-1.45.0-win32-x64\jre\21.0.8-win32-x86_64\bin\instrument.dll
Event: 0.385 Loaded shared library C:\Users\likha\.vscode\extensions\redhat.java-1.45.0-win32-x64\jre\21.0.8-win32-x86_64\bin\net.dll
Event: 0.389 Loaded shared library C:\Users\likha\.vscode\extensions\redhat.java-1.45.0-win32-x64\jre\21.0.8-win32-x86_64\bin\nio.dll
Event: 0.394 Loaded shared library C:\Users\likha\.vscode\extensions\redhat.java-1.45.0-win32-x64\jre\21.0.8-win32-x86_64\bin\zip.dll
Event: 0.430 Loaded shared library C:\Users\likha\.vscode\extensions\redhat.java-1.45.0-win32-x64\jre\21.0.8-win32-x86_64\bin\jimage.dll
Event: 0.624 Loaded shared library c:\Users\likha\.vscode\extensions\redhat.java-1.45.0-win32-x64\jre\21.0.8-win32-x86_64\bin\verify.dll
Event: 5.194 Loaded shared library C:\Users\likha\AppData\Roaming\Code\User\globalStorage\redhat.java\1.45.0\config_win\org.eclipse.equinox.launcher\org.eclipse.equinox.launcher.win32.win32.x86_64_1.2.1400.v20250801-0854\eclipse_11916.dll
Event: 9.762 Loaded shared library C:\Users\likha\AppData\Local\Temp\jna-102974471\jna2685005558940421840.dll
Event: 117.406 Loaded shared library C:\Users\likha\.vscode\extensions\redhat.java-1.45.0-win32-x64\jre\21.0.8-win32-x86_64\bin\sunmscapi.dll

Deoptimization events (20 events):
Event: 2780.226 Thread 0x000002a4dfb44040 Uncommon trap: trap_request=0xffffff6e fr.pc=0x000002a488d5ec5c relative=0x0000000000000bdc
Event: 2780.226 Thread 0x000002a4dfb44040 Uncommon trap: reason=loop_limit_check action=maybe_recompile pc=0x000002a488d5ec5c method=org.eclipse.jdt.internal.compiler.lookup.BlockScope.findVariable([C)Lorg/eclipse/jdt/internal/compiler/lookup/LocalVariableBinding; @ 65 c2
Event: 2780.226 Thread 0x000002a4dfb44040 DEOPT PACKING pc=0x000002a488d5ec5c sp=0x000000e46c0fe890
Event: 2780.226 Thread 0x000002a4dfb44040 DEOPT UNPACKING pc=0x000002a487583aa2 sp=0x000000e46c0fe720 mode 2
Event: 2783.869 Thread 0x000002a4dfb43320 DEOPT PACKING pc=0x000002a482625834 sp=0x000000e46c3fe420
Event: 2783.869 Thread 0x000002a4dfb43320 DEOPT UNPACKING pc=0x000002a487584242 sp=0x000000e46c3fda78 mode 0
Event: 2785.435 Thread 0x000002a4d5af0d00 Uncommon trap: trap_request=0xffffffd6 fr.pc=0x000002a488d7bb18 relative=0x00000000000009b8
Event: 2785.435 Thread 0x000002a4d5af0d00 Uncommon trap: reason=array_check action=maybe_recompile pc=0x000002a488d7bb18 method=com.google.gson.internal.GsonTypes$ParameterizedTypeImpl.<init>(Ljava/lang/reflect/Type;Ljava/lang/Class;[Ljava/lang/reflect/Type;)V @ 136 c2
Event: 2785.435 Thread 0x000002a4d5af0d00 DEOPT PACKING pc=0x000002a488d7bb18 sp=0x000000e46d0fe770
Event: 2785.435 Thread 0x000002a4d5af0d00 DEOPT UNPACKING pc=0x000002a487583aa2 sp=0x000000e46d0fe6b0 mode 2
Event: 2787.207 Thread 0x000002a4dfb43320 Uncommon trap: trap_request=0xffffffc6 fr.pc=0x000002a488bb5f18 relative=0x0000000000002218
Event: 2787.207 Thread 0x000002a4dfb43320 Uncommon trap: reason=bimorphic_or_optimized_type_check action=maybe_recompile pc=0x000002a488bb5f18 method=org.eclipse.jdt.internal.compiler.lookup.BinaryTypeBinding$1.createBinding(Lorg/eclipse/jdt/internal/compiler/lookup/BinaryTypeBinding;Lorg/eclipse
Event: 2787.207 Thread 0x000002a4dfb43320 DEOPT PACKING pc=0x000002a488bb5f18 sp=0x000000e46c3fe3e0
Event: 2787.207 Thread 0x000002a4dfb43320 DEOPT UNPACKING pc=0x000002a487583aa2 sp=0x000000e46c3fe3e0 mode 2
Event: 2787.421 Thread 0x000002a4dfb44040 DEOPT PACKING pc=0x000002a48268484f sp=0x000000e46c0feb80
Event: 2787.421 Thread 0x000002a4dfb44040 DEOPT UNPACKING pc=0x000002a487584242 sp=0x000000e46c0fe060 mode 0
Event: 2787.542 Thread 0x000002a4d5af0d00 Uncommon trap: trap_request=0xffffffd6 fr.pc=0x000002a488d7bb18 relative=0x00000000000009b8
Event: 2787.542 Thread 0x000002a4d5af0d00 Uncommon trap: reason=array_check action=maybe_recompile pc=0x000002a488d7bb18 method=com.google.gson.internal.GsonTypes$ParameterizedTypeImpl.<init>(Ljava/lang/reflect/Type;Ljava/lang/Class;[Ljava/lang/reflect/Type;)V @ 136 c2
Event: 2787.542 Thread 0x000002a4d5af0d00 DEOPT PACKING pc=0x000002a488d7bb18 sp=0x000000e46d0fe770
Event: 2787.542 Thread 0x000002a4d5af0d00 DEOPT UNPACKING pc=0x000002a487583aa2 sp=0x000000e46d0fe6b0 mode 2

Classes loaded (20 events):
Event: 319.407 Loading class java/util/stream/Nodes$ToArrayTask done
Event: 319.407 Loading class java/util/stream/Nodes$ToArrayTask$OfRef done
Event: 319.469 Loading class java/io/ObjectOutputStream$BlockDataOutputStream
Event: 319.480 Loading class java/io/ObjectOutputStream$BlockDataOutputStream done
Event: 319.480 Loading class java/io/ObjectOutputStream$HandleTable
Event: 319.484 Loading class java/io/ObjectOutputStream$HandleTable done
Event: 319.485 Loading class java/io/ObjectOutputStream$ReplaceTable
Event: 319.492 Loading class java/io/ObjectOutputStream$ReplaceTable done
Event: 320.534 Loading class java/nio/charset/MalformedInputException
Event: 320.536 Loading class java/nio/charset/MalformedInputException done
Event: 446.027 Loading class java/nio/BufferMismatch
Event: 446.033 Loading class java/nio/BufferMismatch done
Event: 470.415 Loading class java/lang/UnsupportedClassVersionError
Event: 470.416 Loading class java/lang/UnsupportedClassVersionError done
Event: 480.446 Loading class jdk/internal/ref/CleanerImpl$InnocuousThreadFactory
Event: 480.447 Loading class jdk/internal/ref/CleanerImpl$InnocuousThreadFactory done
Event: 2732.980 Loading class java/util/concurrent/ConcurrentHashMap$TreeNode
Event: 2732.986 Loading class java/util/concurrent/ConcurrentHashMap$TreeNode done
Event: 2732.988 Loading class java/util/concurrent/ConcurrentHashMap$TreeBin
Event: 2732.997 Loading class java/util/concurrent/ConcurrentHashMap$TreeBin done

Classes unloaded (7 events):
Event: 13.707 Thread 0x000002a4f69dc150 Unloading class 0x000002a4901ac800 'java/lang/invoke/LambdaForm$MH+0x000002a4901ac800'
Event: 13.707 Thread 0x000002a4f69dc150 Unloading class 0x000002a4901ac400 'java/lang/invoke/LambdaForm$MH+0x000002a4901ac400'
Event: 13.707 Thread 0x000002a4f69dc150 Unloading class 0x000002a4901ac000 'java/lang/invoke/LambdaForm$MH+0x000002a4901ac000'
Event: 13.707 Thread 0x000002a4f69dc150 Unloading class 0x000002a4901abc00 'java/lang/invoke/LambdaForm$MH+0x000002a4901abc00'
Event: 13.707 Thread 0x000002a4f69dc150 Unloading class 0x000002a4901ab800 'java/lang/invoke/LambdaForm$BMH+0x000002a4901ab800'
Event: 13.707 Thread 0x000002a4f69dc150 Unloading class 0x000002a4901ab400 'java/lang/invoke/LambdaForm$DMH+0x000002a4901ab400'
Event: 13.707 Thread 0x000002a4f69dc150 Unloading class 0x000002a4901aa000 'java/lang/invoke/LambdaForm$DMH+0x000002a4901aa000'

Classes redefined (0 events):
No events

Internal exceptions (20 events):
Event: 2773.487 Thread 0x000002a4d5af1a20 Exception <a 'sun/nio/fs/WindowsException'{0x00000000d5819040}> (0x00000000d5819040) 
thrown [s\src\hotspot\share\prims\jni.cpp, line 520]
Event: 2775.923 Thread 0x000002a4d5af1a20 Exception <a 'sun/nio/fs/WindowsException'{0x00000000d579e958}> (0x00000000d579e958) 
thrown [s\src\hotspot\share\prims\jni.cpp, line 520]
Event: 2778.312 Thread 0x000002a4d5af1a20 Exception <a 'sun/nio/fs/WindowsException'{0x00000000d57cdd20}> (0x00000000d57cdd20) 
thrown [s\src\hotspot\share\prims\jni.cpp, line 520]
Event: 2778.318 Thread 0x000002a4d5af1a20 Implicit null exception at 0x000002a488727486 to 0x000002a48872761e
Event: 2783.230 Thread 0x000002a4d5af1a20 Exception <a 'sun/nio/fs/WindowsException'{0x00000000d55a8ba0}> (0x00000000d55a8ba0) 
thrown [s\src\hotspot\share\prims\jni.cpp, line 520]
Event: 2783.580 Thread 0x000002a4d5af4ea0 Exception <a 'sun/nio/fs/WindowsException'{0x00000000d55a3628}> (0x00000000d55a3628) 
thrown [s\src\hotspot\share\prims\jni.cpp, line 520]
Event: 2783.604 Thread 0x000002a4d5af4ea0 Exception <a 'sun/nio/fs/WindowsException'{0x00000000d570ab30}> (0x00000000d570ab30) 
thrown [s\src\hotspot\share\prims\jni.cpp, line 520]
Event: 2783.605 Thread 0x000002a4d43f5e20 Exception <a 'sun/nio/fs/WindowsException'{0x00000000d55cf240}> (0x00000000d55cf240) 
thrown [s\src\hotspot\share\prims\jni.cpp, line 520]
Event: 2783.605 Thread 0x000002a4d43f5e20 Exception <a 'sun/nio/fs/WindowsException'{0x00000000d55d0758}> (0x00000000d55d0758) 
thrown [s\src\hotspot\share\prims\jni.cpp, line 520]
Event: 2783.605 Thread 0x000002a4d5af7600 Exception <a 'sun/nio/fs/WindowsException'{0x00000000d5733920}> (0x00000000d5733920) 
thrown [s\src\hotspot\share\prims\jni.cpp, line 520]
Event: 2783.605 Thread 0x000002a4d43f5e20 Exception <a 'sun/nio/fs/WindowsException'{0x00000000d55d2838}> (0x00000000d55d2838) 
thrown [s\src\hotspot\share\prims\jni.cpp, line 520]
Event: 2783.609 Thread 0x000002a4d5af2dd0 Exception <a 'sun/nio/fs/WindowsException'{0x00000000d573a318}> (0x00000000d573a318) 
thrown [s\src\hotspot\share\prims\jni.cpp, line 520]
Event: 2783.611 Thread 0x000002a4d5af2dd0 Exception <a 'sun/nio/fs/WindowsException'{0x00000000d573bd40}> (0x00000000d573bd40) 
thrown [s\src\hotspot\share\prims\jni.cpp, line 520]
Event: 2783.622 Thread 0x000002a4d5af4ea0 Exception <a 'sun/nio/fs/WindowsException'{0x00000000d5895dc0}> (0x00000000d5895dc0) 
thrown [s\src\hotspot\share\prims\jni.cpp, line 520]
Event: 2784.170 Thread 0x000002a4d5af4ea0 Exception <a 'sun/nio/fs/WindowsException'{0x00000000d593b798}> (0x00000000d593b798) 
thrown [s\src\hotspot\share\prims\jni.cpp, line 520]
Event: 2784.170 Thread 0x000002a4d5af4ea0 Exception <a 'sun/nio/fs/WindowsException'{0x00000000d593bdb0}> (0x00000000d593bdb0) 
thrown [s\src\hotspot\share\prims\jni.cpp, line 520]
Event: 2784.172 Thread 0x000002a4d5af4ea0 Exception <a 'sun/nio/fs/WindowsException'{0x00000000d593c728}> (0x00000000d593c728) 
thrown [s\src\hotspot\share\prims\jni.cpp, line 520]
Event: 2784.172 Thread 0x000002a4d5af4ea0 Exception <a 'sun/nio/fs/WindowsException'{0x00000000d593cd40}> (0x00000000d593cd40) 
thrown [s\src\hotspot\share\prims\jni.cpp, line 520]
Event: 2784.949 Thread 0x000002a4d5af1a20 Exception <a 'sun/nio/fs/WindowsException'{0x00000000d56f06a8}> (0x00000000d56f06a8) 
thrown [s\src\hotspot\share\prims\jni.cpp, line 520]
Event: 2786.382 Thread 0x000002a4d5af1a20 Exception <a 'sun/nio/fs/WindowsException'{0x00000000d56161e0}> (0x00000000d56161e0) 
thrown [s\src\hotspot\share\prims\jni.cpp, line 520]

ZGC Phase Switch (0 events):
No events

VM Operations (20 events):
Event: 2787.023 Executing VM operation: ParallelGCFailedAllocation (Allocation Failure)
Event: 2787.030 Executing VM operation: ParallelGCFailedAllocation (Allocation Failure) done
Event: 2787.037 Executing VM operation: ParallelGCFailedAllocation (Allocation Failure)
Event: 2787.041 Executing VM operation: ParallelGCFailedAllocation (Allocation Failure) done
Event: 2787.056 Executing VM operation: ParallelGCFailedAllocation (Allocation Failure)
Event: 2787.064 Executing VM operation: ParallelGCFailedAllocation (Allocation Failure) done
Event: 2787.070 Executing VM operation: ParallelGCFailedAllocation (Allocation Failure)
Event: 2787.075 Executing VM operation: ParallelGCFailedAllocation (Allocation Failure) done
Event: 2787.091 Executing VM operation: ParallelGCFailedAllocation (Allocation Failure)
Event: 2787.100 Executing VM operation: ParallelGCFailedAllocation (Allocation Failure) done
Event: 2787.114 Executing VM operation: ParallelGCFailedAllocation (Allocation Failure)
Event: 2787.121 Executing VM operation: ParallelGCFailedAllocation (Allocation Failure) done
Event: 2787.207 Executing VM operation: ParallelGCFailedAllocation (Allocation Failure)
Event: 2787.217 Executing VM operation: ParallelGCFailedAllocation (Allocation Failure) done
Event: 2787.438 Executing VM operation: ParallelGCFailedAllocation (Allocation Failure)
Event: 2787.541 Executing VM operation: ParallelGCFailedAllocation (Allocation Failure) done
Event: 2787.541 Executing VM operation: HandshakeAllThreads (Deoptimize)
Event: 2787.556 Executing VM operation: HandshakeAllThreads (Deoptimize) done
Event: 2787.556 Executing VM operation: ParallelGCFailedAllocation (Allocation Failure)
Event: 2787.559 Executing VM operation: ParallelGCFailedAllocation (Allocation Failure) done

Memory protections (0 events):
No events

Nmethod flushes (20 events):
Event: 475.973 Thread 0x000002a4f69dc150 flushing  nmethod 0x000002a48124fb90
Event: 475.973 Thread 0x000002a4f69dc150 flushing  nmethod 0x000002a481251710
Event: 475.973 Thread 0x000002a4f69dc150 flushing  nmethod 0x000002a48125a490
Event: 475.974 Thread 0x000002a4f69dc150 flushing  nmethod 0x000002a481270310
Event: 475.974 Thread 0x000002a4f69dc150 flushing  nmethod 0x000002a481279310
Event: 475.974 Thread 0x000002a4f69dc150 flushing  nmethod 0x000002a48127a890
Event: 475.974 Thread 0x000002a4f69dc150 flushing  nmethod 0x000002a481294d10
Event: 475.974 Thread 0x000002a4f69dc150 flushing  nmethod 0x000002a48129d590
Event: 475.974 Thread 0x000002a4f69dc150 flushing  nmethod 0x000002a48129da10
Event: 475.974 Thread 0x000002a4f69dc150 flushing  nmethod 0x000002a48129de90
Event: 475.974 Thread 0x000002a4f69dc150 flushing  nmethod 0x000002a48129e590
Event: 475.974 Thread 0x000002a4f69dc150 flushing  nmethod 0x000002a4812a5510
Event: 475.974 Thread 0x000002a4f69dc150 flushing  nmethod 0x000002a4812ad910
Event: 475.974 Thread 0x000002a4f69dc150 flushing  nmethod 0x000002a4812b0790
Event: 475.974 Thread 0x000002a4f69dc150 flushing  nmethod 0x000002a48138ba90
Event: 475.974 Thread 0x000002a4f69dc150 flushing  nmethod 0x000002a4813ae210
Event: 475.974 Thread 0x000002a4f69dc150 flushing  nmethod 0x000002a4813f7e90
Event: 475.974 Thread 0x000002a4f69dc150 flushing  nmethod 0x000002a4813fc590
Event: 475.975 Thread 0x000002a4f69dc150 flushing  nmethod 0x000002a4813fef90
Event: 475.975 Thread 0x000002a4f69dc150 flushing  nmethod 0x000002a481401890

Events (20 events):
Event: 744.670 Thread 0x000002a4fe374c50 Thread added: 0x000002a4dfe057f0
Event: 745.025 Thread 0x000002a4dfe057f0 Thread exited: 0x000002a4dfe057f0
Event: 788.198 Thread 0x000002a4dfb42600 Thread exited: 0x000002a4dfb42600
Event: 2722.551 Thread 0x000002a4dfb42c90 Thread added: 0x000002a4dfb40bc0
Event: 2722.631 Thread 0x000002a4dfb40bc0 Thread added: 0x000002a4dfb3d740
Event: 2723.505 Thread 0x000002a4dfb44040 Thread added: 0x000002a4dfb41250
Event: 2723.977 Thread 0x000002a4d5af0d00 Thread added: 0x000002a4dfb42600
Event: 2723.985 Thread 0x000002a4dfb44040 Thread added: 0x000002a4dfb43320
Event: 2723.994 Thread 0x000002a4d5af0d00 Thread added: 0x000002a4d5af5530
Event: 2723.999 Thread 0x000002a4d5af0d00 Thread added: 0x000002a4d5af4810
Event: 2727.119 Thread 0x000002a4dfb3d740 Thread added: 0x000002a4d5af3460
Event: 2727.408 Thread 0x000002a4dfb40bc0 Thread added: 0x000002a4d5af4ea0
Event: 2729.534 Thread 0x000002a4fe307140 Thread added: 0x000002a4dfe05ec0
Event: 2730.109 Thread 0x000002a4dfe05ec0 Thread exited: 0x000002a4dfe05ec0
Event: 2770.081 Thread 0x000002a4dfb44040 Thread added: 0x000002a4d5af2dd0
Event: 2770.156 Thread 0x000002a4d5af2dd0 Thread added: 0x000002a4d5af7600
Event: 2770.169 Thread 0x000002a4d5af2dd0 Thread added: 0x000002a4d43f5e20
Event: 2770.644 Thread 0x000002a4dfb44040 Thread added: 0x000002a4d43f64b0
Event: 2770.664 Thread 0x000002a4dfb44040 Thread added: 0x000002a4d43f6b40
Event: 2783.614 Thread 0x000002a4d5af7600 Thread added: 0x000002a4d43f8580


Dynamic libraries:
0x00007ff76ec10000 - 0x00007ff76ec1e000 	c:\Users\likha\.vscode\extensions\redhat.java-1.45.0-win32-x64\jre\21.0.8-win32-x86_64\bin\java.exe
0x00007fff069a0000 - 0x00007fff06c09000 	C:\WINDOWS\SYSTEM32\ntdll.dll
0x00007fff05780000 - 0x00007fff05849000 	C:\WINDOWS\System32\KERNEL32.DLL
0x00007fff040d0000 - 0x00007fff044c3000 	C:\WINDOWS\System32\KERNELBASE.dll
0x00007fff04560000 - 0x00007fff046ab000 	C:\WINDOWS\System32\ucrtbase.dll
0x00007ffee8570000 - 0x00007ffee8588000 	c:\Users\likha\.vscode\extensions\redhat.java-1.45.0-win32-x64\jre\21.0.8-win32-x86_64\bin\jli.dll
0x00007fff04af0000 - 0x00007fff04cb4000 	C:\WINDOWS\System32\USER32.dll
0x00007fff03b30000 - 0x00007fff03b57000 	C:\WINDOWS\System32\win32u.dll
0x00007fff048d0000 - 0x00007fff048fb000 	C:\WINDOWS\System32\GDI32.dll
0x00007fff03b60000 - 0x00007fff03c8d000 	C:\WINDOWS\System32\gdi32full.dll
0x00007fff03eb0000 - 0x00007fff03f53000 	C:\WINDOWS\System32\msvcp_win.dll
0x00007ffee6c80000 - 0x00007ffee6c9e000 	c:\Users\likha\.vscode\extensions\redhat.java-1.45.0-win32-x64\jre\21.0.8-win32-x86_64\bin\VCRUNTIME140.dll
0x00007ffef0d10000 - 0x00007ffef0fa3000 	C:\WINDOWS\WinSxS\amd64_microsoft.windows.common-controls_6595b64144ccf1df_6.0.26100.5074_none_3e0d6f78e32fd63f\COMCTL32.dll
0x00007fff06760000 - 0x00007fff06809000 	C:\WINDOWS\System32\msvcrt.dll
0x00007fff04900000 - 0x00007fff0492f000 	C:\WINDOWS\System32\IMM32.DLL
0x00007ffef53d0000 - 0x00007ffef53dc000 	c:\Users\likha\.vscode\extensions\redhat.java-1.45.0-win32-x64\jre\21.0.8-win32-x86_64\bin\vcruntime140_1.dll
0x00007ffedeb30000 - 0x00007ffedebbd000 	c:\Users\likha\.vscode\extensions\redhat.java-1.45.0-win32-x64\jre\21.0.8-win32-x86_64\bin\msvcp140.dll
0x00007ffe813d0000 - 0x00007ffe82167000 	c:\Users\likha\.vscode\extensions\redhat.java-1.45.0-win32-x64\jre\21.0.8-win32-x86_64\bin\server\jvm.dll
0x00007fff05a70000 - 0x00007fff05b24000 	C:\WINDOWS\System32\ADVAPI32.dll
0x00007fff04a40000 - 0x00007fff04ae6000 	C:\WINDOWS\System32\sechost.dll
0x00007fff06810000 - 0x00007fff06928000 	C:\WINDOWS\System32\RPCRT4.dll
0x00007fff05db0000 - 0x00007fff05e24000 	C:\WINDOWS\System32\WS2_32.dll
0x00007ffefcc00000 - 0x00007ffefcc35000 	C:\WINDOWS\SYSTEM32\WINMM.dll
0x00007ffefcc40000 - 0x00007ffefcc4b000 	C:\WINDOWS\SYSTEM32\VERSION.dll
0x00007fff039b0000 - 0x00007fff03a0e000 	C:\WINDOWS\SYSTEM32\POWRPROF.dll
0x00007fff03990000 - 0x00007fff039a4000 	C:\WINDOWS\SYSTEM32\UMPDC.dll
0x00007fff02910000 - 0x00007fff0292b000 	C:\WINDOWS\SYSTEM32\kernel.appcore.dll
0x00007ffee8400000 - 0x00007ffee840a000 	c:\Users\likha\.vscode\extensions\redhat.java-1.45.0-win32-x64\jre\21.0.8-win32-x86_64\bin\jimage.dll
0x00007ffef43d0000 - 0x00007ffef4612000 	C:\WINDOWS\SYSTEM32\DBGHELP.DLL
0x00007fff05f20000 - 0x00007fff0629b000 	C:\WINDOWS\System32\combase.dll
0x00007fff05b30000 - 0x00007fff05c07000 	C:\WINDOWS\System32\OLEAUT32.dll
0x00007ffee5010000 - 0x00007ffee504d000 	C:\WINDOWS\SYSTEM32\dbgcore.DLL
0x00007fff03c90000 - 0x00007fff03d29000 	C:\WINDOWS\System32\bcryptPrimitives.dll
0x00007ffee7bd0000 - 0x00007ffee7bdf000 	c:\Users\likha\.vscode\extensions\redhat.java-1.45.0-win32-x64\jre\21.0.8-win32-x86_64\bin\instrument.dll
0x00007ffee5990000 - 0x00007ffee59af000 	c:\Users\likha\.vscode\extensions\redhat.java-1.45.0-win32-x64\jre\21.0.8-win32-x86_64\bin\java.dll
0x00007fff04fa0000 - 0x00007fff056ed000 	C:\WINDOWS\System32\SHELL32.dll
0x00007fff03f60000 - 0x00007fff040cc000 	C:\WINDOWS\System32\wintypes.dll
0x00007fff01780000 - 0x00007fff01fd9000 	C:\WINDOWS\SYSTEM32\windows.storage.dll
0x00007fff047d0000 - 0x00007fff048c0000 	C:\WINDOWS\System32\SHCORE.dll
0x00007fff04cd0000 - 0x00007fff04d32000 	C:\WINDOWS\System32\shlwapi.dll
0x00007fff03a50000 - 0x00007fff03a79000 	C:\WINDOWS\SYSTEM32\profapi.dll
0x00007ffedeb10000 - 0x00007ffedeb28000 	c:\Users\likha\.vscode\extensions\redhat.java-1.45.0-win32-x64\jre\21.0.8-win32-x86_64\bin\zip.dll
0x00007ffee6b60000 - 0x00007ffee6b70000 	C:\Users\likha\.vscode\extensions\redhat.java-1.45.0-win32-x64\jre\21.0.8-win32-x86_64\bin\net.dll
0x00007ffef80d0000 - 0x00007ffef81ef000 	C:\WINDOWS\SYSTEM32\WINHTTP.dll
0x00007fff02e90000 - 0x00007fff02efb000 	C:\WINDOWS\system32\mswsock.dll
0x00007ffedeaf0000 - 0x00007ffedeb06000 	C:\Users\likha\.vscode\extensions\redhat.java-1.45.0-win32-x64\jre\21.0.8-win32-x86_64\bin\nio.dll
0x00007ffee51a0000 - 0x00007ffee51b0000 	c:\Users\likha\.vscode\extensions\redhat.java-1.45.0-win32-x64\jre\21.0.8-win32-x86_64\bin\verify.dll
0x00007ffedea30000 - 0x00007ffedea74000 	C:\Users\likha\AppData\Roaming\Code\User\globalStorage\redhat.java\1.45.0\config_win\org.eclipse.equinox.launcher\org.eclipse.equinox.launcher.win32.win32.x86_64_1.2.1400.v20250801-0854\eclipse_11916.dll
0x00007fff05c10000 - 0x00007fff05da8000 	C:\WINDOWS\System32\ole32.dll
0x00007fff03130000 - 0x00007fff0314b000 	C:\WINDOWS\SYSTEM32\CRYPTSP.dll
0x00007fff02850000 - 0x00007fff0288b000 	C:\WINDOWS\system32\rsaenh.dll
0x00007fff02f30000 - 0x00007fff02f5b000 	C:\WINDOWS\SYSTEM32\USERENV.dll
0x00007fff03a20000 - 0x00007fff03a46000 	C:\WINDOWS\SYSTEM32\bcrypt.dll
0x00007fff03150000 - 0x00007fff0315c000 	C:\WINDOWS\SYSTEM32\CRYPTBASE.dll
0x00007fff02330000 - 0x00007fff02364000 	C:\WINDOWS\SYSTEM32\IPHLPAPI.DLL
0x00007fff05770000 - 0x00007fff0577a000 	C:\WINDOWS\System32\NSI.dll
0x00007ffec9ed0000 - 0x00007ffec9f19000 	C:\Users\likha\AppData\Local\Temp\jna-102974471\jna2685005558940421840.dll
0x00007fff06930000 - 0x00007fff06938000 	C:\WINDOWS\System32\PSAPI.DLL
0x00007ffef8320000 - 0x00007ffef833e000 	C:\WINDOWS\SYSTEM32\dhcpcsvc6.DLL
0x00007ffef80a0000 - 0x00007ffef80c3000 	C:\WINDOWS\SYSTEM32\dhcpcsvc.DLL
0x00007fff02a30000 - 0x00007fff02a66000 	C:\WINDOWS\SYSTEM32\ntmarta.dll
0x00007ffefeab0000 - 0x00007ffefeabe000 	C:\Users\likha\.vscode\extensions\redhat.java-1.45.0-win32-x64\jre\21.0.8-win32-x86_64\bin\sunmscapi.dll
0x00007fff03d30000 - 0x00007fff03ea7000 	C:\WINDOWS\System32\CRYPT32.dll
0x00007fff03350000 - 0x00007fff03380000 	C:\WINDOWS\SYSTEM32\ncrypt.dll
0x00007fff03300000 - 0x00007fff0333f000 	C:\WINDOWS\SYSTEM32\NTASN1.dll

JVMTI agents:
c:\Users\likha\.vscode\extensions\redhat.java-1.45.0-win32-x64\lombok\lombok-1.18.39-4050.jar path:c:\Users\likha\.vscode\extensions\redhat.java-1.45.0-win32-x64\jre\21.0.8-win32-x86_64\bin\instrument.dll, loaded, initialized, instrumentlib options:none

dbghelp: loaded successfully - version: 4.0.5 - missing functions: none
symbol engine: initialized successfully - sym options: 0x614 - pdb path: .;c:\Users\likha\.vscode\extensions\redhat.java-1.45.0-win32-x64\jre\21.0.8-win32-x86_64\bin;C:\WINDOWS\SYSTEM32;C:\WINDOWS\WinSxS\amd64_microsoft.windows.common-controls_6595b64144ccf1df_6.0.26100.5074_none_3e0d6f78e32fd63f;c:\Users\likha\.vscode\extensions\redhat.java-1.45.0-win32-x64\jre\21.0.8-win32-x86_64\bin\server;C:\Users\likha\AppData\Roaming\Code\User\globalStorage\redhat.java\1.45.0\config_win\org.eclipse.equinox.launcher\org.eclipse.equinox.launcher.win32.win32.x86_64_1.2.1400.v20250801-0854;C:\Users\likha\AppData\Local\Temp\jna-102974471

VM Arguments:
jvm_args: --add-modules=ALL-SYSTEM --add-opens=java.base/java.util=ALL-UNNAMED --add-opens=java.base/java.lang=ALL-UNNAMED --add-opens=java.base/sun.nio.fs=ALL-UNNAMED -Declipse.application=org.eclipse.jdt.ls.core.id1 -Dosgi.bundles.defaultStartLevel=4 -Declipse.product=org.eclipse.jdt.ls.core.product -Djava.import.generatesMetadataFilesAtProjectRoot=false -DDetectVMInstallationsJob.disabled=true -Dfile.encoding=utf8 -XX:+UseParallelGC -XX:GCTimeRatio=4 -XX:AdaptiveSizePolicyWeight=90 -Dsun.zip.disableMemoryMapping=true -Xmx2G -Xms100m -Xlog:disable -javaagent:c:\Users\likha\.vscode\extensions\redhat.java-1.45.0-win32-x64\lombok\lombok-1.18.39-4050.jar -XX:+HeapDumpOnOutOfMemoryError -XX:HeapDumpPath=c:\Users\likha\AppData\Roaming\Code\User\workspaceStorage\a2058062a52434c57d1d4378ec160e2d\redhat.java -Daether.dependencyCollector.impl=bf 
java_command: c:\Users\likha\.vscode\extensions\redhat.java-1.45.0-win32-x64\server\plugins\org.eclipse.equinox.launcher_1.7.0.v20250519-0528.jar -configuration c:\Users\likha\AppData\Roaming\Code\User\globalStorage\redhat.java\1.45.0\config_win -data c:\Users\likha\AppData\Roaming\Code\User\workspaceStorage\a2058062a52434c57d1d4378ec160e2d\redhat.java\jdt_ws --pipe=\\.\pipe\lsp-d5c95dbe6515b206c216943dd1ad5929-sock
java_class_path (initial): c:\Users\likha\.vscode\extensions\redhat.java-1.45.0-win32-x64\server\plugins\org.eclipse.equinox.launcher_1.7.0.v20250519-0528.jar
Launcher Type: SUN_STANDARD

[Global flags]
    uintx AdaptiveSizePolicyWeight                 = 90                                        {product} {command line}
     intx CICompilerCount                          = 3                                         {product} {ergonomic}
    uintx GCTimeRatio                              = 4                                         {product} {command line}
     bool HeapDumpOnOutOfMemoryError               = true                                   {manageable} {command line}
    ccstr HeapDumpPath                             = c:\Users\likha\AppData\Roaming\Code\User\workspaceStorage\a2058062a52434c57d1d4378ec160e2d\redhat.java         {manageable} {command line}
   size_t InitialHeapSize                          = 104857600                                 {product} {command line}
   size_t MaxHeapSize                              = 2147483648                                {product} {command line}
   size_t MaxNewSize                               = 715653120                                 {product} {ergonomic}
   size_t MinHeapDeltaBytes                        = 524288                                    {product} {ergonomic}
   size_t MinHeapSize                              = 104857600                                 {product} {command line}
   size_t NewSize                                  = 34603008                                  {product} {ergonomic}
    uintx NonNMethodCodeHeapSize                   = 5832780                                {pd product} {ergonomic}
    uintx NonProfiledCodeHeapSize                  = 122912730                              {pd product} {ergonomic}
   size_t OldSize                                  = 70254592                                  {product} {ergonomic}
    uintx ProfiledCodeHeapSize                     = 122912730                              {pd product} {ergonomic}
    uintx ReservedCodeCacheSize                    = 251658240                              {pd product} {ergonomic}
     bool SegmentedCodeCache                       = true                                      {product} {ergonomic}
   size_t SoftMaxHeapSize                          = 2147483648                             {manageable} {ergonomic}
     bool UseCompressedOops                        = true                           {product lp64_product} {ergonomic}
     bool UseLargePagesIndividualAllocation        = false                                  {pd product} {ergonomic}
     bool UseParallelGC                            = true                                      {product} {command line}

Logging:
Log output configuration:
 #0: stdout all=off uptime,level,tags foldmultilines=false
 #1: stderr all=off uptime,level,tags foldmultilines=false

Environment Variables:
PATH=C:\Program Files\Common Files\Oracle\Java\javapath;C:\WINDOWS\system32;C:\WINDOWS;C:\WINDOWS\System32\Wbem;C:\WINDOWS\System32\WindowsPowerShell\v1.0\;C:\WINDOWS\System32\OpenSSH\;C:\Program Files\nodejs\;C:\Program Files (x86)\Windows Kits\10\Windows Performance Toolkit\;C:\Program Files\Git\cmd;C:\Program Files\CMake\bin;C:\ProgramData\chocolatey\bin;c:\Users\likha\AppData\Local\Programs\cursor\resources\app\bin;C:\Program Files\dotnet\;C:\composer;C:\Users\likha\AppData\Local\Programs\Python\Launcher\;C:\Users\likha\AppData\Local\Programs\Python\Python38\Scripts\;C:\Users\likha\AppData\Local\Programs\Python\Python38\;C:\Users\likha\AppData\Local\Microsoft\WindowsApps;C:\Users\likha\AppData\Local\JetBrains\Toolbox\scripts;C:\Users\likha\AppData\Roaming\npm;C:\Users\likha\AppData\Local\Programs\Microsoft VS Code\bin;C:\Program Files\nodejs;C:\Program Files\CMake\bin;C:\flutter\bin;C:\platform-tools;C:\xampp\php-8.2.29;C:\Users\likha\AppData\Roaming\Composer\vendor\bin;
USERNAME=likha
OS=Windows_NT
PROCESSOR_IDENTIFIER=AMD64 Family 23 Model 24 Stepping 1, AuthenticAMD
TMP=C:\Users\likha\AppData\Local\Temp
TEMP=C:\Users\likha\AppData\Local\Temp




Periodic native trim disabled

---------------  S Y S T E M  ---------------

OS:
 Windows 11 , 64 bit Build 26100 (10.0.26100.5074)
OS uptime: 1 days 6:42 hours
Hyper-V role detected

CPU: total 4 (initial active 4) (4 cores per cpu, 1 threads per core) family 23 model 24 stepping 1 microcode 0x8108109, cx8, cmov, fxsr, mmx, 3dnowpref, sse, sse2, sse3, ssse3, sse4a, sse4.1, sse4.2, popcnt, lzcnt, tsc, tscinvbit, avx, avx2, aes, clmul, bmi1, bmi2, adx, sha, fma, vzeroupper, clflush, clflushopt, hv, rdtscp, f16c
Processor Information for the first 4 processors :
  Max Mhz: 2100, Current Mhz: 2100, Mhz Limit: 2100

Memory: 4k page, system-wide physical 3526M (256M free)
TotalPageFile size 14278M (AvailPageFile size 5M)
current process WorkingSet (physical memory assigned to process): 442M, peak: 752M
current process commit charge ("private bytes"): 1663M, peak: 1720M

vm_info: OpenJDK 64-Bit Server VM (21.0.8+9-LTS) for windows-amd64 JRE (21.0.8+9-LTS), built on 2025-07-15T00:00:00Z by "admin" with MS VC++ 17.7 (VS2022)

END.
