#
# There is insufficient memory for the Java Runtime Environment to continue.
# Native memory allocation (malloc) failed to allocate 1853616 bytes. Error detail: Chunk::new
# Possible reasons:
#   The system is out of physical RAM or swap space
#   This process is running with CompressedOops enabled, and the Java Heap may be blocking the growth of the native heap
# Possible solutions:
#   Reduce memory load on the system
#   Increase physical memory or swap space
#   Check if swap backing store is full
#   Decrease Java heap size (-Xmx/-Xms)
#   Decrease number of Java threads
#   Decrease Java thread stack sizes (-Xss)
#   Set larger code cache with -XX:ReservedCodeCacheSize=
#   JVM is running with Unscaled Compressed Oops mode in which the Java heap is
#     placed in the first 4GB address space. The Java Heap base address is the
#     maximum limit for the native heap growth. Please use -XX:HeapBaseMinAddress
#     to set the Java Heap base and to place the Java Heap above 4GB virtual address.
# This output file may be truncated or incomplete.
#
#  Out of Memory Error (arena.cpp:149), pid=17460, tid=12088
#
# JRE version: OpenJDK Runtime Environment Temurin-23.0.2+7 (23.0.2+7) (build 23.0.2+7)
# Java VM: OpenJDK 64-Bit Server VM Temurin-23.0.2+7 (23.0.2+7, mixed mode, sharing, tiered, compressed oops, compressed class ptrs, g1 gc, windows-amd64)
# No core dump will be written. Minidumps are not enabled by default on client versions of Windows
#

---------------  S U M M A R Y ------------

Command Line: -Dfile.encoding=UTF-8 -Dstdout.encoding=UTF-8 -Dstderr.encoding=UTF-8 -XX:+ShowCodeDetailsInExceptionMessages com.playstore.owner_service.OwnerServiceApplication

Host: AMD Ryzen 3 3300U with Radeon Vega Mobile Gfx  , 4 cores, 3G,  Windows 11 , 64 bit Build 26100 (10.0.26100.5074)
Time: Wed Sep 10 01:03:44 2025 India Standard Time elapsed time: 38.214061 seconds (0d 0h 0m 38s)

---------------  T H R E A D  ---------------

Current thread (0x000001d7b8ce1a60):  JavaThread "C2 CompilerThread0" daemon [_thread_in_native, id=12088, stack(0x0000003a40300000,0x0000003a40400000) (1024K)]


Current CompileTask:
C2:38216 5153   !   4       org.springframework.core.annotation.AnnotationsScanner::processMethodHierarchy (276 bytes)

Stack: [0x0000003a40300000,0x0000003a40400000]
Native frames: (J=compiled Java code, j=interpreted, Vv=VM code, C=native code)
V  [jvm.dll+0x6e8fa9]  (no source info available)
V  [jvm.dll+0x8d96b3]  (no source info available)
V  [jvm.dll+0x8dbb3e]  (no source info available)
V  [jvm.dll+0x8dc213]  (no source info available)
V  [jvm.dll+0x281bc6]  (no source info available)
V  [jvm.dll+0xbbb0f]  (no source info available)
V  [jvm.dll+0xbbd6b]  (no source info available)
V  [jvm.dll+0x3ba062]  (no source info available)
V  [jvm.dll+0x1e1f0e]  (no source info available)
V  [jvm.dll+0x24af25]  (no source info available)
V  [jvm.dll+0x24a13f]  (no source info available)
V  [jvm.dll+0x1c8fb0]  (no source info available)
V  [jvm.dll+0x25a23e]  (no source info available)
V  [jvm.dll+0x25850a]  (no source info available)
V  [jvm.dll+0x3f4916]  (no source info available)
V  [jvm.dll+0x88062b]  (no source info available)
V  [jvm.dll+0x6e77b5]  (no source info available)
C  [ucrtbase.dll+0x37b0]  (no source info available)
C  [KERNEL32.DLL+0x2e8d7]  (no source info available)
C  [ntdll.dll+0x8d9c]  (no source info available)

Lock stack of current Java thread (top to bottom):


---------------  P R O C E S S  ---------------

Threads class SMR info:
_java_thread_list=0x000001d7feea0cf0, length=15, elements={
0x000001d7a06606c0, 0x000001d7b8cd6760, 0x000001d7b8cd8930, 0x000001d7b8cddda0,
0x000001d7b8cde800, 0x000001d7b8cdf260, 0x000001d7b8ce0cd0, 0x000001d7b8ce1a60,
0x000001d7b8d4bbe0, 0x000001d7fe1b1b90, 0x000001d7fe1c2200, 0x000001d7fe7edfb0,
0x000001d7fe738e90, 0x000001d7fef40530, 0x000001d7fef41250
}

Java Threads: ( => current thread )
  0x000001d7a06606c0 JavaThread "main"                              [_thread_in_native, id=5432, stack(0x0000003a3f500000,0x0000003a3f600000) (1024K)]
  0x000001d7b8cd6760 JavaThread "Reference Handler"          daemon [_thread_blocked, id=15024, stack(0x0000003a3fd00000,0x0000003a3fe00000) (1024K)]
  0x000001d7b8cd8930 JavaThread "Finalizer"                  daemon [_thread_blocked, id=6576, stack(0x0000003a3fe00000,0x0000003a3ff00000) (1024K)]
  0x000001d7b8cddda0 JavaThread "Signal Dispatcher"          daemon [_thread_blocked, id=1320, stack(0x0000003a3ff00000,0x0000003a40000000) (1024K)]
  0x000001d7b8cde800 JavaThread "Attach Listener"            daemon [_thread_blocked, id=10196, stack(0x0000003a40000000,0x0000003a40100000) (1024K)]
  0x000001d7b8cdf260 JavaThread "Service Thread"             daemon [_thread_blocked, id=16152, stack(0x0000003a40100000,0x0000003a40200000) (1024K)]
  0x000001d7b8ce0cd0 JavaThread "Monitor Deflation Thread"   daemon [_thread_blocked, id=12892, stack(0x0000003a40200000,0x0000003a40300000) (1024K)]
=>0x000001d7b8ce1a60 JavaThread "C2 CompilerThread0"         daemon [_thread_in_native, id=12088, stack(0x0000003a40300000,0x0000003a40400000) (1024K)]
  0x000001d7b8d4bbe0 JavaThread "C1 CompilerThread0"         daemon [_thread_blocked, id=16496, stack(0x0000003a40400000,0x0000003a40500000) (1024K)]
  0x000001d7fe1b1b90 JavaThread "Notification Thread"        daemon [_thread_blocked, id=15428, stack(0x0000003a40500000,0x0000003a40600000) (1024K)]
  0x000001d7fe1c2200 JavaThread "Common-Cleaner"             daemon [_thread_blocked, id=12508, stack(0x0000003a40600000,0x0000003a40700000) (1024K)]
  0x000001d7fe7edfb0 JavaThread "HikariPool-1 housekeeper"   daemon [_thread_blocked, id=13696, stack(0x0000003a40a00000,0x0000003a40b00000) (1024K)]
  0x000001d7fe738e90 JavaThread "Catalina-utility-1"                [_thread_blocked, id=9980, stack(0x0000003a40c00000,0x0000003a40d00000) (1024K)]
  0x000001d7fef40530 JavaThread "Catalina-utility-2"                [_thread_blocked, id=12504, stack(0x0000003a40d00000,0x0000003a40e00000) (1024K)]
  0x000001d7fef41250 JavaThread "container-0"                       [_thread_blocked, id=10976, stack(0x0000003a40e00000,0x0000003a40f00000) (1024K)]
Total: 15

Other Threads:
  0x000001d7b8cba400 VMThread "VM Thread"                           [id=17380, stack(0x0000003a3fc00000,0x0000003a3fd00000) (1024K)]
  0x000001d7a2b38320 WatcherThread "VM Periodic Task Thread"        [id=11832, stack(0x0000003a3fb00000,0x0000003a3fc00000) (1024K)]
  0x000001d7a2ac4450 WorkerThread "GC Thread#0"                     [id=10868, stack(0x0000003a3f600000,0x0000003a3f700000) (1024K)]
  0x000001d7fe98a8c0 WorkerThread "GC Thread#1"                     [id=14556, stack(0x0000003a40700000,0x0000003a40800000) (1024K)]
  0x000001d7fe9646a0 WorkerThread "GC Thread#2"                     [id=1764, stack(0x0000003a40800000,0x0000003a40900000) (1024K)]
  0x000001d7fe87a810 WorkerThread "GC Thread#3"                     [id=18024, stack(0x0000003a40900000,0x0000003a40a00000) (1024K)]
  0x000001d7a2acde70 ConcurrentGCThread "G1 Main Marker"            [id=3376, stack(0x0000003a3f700000,0x0000003a3f800000) (1024K)]
  0x000001d7a2ad0040 WorkerThread "G1 Conc#0"                       [id=12092, stack(0x0000003a3f800000,0x0000003a3f900000) (1024K)]
  0x000001d7a2b23b50 ConcurrentGCThread "G1 Refine#0"               [id=3988, stack(0x0000003a3f900000,0x0000003a3fa00000) (1024K)]
  0x000001d7a2b25d90 ConcurrentGCThread "G1 Service"                [id=6112, stack(0x0000003a3fa00000,0x0000003a3fb00000) (1024K)]
Total: 10

Threads with active compile tasks:
C2 CompilerThread0  38387 5153   !   4       org.springframework.core.annotation.AnnotationsScanner::processMethodHierarchy (276 bytes)
Total: 1

VM state: not at safepoint (normal execution)

VM Mutex/Monitor currently owned by a thread: None

Heap address: 0x00000000c8e00000, size: 882 MB, Compressed Oops mode: 32-bit

CDS archive(s) mapped at: [0x000001d7b9000000-0x000001d7b9d70000-0x000001d7b9d70000), size 14090240, SharedBaseAddress: 0x000001d7b9000000, ArchiveRelocationMode: 1.
Compressed class space mapped at: 0x000001d7ba000000-0x000001d7fa000000, reserved size: 1073741824
Narrow klass base: 0x000001d7b9000000, Narrow klass shift: 0, Narrow klass range: 0x41000000

GC Precious Log:
 CardTable entry size: 512
 Card Set container configuration: InlinePtr #cards 5 size 8 Array Of Cards #cards 10 size 36 Howl #buckets 4 coarsen threshold 1843 Howl Bitmap #cards 512 size 80 coarsen threshold 460 Card regions per heap region 1 cards per card region 2048
 CPUs: 4 total, 4 available
 Memory: 3526M
 Large Page Support: Disabled
 NUMA Support: Disabled
 Compressed Oops: Enabled (32-bit)
 Heap Region Size: 1M
 Heap Min Capacity: 8M
 Heap Initial Capacity: 56M
 Heap Max Capacity: 882M
 Pre-touch: Disabled
 Parallel Workers: 4
 Concurrent Workers: 1
 Concurrent Refinement Workers: 4
 Periodic GC: Disabled

Heap:
 garbage-first heap   total reserved 903168K, committed 55296K, used 43206K [0x00000000c8e00000, 0x0000000100000000)
  region size 1024K, 18 young (18432K), 3 survivors (3072K)
 Metaspace       used 54246K, committed 54848K, reserved 1114112K
  class space    used 7474K, committed 7744K, reserved 1048576K

Heap Regions: E=young(eden), S=young(survivor), O=old, HS=humongous(starts), HC=humongous(continues), CS=collection set, F=free, TAMS=top-at-mark-start, PB=parsable bottom
|   0|0x00000000c8e00000, 0x00000000c8f00000, 0x00000000c8f00000|100%|HS|  |TAMS 0x00000000c8e00000| PB 0x00000000c8e00000| Complete |  0
|   1|0x00000000c8f00000, 0x00000000c9000000, 0x00000000c9000000|100%|HS|  |TAMS 0x00000000c8f00000| PB 0x00000000c8f00000| Complete |  0
|   2|0x00000000c9000000, 0x00000000c9100000, 0x00000000c9100000|100%| O|  |TAMS 0x00000000c9000000| PB 0x00000000c9000000| Untracked |  0
|   3|0x00000000c9100000, 0x00000000c9200000, 0x00000000c9200000|100%| O|  |TAMS 0x00000000c9100000| PB 0x00000000c9100000| Untracked |  0
|   4|0x00000000c9200000, 0x00000000c9300000, 0x00000000c9300000|100%| O|  |TAMS 0x00000000c9200000| PB 0x00000000c9200000| Untracked |  0
|   5|0x00000000c9300000, 0x00000000c9400000, 0x00000000c9400000|100%| O|  |TAMS 0x00000000c9300000| PB 0x00000000c9300000| Untracked |  0
|   6|0x00000000c9400000, 0x00000000c9500000, 0x00000000c9500000|100%| O|  |TAMS 0x00000000c9400000| PB 0x00000000c9400000| Untracked |  0
|   7|0x00000000c9500000, 0x00000000c9600000, 0x00000000c9600000|100%| O|  |TAMS 0x00000000c9500000| PB 0x00000000c9500000| Untracked |  0
|   8|0x00000000c9600000, 0x00000000c9700000, 0x00000000c9700000|100%| O|  |TAMS 0x00000000c9600000| PB 0x00000000c9600000| Untracked |  0
|   9|0x00000000c9700000, 0x00000000c9800000, 0x00000000c9800000|100%| O|  |TAMS 0x00000000c9700000| PB 0x00000000c9700000| Untracked |  0
|  10|0x00000000c9800000, 0x00000000c9900000, 0x00000000c9900000|100%| O|  |TAMS 0x00000000c9800000| PB 0x00000000c9800000| Untracked |  0
|  11|0x00000000c9900000, 0x00000000c9900000, 0x00000000c9a00000|  0%| F|  |TAMS 0x00000000c9900000| PB 0x00000000c9900000| Untracked |  0
|  12|0x00000000c9a00000, 0x00000000c9b00000, 0x00000000c9b00000|100%| O|  |TAMS 0x00000000c9a00000| PB 0x00000000c9a00000| Untracked |  0
|  13|0x00000000c9b00000, 0x00000000c9c00000, 0x00000000c9c00000|100%| O|  |TAMS 0x00000000c9b00000| PB 0x00000000c9b00000| Untracked |  0
|  14|0x00000000c9c00000, 0x00000000c9d00000, 0x00000000c9d00000|100%| O|  |TAMS 0x00000000c9c00000| PB 0x00000000c9c00000| Untracked |  0
|  15|0x00000000c9d00000, 0x00000000c9e00000, 0x00000000c9e00000|100%| O|  |TAMS 0x00000000c9d00000| PB 0x00000000c9d00000| Untracked |  0
|  16|0x00000000c9e00000, 0x00000000c9f00000, 0x00000000c9f00000|100%| O|  |TAMS 0x00000000c9e00000| PB 0x00000000c9e00000| Untracked |  0
|  17|0x00000000c9f00000, 0x00000000ca000000, 0x00000000ca000000|100%| O|  |TAMS 0x00000000c9f00000| PB 0x00000000c9f00000| Untracked |  0
|  18|0x00000000ca000000, 0x00000000ca100000, 0x00000000ca100000|100%| O|Cm|TAMS 0x00000000ca000000| PB 0x00000000ca000000| Complete |  0
|  19|0x00000000ca100000, 0x00000000ca200000, 0x00000000ca200000|100%| O|  |TAMS 0x00000000ca100000| PB 0x00000000ca100000| Untracked |  0
|  20|0x00000000ca200000, 0x00000000ca300000, 0x00000000ca300000|100%| O|  |TAMS 0x00000000ca200000| PB 0x00000000ca200000| Untracked |  0
|  21|0x00000000ca300000, 0x00000000ca400000, 0x00000000ca400000|100%| O|  |TAMS 0x00000000ca300000| PB 0x00000000ca300000| Untracked |  0
|  22|0x00000000ca400000, 0x00000000ca500000, 0x00000000ca500000|100%| O|  |TAMS 0x00000000ca400000| PB 0x00000000ca400000| Untracked |  0
|  23|0x00000000ca500000, 0x00000000ca600000, 0x00000000ca600000|100%| O|  |TAMS 0x00000000ca500000| PB 0x00000000ca500000| Untracked |  0
|  24|0x00000000ca600000, 0x00000000ca700000, 0x00000000ca700000|100%| O|  |TAMS 0x00000000ca600000| PB 0x00000000ca600000| Untracked |  0
|  25|0x00000000ca700000, 0x00000000ca800000, 0x00000000ca800000|100%| O|  |TAMS 0x00000000ca700000| PB 0x00000000ca700000| Untracked |  0
|  26|0x00000000ca800000, 0x00000000ca8e3a50, 0x00000000ca900000| 88%| O|  |TAMS 0x00000000ca800000| PB 0x00000000ca800000| Untracked |  0
|  27|0x00000000ca900000, 0x00000000ca900000, 0x00000000caa00000|  0%| F|  |TAMS 0x00000000ca900000| PB 0x00000000ca900000| Untracked |  0
|  28|0x00000000caa00000, 0x00000000caa00000, 0x00000000cab00000|  0%| F|  |TAMS 0x00000000caa00000| PB 0x00000000caa00000| Untracked |  0
|  29|0x00000000cab00000, 0x00000000cab00000, 0x00000000cac00000|  0%| F|  |TAMS 0x00000000cab00000| PB 0x00000000cab00000| Untracked |  0
|  30|0x00000000cac00000, 0x00000000cac4dfd0, 0x00000000cad00000| 30%| S|CS|TAMS 0x00000000cac00000| PB 0x00000000cac00000| Complete |  0
|  31|0x00000000cad00000, 0x00000000cae00000, 0x00000000cae00000|100%| S|CS|TAMS 0x00000000cad00000| PB 0x00000000cad00000| Complete |  0
|  32|0x00000000cae00000, 0x00000000cae00000, 0x00000000caf00000|  0%| F|  |TAMS 0x00000000cae00000| PB 0x00000000cae00000| Untracked |  0
|  33|0x00000000caf00000, 0x00000000cb000000, 0x00000000cb000000|100%| S|CS|TAMS 0x00000000caf00000| PB 0x00000000caf00000| Complete |  0
|  34|0x00000000cb000000, 0x00000000cb000000, 0x00000000cb100000|  0%| F|  |TAMS 0x00000000cb000000| PB 0x00000000cb000000| Untracked |  0
|  35|0x00000000cb100000, 0x00000000cb100000, 0x00000000cb200000|  0%| F|  |TAMS 0x00000000cb100000| PB 0x00000000cb100000| Untracked |  0
|  36|0x00000000cb200000, 0x00000000cb200000, 0x00000000cb300000|  0%| F|  |TAMS 0x00000000cb200000| PB 0x00000000cb200000| Untracked |  0
|  37|0x00000000cb300000, 0x00000000cb300000, 0x00000000cb400000|  0%| F|  |TAMS 0x00000000cb300000| PB 0x00000000cb300000| Untracked |  0
|  38|0x00000000cb400000, 0x00000000cb400000, 0x00000000cb500000|  0%| F|  |TAMS 0x00000000cb400000| PB 0x00000000cb400000| Untracked |  0
|  39|0x00000000cb500000, 0x00000000cb55deb0, 0x00000000cb600000| 36%| E|  |TAMS 0x00000000cb500000| PB 0x00000000cb500000| Complete |  0
|  40|0x00000000cb600000, 0x00000000cb700000, 0x00000000cb700000|100%| E|CS|TAMS 0x00000000cb600000| PB 0x00000000cb600000| Complete |  0
|  41|0x00000000cb700000, 0x00000000cb800000, 0x00000000cb800000|100%| E|CS|TAMS 0x00000000cb700000| PB 0x00000000cb700000| Complete |  0
|  42|0x00000000cb800000, 0x00000000cb900000, 0x00000000cb900000|100%| E|CS|TAMS 0x00000000cb800000| PB 0x00000000cb800000| Complete |  0
|  43|0x00000000cb900000, 0x00000000cba00000, 0x00000000cba00000|100%| E|CS|TAMS 0x00000000cb900000| PB 0x00000000cb900000| Complete |  0
|  44|0x00000000cba00000, 0x00000000cbb00000, 0x00000000cbb00000|100%| E|CS|TAMS 0x00000000cba00000| PB 0x00000000cba00000| Complete |  0
|  45|0x00000000cbb00000, 0x00000000cbc00000, 0x00000000cbc00000|100%| E|CS|TAMS 0x00000000cbb00000| PB 0x00000000cbb00000| Complete |  0
|  46|0x00000000cbc00000, 0x00000000cbd00000, 0x00000000cbd00000|100%| E|CS|TAMS 0x00000000cbc00000| PB 0x00000000cbc00000| Complete |  0
|  47|0x00000000cbd00000, 0x00000000cbe00000, 0x00000000cbe00000|100%| E|CS|TAMS 0x00000000cbd00000| PB 0x00000000cbd00000| Complete |  0
|  48|0x00000000cbe00000, 0x00000000cbf00000, 0x00000000cbf00000|100%| E|CS|TAMS 0x00000000cbe00000| PB 0x00000000cbe00000| Complete |  0
|  49|0x00000000cbf00000, 0x00000000cc000000, 0x00000000cc000000|100%| E|CS|TAMS 0x00000000cbf00000| PB 0x00000000cbf00000| Complete |  0
|  50|0x00000000cc000000, 0x00000000cc100000, 0x00000000cc100000|100%| E|CS|TAMS 0x00000000cc000000| PB 0x00000000cc000000| Complete |  0
|  51|0x00000000cc100000, 0x00000000cc200000, 0x00000000cc200000|100%| E|CS|TAMS 0x00000000cc100000| PB 0x00000000cc100000| Complete |  0
|  52|0x00000000cc200000, 0x00000000cc300000, 0x00000000cc300000|100%| E|CS|TAMS 0x00000000cc200000| PB 0x00000000cc200000| Complete |  0
|  53|0x00000000cc300000, 0x00000000cc400000, 0x00000000cc400000|100%| E|CS|TAMS 0x00000000cc300000| PB 0x00000000cc300000| Complete |  0

Card table byte_map: [0x000001d7b57b0000,0x000001d7b5970000] _byte_map_base: 0x000001d7b5169000

Marking Bits: (CMBitMap*) 0x000001d7a2ac4b60
 Bits: [0x000001d7b5970000, 0x000001d7b6738000)

Polling page: 0x000001d7a0800000

Metaspace:

Usage:
  Non-class:     45.68 MB used.
      Class:      7.30 MB used.
       Both:     52.97 MB used.

Virtual space:
  Non-class space:       64.00 MB reserved,      46.00 MB ( 72%) committed,  1 nodes.
      Class space:        1.00 GB reserved,       7.56 MB ( <1%) committed,  1 nodes.
             Both:        1.06 GB reserved,      53.56 MB (  5%) committed. 

Chunk freelists:
   Non-Class:  1.94 MB
       Class:  8.33 MB
        Both:  10.26 MB

MaxMetaspaceSize: unlimited
CompressedClassSpaceSize: 1.00 GB
Initial GC threshold: 21.00 MB
Current GC threshold: 87.19 MB
CDS: on
 - commit_granule_bytes: 65536.
 - commit_granule_words: 8192.
 - virtual_space_node_default_size: 8388608.
 - enlarge_chunks_in_place: 1.
 - use_allocation_guard: 0.


Internal statistics:

num_allocs_failed_limit: 6.
num_arena_births: 774.
num_arena_deaths: 0.
num_vsnodes_births: 2.
num_vsnodes_deaths: 0.
num_space_committed: 857.
num_space_uncommitted: 0.
num_chunks_returned_to_freelist: 6.
num_chunks_taken_from_freelist: 2699.
num_chunk_merges: 6.
num_chunk_splits: 1934.
num_chunks_enlarged: 1484.
num_inconsistent_stats: 0.

CodeHeap 'non-profiled nmethods': size=120064Kb used=2145Kb max_used=2328Kb free=117918Kb
 bounds [0x000001d7ae270000, 0x000001d7ae4e0000, 0x000001d7b57b0000]
CodeHeap 'profiled nmethods': size=120000Kb used=7041Kb max_used=7866Kb free=112958Kb
 bounds [0x000001d7a67b0000, 0x000001d7a6f70000, 0x000001d7adce0000]
CodeHeap 'non-nmethods': size=5696Kb used=1552Kb max_used=1597Kb free=4143Kb
 bounds [0x000001d7adce0000, 0x000001d7adf50000, 0x000001d7ae270000]
CodeCache: size=245760Kb, used=10738Kb, max_used=11791Kb, free=235019Kb
 total_blobs=5163, nmethods=4531, adapters=537, full_count=0
Compilation: enabled, stopped_count=0, restarted_count=0

Compilation events (20 events):
Event: 37.658 Thread 0x000001d7b8d4bbe0 5249       2       org.springframework.aop.aspectj.autoproxy.AspectJAwareAdvisorAutoProxyCreator::shouldSkip (74 bytes)
Event: 37.658 Thread 0x000001d7b8d4bbe0 nmethod 5249 0x000001d7a6960b08 code [0x000001d7a6960ca0, 0x000001d7a6961078]
Event: 37.749 Thread 0x000001d7b8d4bbe0 5250   !   2       org.springframework.aop.framework.autoproxy.BeanFactoryAdvisorRetrievalHelper::findAdvisorBeans (242 bytes)
Event: 37.752 Thread 0x000001d7b8d4bbe0 nmethod 5250 0x000001d7a6918788 code [0x000001d7a6918a20, 0x000001d7a69197b8]
Event: 37.752 Thread 0x000001d7b8d4bbe0 5251       2       org.springframework.aop.framework.autoproxy.AbstractAdvisorAutoProxyCreator$BeanFactoryAdvisorRetrievalHelperAdapter::isEligibleBean (9 bytes)
Event: 37.752 Thread 0x000001d7b8d4bbe0 nmethod 5251 0x000001d7a6986a88 code [0x000001d7a6986ba0, 0x000001d7a6986cb8]
Event: 37.755 Thread 0x000001d7b8d4bbe0 5252       2       org.springframework.util.ReflectionUtils$$Lambda/0x000001d7ba43f2b8::<init> (10 bytes)
Event: 37.755 Thread 0x000001d7b8d4bbe0 nmethod 5252 0x000001d7a698f208 code [0x000001d7a698f320, 0x000001d7a698f470]
Event: 37.815 Thread 0x000001d7b8d4bbe0 5253       2       org.springframework.util.ReflectionUtils::doWithMethods (7 bytes)
Event: 37.815 Thread 0x000001d7b8d4bbe0 nmethod 5253 0x000001d7a69ae488 code [0x000001d7a69ae5a0, 0x000001d7a69ae6b0]
Event: 37.862 Thread 0x000001d7b8d4bbe0 5254       2       org.springframework.aop.framework.autoproxy.ProxyCreationContext::setCurrentProxiedBeanName (21 bytes)
Event: 37.863 Thread 0x000001d7b8d4bbe0 nmethod 5254 0x000001d7a6958388 code [0x000001d7a69584e0, 0x000001d7a6958700]
Event: 37.863 Thread 0x000001d7b8d4bbe0 5255       1       org.springframework.aop.support.ComposablePointcut::getClassFilter (5 bytes)
Event: 37.863 Thread 0x000001d7b8d4bbe0 nmethod 5255 0x000001d7ae3c8e88 code [0x000001d7ae3c8fa0, 0x000001d7ae3c9068]
Event: 37.863 Thread 0x000001d7b8d4bbe0 5256       2       org.springframework.aop.support.AopUtils::canApply (7 bytes)
Event: 37.863 Thread 0x000001d7b8d4bbe0 nmethod 5256 0x000001d7a69afa88 code [0x000001d7a69afba0, 0x000001d7a69afca8]
Event: 37.863 Thread 0x000001d7b8d4bbe0 5257       1       org.springframework.dao.annotation.PersistenceExceptionTranslationAdvisor::getPointcut (5 bytes)
Event: 37.863 Thread 0x000001d7b8d4bbe0 nmethod 5257 0x000001d7ae3c8b88 code [0x000001d7ae3c8ca0, 0x000001d7ae3c8d68]
Event: 37.947 Thread 0x000001d7b8d4bbe0 5258       2       org.springframework.core.annotation.AnnotationAwareOrderComparator::findOrderFromAnnotation (69 bytes)
Event: 37.948 Thread 0x000001d7b8d4bbe0 nmethod 5258 0x000001d7a69c0808 code [0x000001d7a69c0980, 0x000001d7a69c0d30]

GC Heap History (20 events):
Event: 13.689 GC heap before
{Heap before GC invocations=3 (full 0):
 garbage-first heap   total reserved 903168K, committed 57344K, used 33219K [0x00000000c8e00000, 0x0000000100000000)
  region size 1024K, 25 young (25600K), 3 survivors (3072K)
 Metaspace       used 17764K, committed 18048K, reserved 1114112K
  class space    used 2334K, committed 2432K, reserved 1048576K
}
Event: 13.699 GC heap after
{Heap after GC invocations=4 (full 0):
 garbage-first heap   total reserved 903168K, committed 57344K, used 13800K [0x00000000c8e00000, 0x0000000100000000)
  region size 1024K, 4 young (4096K), 4 survivors (4096K)
 Metaspace       used 17764K, committed 18048K, reserved 1114112K
  class space    used 2334K, committed 2432K, reserved 1048576K
}
Event: 15.421 GC heap before
{Heap before GC invocations=4 (full 0):
 garbage-first heap   total reserved 903168K, committed 57344K, used 29160K [0x00000000c8e00000, 0x0000000100000000)
  region size 1024K, 21 young (21504K), 4 survivors (4096K)
 Metaspace       used 21240K, committed 21504K, reserved 1114112K
  class space    used 2700K, committed 2816K, reserved 1048576K
}
Event: 15.430 GC heap after
{Heap after GC invocations=5 (full 0):
 garbage-first heap   total reserved 903168K, committed 57344K, used 15480K [0x00000000c8e00000, 0x0000000100000000)
  region size 1024K, 4 young (4096K), 4 survivors (4096K)
 Metaspace       used 21240K, committed 21504K, reserved 1114112K
  class space    used 2700K, committed 2816K, reserved 1048576K
}
Event: 17.808 GC heap before
{Heap before GC invocations=6 (full 0):
 garbage-first heap   total reserved 903168K, committed 55296K, used 41080K [0x00000000c8e00000, 0x0000000100000000)
  region size 1024K, 29 young (29696K), 4 survivors (4096K)
 Metaspace       used 24139K, committed 24448K, reserved 1114112K
  class space    used 3079K, committed 3264K, reserved 1048576K
}
Event: 17.819 GC heap after
{Heap after GC invocations=7 (full 0):
 garbage-first heap   total reserved 903168K, committed 55296K, used 18040K [0x00000000c8e00000, 0x0000000100000000)
  region size 1024K, 4 young (4096K), 4 survivors (4096K)
 Metaspace       used 24139K, committed 24448K, reserved 1114112K
  class space    used 3079K, committed 3264K, reserved 1048576K
}
Event: 19.318 GC heap before
{Heap before GC invocations=7 (full 0):
 garbage-first heap   total reserved 903168K, committed 55296K, used 39544K [0x00000000c8e00000, 0x0000000100000000)
  region size 1024K, 26 young (26624K), 4 survivors (4096K)
 Metaspace       used 27234K, committed 27584K, reserved 1114112K
  class space    used 3479K, committed 3648K, reserved 1048576K
}
Event: 19.331 GC heap after
{Heap after GC invocations=8 (full 0):
 garbage-first heap   total reserved 903168K, committed 55296K, used 20433K [0x00000000c8e00000, 0x0000000100000000)
  region size 1024K, 2 young (2048K), 2 survivors (2048K)
 Metaspace       used 27234K, committed 27584K, reserved 1114112K
  class space    used 3479K, committed 3648K, reserved 1048576K
}
Event: 20.731 GC heap before
{Heap before GC invocations=8 (full 0):
 garbage-first heap   total reserved 903168K, committed 55296K, used 42961K [0x00000000c8e00000, 0x0000000100000000)
  region size 1024K, 24 young (24576K), 2 survivors (2048K)
 Metaspace       used 30374K, committed 30784K, reserved 1114112K
  class space    used 3983K, committed 4160K, reserved 1048576K
}
Event: 20.741 GC heap after
{Heap after GC invocations=9 (full 0):
 garbage-first heap   total reserved 903168K, committed 55296K, used 22760K [0x00000000c8e00000, 0x0000000100000000)
  region size 1024K, 3 young (3072K), 3 survivors (3072K)
 Metaspace       used 30374K, committed 30784K, reserved 1114112K
  class space    used 3983K, committed 4160K, reserved 1048576K
}
Event: 24.506 GC heap before
{Heap before GC invocations=9 (full 0):
 garbage-first heap   total reserved 903168K, committed 55296K, used 44264K [0x00000000c8e00000, 0x0000000100000000)
  region size 1024K, 24 young (24576K), 3 survivors (3072K)
 Metaspace       used 35051K, committed 35584K, reserved 1114112K
  class space    used 4667K, committed 4928K, reserved 1048576K
}
Event: 24.517 GC heap after
{Heap after GC invocations=10 (full 0):
 garbage-first heap   total reserved 903168K, committed 55296K, used 24868K [0x00000000c8e00000, 0x0000000100000000)
  region size 1024K, 3 young (3072K), 3 survivors (3072K)
 Metaspace       used 35051K, committed 35584K, reserved 1114112K
  class space    used 4667K, committed 4928K, reserved 1048576K
}
Event: 25.724 GC heap before
{Heap before GC invocations=10 (full 0):
 garbage-first heap   total reserved 903168K, committed 55296K, used 28964K [0x00000000c8e00000, 0x0000000100000000)
  region size 1024K, 7 young (7168K), 3 survivors (3072K)
 Metaspace       used 35514K, committed 35968K, reserved 1114112K
  class space    used 4721K, committed 4928K, reserved 1048576K
}
Event: 25.729 GC heap after
{Heap after GC invocations=11 (full 0):
 garbage-first heap   total reserved 903168K, committed 55296K, used 25062K [0x00000000c8e00000, 0x0000000100000000)
  region size 1024K, 1 young (1024K), 1 survivors (1024K)
 Metaspace       used 35514K, committed 35968K, reserved 1114112K
  class space    used 4721K, committed 4928K, reserved 1048576K
}
Event: 29.400 GC heap before
{Heap before GC invocations=12 (full 0):
 garbage-first heap   total reserved 903168K, committed 55296K, used 46566K [0x00000000c8e00000, 0x0000000100000000)
  region size 1024K, 22 young (22528K), 1 survivors (1024K)
 Metaspace       used 40712K, committed 41216K, reserved 1114112K
  class space    used 5355K, committed 5568K, reserved 1048576K
}
Event: 29.403 GC heap after
{Heap after GC invocations=13 (full 0):
 garbage-first heap   total reserved 903168K, committed 55296K, used 26626K [0x00000000c8e00000, 0x0000000100000000)
  region size 1024K, 2 young (2048K), 2 survivors (2048K)
 Metaspace       used 40712K, committed 41216K, reserved 1114112K
  class space    used 5355K, committed 5568K, reserved 1048576K
}
Event: 33.669 GC heap before
{Heap before GC invocations=13 (full 0):
 garbage-first heap   total reserved 903168K, committed 55296K, used 47106K [0x00000000c8e00000, 0x0000000100000000)
  region size 1024K, 23 young (23552K), 2 survivors (2048K)
 Metaspace       used 46515K, committed 47040K, reserved 1114112K
  class space    used 6261K, committed 6528K, reserved 1048576K
}
Event: 33.677 GC heap after
{Heap after GC invocations=14 (full 0):
 garbage-first heap   total reserved 903168K, committed 55296K, used 27820K [0x00000000c8e00000, 0x0000000100000000)
  region size 1024K, 2 young (2048K), 2 survivors (2048K)
 Metaspace       used 46515K, committed 47040K, reserved 1114112K
  class space    used 6261K, committed 6528K, reserved 1048576K
}
Event: 36.203 GC heap before
{Heap before GC invocations=14 (full 0):
 garbage-first heap   total reserved 903168K, committed 55296K, used 47276K [0x00000000c8e00000, 0x0000000100000000)
  region size 1024K, 22 young (22528K), 2 survivors (2048K)
 Metaspace       used 52936K, committed 53440K, reserved 1114112K
  class space    used 7251K, committed 7488K, reserved 1048576K
}
Event: 36.231 GC heap after
{Heap after GC invocations=15 (full 0):
 garbage-first heap   total reserved 903168K, committed 55296K, used 28870K [0x00000000c8e00000, 0x0000000100000000)
  region size 1024K, 3 young (3072K), 3 survivors (3072K)
 Metaspace       used 52936K, committed 53440K, reserved 1114112K
  class space    used 7251K, committed 7488K, reserved 1048576K
}

Dll operation events (10 events):
Event: 0.066 Loaded shared library C:\Users\likha\.p2\pool\plugins\org.eclipse.justj.openjdk.hotspot.jre.full.win32.x86_64_23.0.2.v20250131-0604\jre\bin\java.dll
Event: 1.757 Loaded shared library C:\Users\likha\.p2\pool\plugins\org.eclipse.justj.openjdk.hotspot.jre.full.win32.x86_64_23.0.2.v20250131-0604\jre\bin\zip.dll
Event: 1.851 Loaded shared library C:\Users\likha\.p2\pool\plugins\org.eclipse.justj.openjdk.hotspot.jre.full.win32.x86_64_23.0.2.v20250131-0604\jre\bin\net.dll
Event: 1.857 Loaded shared library C:\Users\likha\.p2\pool\plugins\org.eclipse.justj.openjdk.hotspot.jre.full.win32.x86_64_23.0.2.v20250131-0604\jre\bin\nio.dll
Event: 1.866 Loaded shared library C:\Users\likha\.p2\pool\plugins\org.eclipse.justj.openjdk.hotspot.jre.full.win32.x86_64_23.0.2.v20250131-0604\jre\bin\zip.dll
Event: 3.367 Loaded shared library C:\Users\likha\.p2\pool\plugins\org.eclipse.justj.openjdk.hotspot.jre.full.win32.x86_64_23.0.2.v20250131-0604\jre\bin\jimage.dll
Event: 17.095 Loaded shared library C:\Users\likha\.p2\pool\plugins\org.eclipse.justj.openjdk.hotspot.jre.full.win32.x86_64_23.0.2.v20250131-0604\jre\bin\sunmscapi.dll
Event: 24.587 Loaded shared library C:\Users\likha\.p2\pool\plugins\org.eclipse.justj.openjdk.hotspot.jre.full.win32.x86_64_23.0.2.v20250131-0604\jre\bin\management.dll
Event: 24.604 Loaded shared library C:\Users\likha\.p2\pool\plugins\org.eclipse.justj.openjdk.hotspot.jre.full.win32.x86_64_23.0.2.v20250131-0604\jre\bin\management_ext.dll
Event: 32.153 Loaded shared library C:\Users\likha\.p2\pool\plugins\org.eclipse.justj.openjdk.hotspot.jre.full.win32.x86_64_23.0.2.v20250131-0604\jre\bin\verify.dll

Deoptimization events (20 events):
Event: 36.718 Thread 0x000001d7a06606c0 DEOPT PACKING pc=0x000001d7ae3b1b10 sp=0x0000003a3f5f9500
Event: 36.718 Thread 0x000001d7a06606c0 DEOPT UNPACKING pc=0x000001d7add34402 sp=0x0000003a3f5f9498 mode 2
Event: 36.869 Thread 0x000001d7a06606c0 Uncommon trap: trap_request=0xffffff45 fr.pc=0x000001d7ae42b0b4 relative=0x0000000000005a14
Event: 36.869 Thread 0x000001d7a06606c0 Uncommon trap: reason=unstable_if action=reinterpret pc=0x000001d7ae42b0b4 method=org.springframework.boot.context.properties.source.ConfigurationPropertyName$ElementsParser.isAlpha(C)Z @ 9 c2
Event: 36.869 Thread 0x000001d7a06606c0 DEOPT PACKING pc=0x000001d7ae42b0b4 sp=0x0000003a3f5fba00
Event: 36.869 Thread 0x000001d7a06606c0 DEOPT UNPACKING pc=0x000001d7add34402 sp=0x0000003a3f5fb8d8 mode 2
Event: 36.869 Thread 0x000001d7a06606c0 Uncommon trap: trap_request=0xffffff45 fr.pc=0x000001d7ae37b0d0 relative=0x0000000000000210
Event: 36.870 Thread 0x000001d7a06606c0 Uncommon trap: reason=unstable_if action=reinterpret pc=0x000001d7ae37b0d0 method=org.springframework.boot.context.properties.source.ConfigurationPropertyName$ElementsParser.isAlpha(C)Z @ 9 c2
Event: 36.871 Thread 0x000001d7a06606c0 DEOPT PACKING pc=0x000001d7ae37b0d0 sp=0x0000003a3f5fb9f0
Event: 36.871 Thread 0x000001d7a06606c0 DEOPT UNPACKING pc=0x000001d7add34402 sp=0x0000003a3f5fb8d0 mode 2
Event: 36.871 Thread 0x000001d7a06606c0 Uncommon trap: trap_request=0xffffff45 fr.pc=0x000001d7ae37b3e8 relative=0x0000000000000068
Event: 36.871 Thread 0x000001d7a06606c0 Uncommon trap: reason=unstable_if action=reinterpret pc=0x000001d7ae37b3e8 method=org.springframework.boot.context.properties.source.ConfigurationPropertyName$ElementsParser.isAlpha(C)Z @ 9 c2
Event: 36.871 Thread 0x000001d7a06606c0 DEOPT PACKING pc=0x000001d7ae37b3e8 sp=0x0000003a3f5fb7a0
Event: 36.871 Thread 0x000001d7a06606c0 DEOPT UNPACKING pc=0x000001d7add34402 sp=0x0000003a3f5fb6d8 mode 2
Event: 37.212 Thread 0x000001d7a06606c0 DEOPT PACKING pc=0x000001d7a6d95fe0 sp=0x0000003a3f5fcda0
Event: 37.212 Thread 0x000001d7a06606c0 DEOPT UNPACKING pc=0x000001d7add34b22 sp=0x0000003a3f5fc340 mode 0
Event: 37.317 Thread 0x000001d7a06606c0 Uncommon trap: trap_request=0xffffff45 fr.pc=0x000001d7ae412bdc relative=0x000000000000183c
Event: 37.317 Thread 0x000001d7a06606c0 Uncommon trap: reason=unstable_if action=reinterpret pc=0x000001d7ae412bdc method=org.springframework.core.annotation.AnnotationsScanner.processClassInheritedAnnotations(Ljava/lang/Object;Ljava/lang/Class;Lorg/springframework/core/annotation/MergedAnnotat
Event: 37.317 Thread 0x000001d7a06606c0 DEOPT PACKING pc=0x000001d7ae412bdc sp=0x0000003a3f5fc040
Event: 37.317 Thread 0x000001d7a06606c0 DEOPT UNPACKING pc=0x000001d7add34402 sp=0x0000003a3f5fbdb0 mode 2

Classes loaded (20 events):
Event: 34.501 Loading class java/util/concurrent/CompletableFuture$Completion
Event: 34.502 Loading class java/util/concurrent/CompletableFuture$AsynchronousCompletionTask
Event: 34.502 Loading class java/util/concurrent/CompletableFuture$AsynchronousCompletionTask done
Event: 34.503 Loading class java/util/concurrent/CompletableFuture$Completion done
Event: 34.718 Loading class java/util/concurrent/CancellationException
Event: 34.718 Loading class java/util/concurrent/CancellationException done
Event: 36.181 Loading class javax/naming/Reference
Event: 36.181 Loading class javax/naming/Reference done
Event: 36.182 Loading class java/util/ArrayList$ListItr
Event: 36.184 Loading class java/util/ArrayList$ListItr done
Event: 36.535 Loading class java/lang/Character$UnicodeBlock
Event: 36.537 Loading class java/lang/Character$Subset
Event: 36.538 Loading class java/lang/Character$Subset done
Event: 36.539 Loading class java/lang/Character$UnicodeBlock done
Event: 36.607 Loading class java/util/Collections$SynchronizedRandomAccessList
Event: 36.608 Loading class java/util/Collections$SynchronizedList
Event: 36.609 Loading class java/util/Collections$SynchronizedList done
Event: 36.609 Loading class java/util/Collections$SynchronizedRandomAccessList done
Event: 37.616 Loading class java/nio/charset/UnsupportedCharsetException
Event: 37.616 Loading class java/nio/charset/UnsupportedCharsetException done

Classes unloaded (0 events):
No events

Classes redefined (0 events):
No events

Internal exceptions (20 events):
Event: 23.623 Thread 0x000001d7a06606c0 Exception <a 'java/lang/NoSuchMethodError'{0x00000000cb412478}: 'java.lang.Object java.lang.invoke.DirectMethodHandle$Holder.invokeStaticInit(java.lang.Object, int, int, int, int)'> (0x00000000cb412478) 
thrown [s\src\hotspot\share\interpreter\linkResolver.cpp, line 796]
Event: 23.945 Thread 0x000001d7a06606c0 Exception <a 'java/lang/NoSuchMethodError'{0x00000000cb4d3908}: 'java.lang.Object java.lang.invoke.DirectMethodHandle$Holder.invokeStaticInit(java.lang.Object, java.lang.Object, int, int, int, int)'> (0x00000000cb4d3908) 
thrown [s\src\hotspot\share\interpreter\linkResolver.cpp, line 796]
Event: 24.273 Thread 0x000001d7a06606c0 Exception <a 'java/lang/NoSuchMethodError'{0x00000000cb0459c0}: 'int java.lang.invoke.DirectMethodHandle$Holder.invokeVirtual(java.lang.Object, java.lang.Object, java.lang.Object, java.lang.Object)'> (0x00000000cb0459c0) 
thrown [s\src\hotspot\share\interpreter\linkResolver.cpp, line 796]
Event: 24.281 Thread 0x000001d7a06606c0 Exception <a 'java/lang/NoSuchMethodError'{0x00000000cb049298}: 'int java.lang.invoke.DelegatingMethodHandle$Holder.reinvoke_L(java.lang.Object, java.lang.Object, java.lang.Object, java.lang.Object)'> (0x00000000cb049298) 
thrown [s\src\hotspot\share\interpreter\linkResolver.cpp, line 796]
Event: 24.677 Thread 0x000001d7a06606c0 Exception <a 'java/io/FileNotFoundException'{0x00000000cc3775b8}> (0x00000000cc3775b8) 
thrown [s\src\hotspot\share\prims\jni.cpp, line 520]
Event: 25.810 Thread 0x000001d7a06606c0 Exception <a 'java/lang/NoSuchMethodError'{0x00000000cc31b838}: 'int java.lang.invoke.DirectMethodHandle$Holder.invokeInterface(java.lang.Object, java.lang.Object, java.lang.Object, java.lang.Object)'> (0x00000000cc31b838) 
thrown [s\src\hotspot\share\interpreter\linkResolver.cpp, line 796]
Event: 27.335 Thread 0x000001d7a06606c0 Exception <a 'java/lang/NoSuchMethodError'{0x00000000cbbe1a80}: 'void java.lang.invoke.DirectMethodHandle$Holder.invokeStaticInit(java.lang.Object, java.lang.Object, java.lang.Object, java.lang.Object, java.lang.Object)'> (0x00000000cbbe1a80) 
thrown [s\src\hotspot\share\interpreter\linkResolver.cpp, line 796]
Event: 28.259 Thread 0x000001d7a06606c0 Exception <a 'java/lang/NoSuchMethodError'{0x00000000cb33f7f0}: 'java.lang.Object java.lang.invoke.DirectMethodHandle$Holder.invokeStaticInit(java.lang.Object, java.lang.Object, java.lang.Object, java.lang.Object)'> (0x00000000cb33f7f0) 
thrown [s\src\hotspot\share\interpreter\linkResolver.cpp, line 796]
Event: 28.751 Thread 0x000001d7a06606c0 Exception <a 'java/lang/NoSuchMethodError'{0x00000000cb1fb428}: 'long java.lang.invoke.DirectMethodHandle$Holder.invokeVirtual(java.lang.Object, java.lang.Object)'> (0x00000000cb1fb428) 
thrown [s\src\hotspot\share\interpreter\linkResolver.cpp, line 796]
Event: 28.930 Thread 0x000001d7a06606c0 Exception <a 'java/lang/NoSuchMethodError'{0x00000000caf9b128}: 'java.lang.Object java.lang.invoke.DirectMethodHandle$Holder.newInvokeSpecial(java.lang.Object, java.lang.Object, java.lang.Object, java.lang.Object, java.lang.Object, java.lang.Object, java.lang.Object, java.lang.Object, java.lang.Object, java.lang.Object, java.lang.Object)'> (0x00000000caf9b128) 
thrown [s\src\hotspot\share\interpreter\linkResolver.cpp, line 796]
Event: 29.770 Thread 0x000001d7a06606c0 Exception <a 'java/lang/NoSuchMethodError'{0x00000000cc2e7fc0}: 'void java.lang.invoke.DelegatingMethodHandle$Holder.reinvoke_L(java.lang.Object, java.lang.Object, java.lang.Object, java.lang.Object, int, java.lang.Object, java.lang.Object, java.lang.Object)'> (0x00000000cc2e7fc0) 
thrown [s\src\hotspot\share\interpreter\linkResolver.cpp, line 796]
Event: 33.960 Thread 0x000001d7a06606c0 Exception <a 'java/lang/NoSuchMethodError'{0x00000000cc2d90e0}: 'int java.lang.invoke.Invokers$Holder.invokeExact_MT(java.lang.Object, java.lang.Object)'> (0x00000000cc2d90e0) 
thrown [s\src\hotspot\share\interpreter\linkResolver.cpp, line 796]
Event: 34.795 Thread 0x000001d7a06606c0 Exception <a 'java/lang/IncompatibleClassChangeError'{0x00000000cb9b0848}: Found class java.lang.Object, but interface was expected> (0x00000000cb9b0848) 
thrown [s\src\hotspot\share\interpreter\linkResolver.cpp, line 863]
Event: 35.054 Thread 0x000001d7a06606c0 Exception <a 'java/lang/NoSuchMethodError'{0x00000000cb89a048}: 'java.lang.Object java.lang.invoke.DirectMethodHandle$Holder.invokeStatic(java.lang.Object, java.lang.Object, int, java.lang.Object)'> (0x00000000cb89a048) 
thrown [s\src\hotspot\share\interpreter\linkResolver.cpp, line 796]
Event: 35.055 Thread 0x000001d7a06606c0 Exception <a 'java/lang/NoSuchMethodError'{0x00000000cb89d888}: 'java.lang.Object java.lang.invoke.DirectMethodHandle$Holder.invokeStaticInit(java.lang.Object, java.lang.Object, int, java.lang.Object)'> (0x00000000cb89d888) 
thrown [s\src\hotspot\share\interpreter\linkResolver.cpp, line 796]
Event: 36.018 Thread 0x000001d7a06606c0 Exception <a 'java/lang/NoSuchMethodError'{0x00000000cb163800}: 'void java.lang.invoke.DirectMethodHandle$Holder.invokeInterface(java.lang.Object, java.lang.Object)'> (0x00000000cb163800) 
thrown [s\src\hotspot\share\interpreter\linkResolver.cpp, line 796]
Event: 36.381 Thread 0x000001d7a06606c0 Exception <a 'java/lang/NoSuchMethodError'{0x00000000cc26cf40}: 'java.lang.Object java.lang.invoke.DirectMethodHandle$Holder.invokeInterface(java.lang.Object, java.lang.Object, java.lang.Object, java.lang.Object)'> (0x00000000cc26cf40) 
thrown [s\src\hotspot\share\interpreter\linkResolver.cpp, line 796]
Event: 36.467 Thread 0x000001d7a06606c0 Exception <a 'java/lang/NoSuchMethodError'{0x00000000cc184310}: 'java.lang.Object java.lang.invoke.DirectMethodHandle$Holder.newInvokeSpecial(java.lang.Object, java.lang.Object, java.lang.Object, java.lang.Object, java.lang.Object, java.lang.Object)'> (0x00000000cc184310) 
thrown [s\src\hotspot\share\interpreter\linkResolver.cpp, line 796]
Event: 36.478 Thread 0x000001d7a06606c0 Exception <a 'java/lang/NoSuchMethodError'{0x00000000cc1d51d0}: 'java.lang.Object java.lang.invoke.DirectMethodHandle$Holder.newInvokeSpecial(java.lang.Object, java.lang.Object, java.lang.Object, java.lang.Object, java.lang.Object, java.lang.Object, java.lang.Object, java.lang.Object)'> (0x00000000cc1d51d0) 
thrown [s\src\hotspot\share\interpreter\linkResolver.cpp, line 796]
Event: 37.174 Thread 0x000001d7a06606c0 Exception <a 'java/lang/NoSuchMethodError'{0x00000000cb894398}: 'java.lang.Object java.lang.invoke.DirectMethodHandle$Holder.invokeVirtual(java.lang.Object, java.lang.Object, java.lang.Object, java.lang.Object, java.lang.Object, java.lang.Object, java.lang.Object)'> (0x00000000cb894398) 
thrown [s\src\hotspot\share\interpreter\linkResolver.cpp, line 796]

VM Operations (20 events):
Event: 28.600 Executing VM operation: HandshakeAllThreads (Deoptimize)
Event: 28.600 Executing VM operation: HandshakeAllThreads (Deoptimize) done
Event: 28.602 Executing VM operation: HandshakeAllThreads (Deoptimize)
Event: 28.602 Executing VM operation: HandshakeAllThreads (Deoptimize) done
Event: 28.793 Executing VM operation: HandshakeAllThreads (Deoptimize)
Event: 28.793 Executing VM operation: HandshakeAllThreads (Deoptimize) done
Event: 29.157 Executing VM operation: G1CollectForAllocation (G1 Evacuation Pause)
Event: 29.403 Executing VM operation: G1CollectForAllocation (G1 Evacuation Pause) done
Event: 30.305 Executing VM operation: HandshakeAllThreads (Deoptimize)
Event: 30.326 Executing VM operation: HandshakeAllThreads (Deoptimize) done
Event: 33.669 Executing VM operation: G1CollectForAllocation (G1 Evacuation Pause)
Event: 33.677 Executing VM operation: G1CollectForAllocation (G1 Evacuation Pause) done
Event: 36.185 Executing VM operation: HandshakeAllThreads (Deoptimize)
Event: 36.185 Executing VM operation: HandshakeAllThreads (Deoptimize) done
Event: 36.203 Executing VM operation: G1CollectForAllocation (G1 Evacuation Pause)
Event: 36.231 Executing VM operation: G1CollectForAllocation (G1 Evacuation Pause) done
Event: 36.283 Executing VM operation: G1PauseRemark
Event: 36.292 Executing VM operation: G1PauseRemark done
Event: 36.305 Executing VM operation: G1PauseCleanup
Event: 36.306 Executing VM operation: G1PauseCleanup done

Memory protections (0 events):
No events

Nmethod flushes (20 events):
Event: 36.290 Thread 0x000001d7b8cba400 flushing  nmethod 0x000001d7a6c61788
Event: 36.290 Thread 0x000001d7b8cba400 flushing  nmethod 0x000001d7a6c97c88
Event: 36.290 Thread 0x000001d7b8cba400 flushing  nmethod 0x000001d7a6cbb108
Event: 36.290 Thread 0x000001d7b8cba400 flushing  nmethod 0x000001d7a6cbee88
Event: 36.290 Thread 0x000001d7b8cba400 flushing  nmethod 0x000001d7a6cc0e88
Event: 36.290 Thread 0x000001d7b8cba400 flushing  nmethod 0x000001d7a6cd1688
Event: 36.290 Thread 0x000001d7b8cba400 flushing  nmethod 0x000001d7a6cd5288
Event: 36.290 Thread 0x000001d7b8cba400 flushing  nmethod 0x000001d7a6cd6f08
Event: 36.290 Thread 0x000001d7b8cba400 flushing  nmethod 0x000001d7a6cf1288
Event: 36.290 Thread 0x000001d7b8cba400 flushing  nmethod 0x000001d7a6d09608
Event: 36.290 Thread 0x000001d7b8cba400 flushing  nmethod 0x000001d7a6d10088
Event: 36.290 Thread 0x000001d7b8cba400 flushing  nmethod 0x000001d7a6d40c08
Event: 36.290 Thread 0x000001d7b8cba400 flushing  nmethod 0x000001d7a6d41008
Event: 36.290 Thread 0x000001d7b8cba400 flushing  nmethod 0x000001d7a6d6f088
Event: 36.290 Thread 0x000001d7b8cba400 flushing  nmethod 0x000001d7a6db2e08
Event: 36.291 Thread 0x000001d7b8cba400 flushing  nmethod 0x000001d7a6dbaf08
Event: 36.291 Thread 0x000001d7b8cba400 flushing  nmethod 0x000001d7a6ddf208
Event: 36.291 Thread 0x000001d7b8cba400 flushing  nmethod 0x000001d7a6de3388
Event: 36.291 Thread 0x000001d7b8cba400 flushing  nmethod 0x000001d7a6e1d308
Event: 36.291 Thread 0x000001d7b8cba400 flushing  nmethod 0x000001d7a6e9e708

Events (20 events):
Event: 1.749 Thread 0x000001d7a06606c0 Thread added: 0x000001d7fe1b1b90
Event: 1.792 Thread 0x000001d7a06606c0 Thread added: 0x000001d7fe1c2200
Event: 9.371 Thread 0x000001d7a06606c0 Thread added: 0x000001d7fe9d9a90
Event: 9.869 Thread 0x000001d7fe9d9a90 Thread exited: 0x000001d7fe9d9a90
Event: 11.308 Thread 0x000001d7a06606c0 Thread added: 0x000001d7fe0d2af0
Event: 11.403 Thread 0x000001d7b8d4bbe0 Thread added: 0x000001d7ff19a070
Event: 11.543 Thread 0x000001d7ff19a070 Thread exited: 0x000001d7ff19a070
Event: 12.151 Thread 0x000001d7b8d4bbe0 Thread added: 0x000001d7fed6f300
Event: 13.344 Thread 0x000001d7a06606c0 Thread added: 0x000001d7ff3af850
Event: 13.673 Thread 0x000001d7fed6f300 Thread exited: 0x000001d7fed6f300
Event: 13.788 Thread 0x000001d7ff3af850 Thread exited: 0x000001d7ff3af850
Event: 17.136 Thread 0x000001d7fe0d2af0 Thread exited: 0x000001d7fe0d2af0
Event: 17.460 Thread 0x000001d7b8d4bbe0 Thread added: 0x000001d7806a16d0
Event: 19.035 Thread 0x000001d7806a16d0 Thread exited: 0x000001d7806a16d0
Event: 28.234 Thread 0x000001d7a06606c0 Thread added: 0x000001d7fe7edfb0
Event: 28.360 Thread 0x000001d7fe7edfb0 Thread added: 0x000001d7fe3fe860
Event: 28.805 Thread 0x000001d7a06606c0 Thread added: 0x000001d7fe738e90
Event: 28.809 Thread 0x000001d7a06606c0 Thread added: 0x000001d7fef40530
Event: 28.819 Thread 0x000001d7a06606c0 Thread added: 0x000001d7fef41250
Event: 33.933 Thread 0x000001d7fe3fe860 Thread exited: 0x000001d7fe3fe860


Dynamic libraries:
0x00007ff7a42e0000 - 0x00007ff7a42ee000 	C:\Users\likha\.p2\pool\plugins\org.eclipse.justj.openjdk.hotspot.jre.full.win32.x86_64_23.0.2.v20250131-0604\jre\bin\javaw.exe
0x00007ffbac6a0000 - 0x00007ffbac909000 	C:\WINDOWS\SYSTEM32\ntdll.dll
0x00007ffbaaf90000 - 0x00007ffbab059000 	C:\WINDOWS\System32\KERNEL32.DLL
0x00007ffbaa070000 - 0x00007ffbaa463000 	C:\WINDOWS\System32\KERNELBASE.dll
0x00007ffba9b90000 - 0x00007ffba9cdb000 	C:\WINDOWS\System32\ucrtbase.dll
0x00007ffb8d540000 - 0x00007ffb8d557000 	C:\Users\likha\.p2\pool\plugins\org.eclipse.justj.openjdk.hotspot.jre.full.win32.x86_64_23.0.2.v20250131-0604\jre\bin\jli.dll
0x00007ffbab570000 - 0x00007ffbab734000 	C:\WINDOWS\System32\USER32.dll
0x00007ffba9e10000 - 0x00007ffba9e37000 	C:\WINDOWS\System32\win32u.dll
0x00007ffbac480000 - 0x00007ffbac4ab000 	C:\WINDOWS\System32\GDI32.dll
0x00007ffba9ce0000 - 0x00007ffba9e0d000 	C:\WINDOWS\System32\gdi32full.dll
0x00007ffba9e40000 - 0x00007ffba9ee3000 	C:\WINDOWS\System32\msvcp_win.dll
0x00007ffb8d560000 - 0x00007ffb8d57e000 	C:\Users\likha\.p2\pool\plugins\org.eclipse.justj.openjdk.hotspot.jre.full.win32.x86_64_23.0.2.v20250131-0604\jre\bin\VCRUNTIME140.dll
0x00007ffba8950000 - 0x00007ffba8be3000 	C:\WINDOWS\WinSxS\amd64_microsoft.windows.common-controls_6595b64144ccf1df_6.0.26100.5074_none_3e0d6f78e32fd63f\COMCTL32.dll
0x00007ffbac4b0000 - 0x00007ffbac559000 	C:\WINDOWS\System32\msvcrt.dll
0x00007ffbaa470000 - 0x00007ffbaa49f000 	C:\WINDOWS\System32\IMM32.DLL
0x00007ffb8f7c0000 - 0x00007ffb8f7cc000 	C:\Users\likha\.p2\pool\plugins\org.eclipse.justj.openjdk.hotspot.jre.full.win32.x86_64_23.0.2.v20250131-0604\jre\bin\vcruntime140_1.dll
0x00007ffb84630000 - 0x00007ffb846bd000 	C:\Users\likha\.p2\pool\plugins\org.eclipse.justj.openjdk.hotspot.jre.full.win32.x86_64_23.0.2.v20250131-0604\jre\bin\msvcp140.dll
0x00007ffb367c0000 - 0x00007ffb3758e000 	C:\Users\likha\.p2\pool\plugins\org.eclipse.justj.openjdk.hotspot.jre.full.win32.x86_64_23.0.2.v20250131-0604\jre\bin\server\jvm.dll
0x00007ffbac3c0000 - 0x00007ffbac474000 	C:\WINDOWS\System32\ADVAPI32.dll
0x00007ffbab270000 - 0x00007ffbab316000 	C:\WINDOWS\System32\sechost.dll
0x00007ffbab070000 - 0x00007ffbab188000 	C:\WINDOWS\System32\RPCRT4.dll
0x00007ffbaaf10000 - 0x00007ffbaaf84000 	C:\WINDOWS\System32\WS2_32.dll
0x00007ffba9690000 - 0x00007ffba96ee000 	C:\WINDOWS\SYSTEM32\POWRPROF.dll
0x00007ffba1a10000 - 0x00007ffba1a45000 	C:\WINDOWS\SYSTEM32\WINMM.dll
0x00007ffba1a50000 - 0x00007ffba1a5b000 	C:\WINDOWS\SYSTEM32\VERSION.dll
0x00007ffba9670000 - 0x00007ffba9684000 	C:\WINDOWS\SYSTEM32\UMPDC.dll
0x00007ffba7ce0000 - 0x00007ffba7cfb000 	C:\WINDOWS\SYSTEM32\kernel.appcore.dll
0x00007ffb9f370000 - 0x00007ffb9f37a000 	C:\Users\likha\.p2\pool\plugins\org.eclipse.justj.openjdk.hotspot.jre.full.win32.x86_64_23.0.2.v20250131-0604\jre\bin\jimage.dll
0x00007ffba9000000 - 0x00007ffba9242000 	C:\WINDOWS\SYSTEM32\DBGHELP.DLL
0x00007ffbab850000 - 0x00007ffbabbcb000 	C:\WINDOWS\System32\combase.dll
0x00007ffbab190000 - 0x00007ffbab267000 	C:\WINDOWS\System32\OLEAUT32.dll
0x00007ffba8ef0000 - 0x00007ffba8f2d000 	C:\WINDOWS\SYSTEM32\dbgcore.DLL
0x00007ffba98f0000 - 0x00007ffba9989000 	C:\WINDOWS\System32\bcryptPrimitives.dll
0x00007ffb9f350000 - 0x00007ffb9f36e000 	C:\Users\likha\.p2\pool\plugins\org.eclipse.justj.openjdk.hotspot.jre.full.win32.x86_64_23.0.2.v20250131-0604\jre\bin\java.dll
0x00007ffbab3d0000 - 0x00007ffbab568000 	C:\WINDOWS\System32\ole32.dll
0x00007ffbaa540000 - 0x00007ffbaac8d000 	C:\WINDOWS\System32\SHELL32.dll
0x00007ffba9990000 - 0x00007ffba9afc000 	C:\WINDOWS\System32\wintypes.dll
0x00007ffba6a00000 - 0x00007ffba7259000 	C:\WINDOWS\SYSTEM32\windows.storage.dll
0x00007ffbab740000 - 0x00007ffbab830000 	C:\WINDOWS\System32\SHCORE.dll
0x00007ffbaac90000 - 0x00007ffbaacf2000 	C:\WINDOWS\System32\shlwapi.dll
0x00007ffba9750000 - 0x00007ffba9779000 	C:\WINDOWS\SYSTEM32\profapi.dll
0x00007ffb8f8a0000 - 0x00007ffb8f8b7000 	C:\Users\likha\.p2\pool\plugins\org.eclipse.justj.openjdk.hotspot.jre.full.win32.x86_64_23.0.2.v20250131-0604\jre\bin\zip.dll
0x00007ffb9f340000 - 0x00007ffb9f350000 	C:\Users\likha\.p2\pool\plugins\org.eclipse.justj.openjdk.hotspot.jre.full.win32.x86_64_23.0.2.v20250131-0604\jre\bin\net.dll
0x00007ffba8220000 - 0x00007ffba828b000 	C:\WINDOWS\system32\mswsock.dll
0x00007ffb8f7d0000 - 0x00007ffb8f7e6000 	C:\Users\likha\.p2\pool\plugins\org.eclipse.justj.openjdk.hotspot.jre.full.win32.x86_64_23.0.2.v20250131-0604\jre\bin\nio.dll
0x00007ffba77a0000 - 0x00007ffba77d4000 	C:\WINDOWS\SYSTEM32\IPHLPAPI.DLL
0x00007ffbab840000 - 0x00007ffbab84a000 	C:\WINDOWS\System32\NSI.dll
0x00007ffba77e0000 - 0x00007ffba7906000 	C:\WINDOWS\SYSTEM32\DNSAPI.dll
0x00007ffb9e300000 - 0x00007ffb9e30b000 	C:\Windows\System32\rasadhlp.dll
0x00007ffb9ce70000 - 0x00007ffb9cef6000 	C:\WINDOWS\System32\fwpuclnt.dll
0x00007ffb9f300000 - 0x00007ffb9f30e000 	C:\Users\likha\.p2\pool\plugins\org.eclipse.justj.openjdk.hotspot.jre.full.win32.x86_64_23.0.2.v20250131-0604\jre\bin\sunmscapi.dll
0x00007ffba9ef0000 - 0x00007ffbaa067000 	C:\WINDOWS\System32\CRYPT32.dll
0x00007ffba8910000 - 0x00007ffba8940000 	C:\WINDOWS\SYSTEM32\ncrypt.dll
0x00007ffba88c0000 - 0x00007ffba88ff000 	C:\WINDOWS\SYSTEM32\NTASN1.dll
0x00007ffba9370000 - 0x00007ffba938b000 	C:\WINDOWS\SYSTEM32\CRYPTSP.dll
0x00007ffba8330000 - 0x00007ffba836b000 	C:\WINDOWS\system32\rsaenh.dll
0x00007ffba82c0000 - 0x00007ffba82eb000 	C:\WINDOWS\SYSTEM32\USERENV.dll
0x00007ffba9720000 - 0x00007ffba9746000 	C:\WINDOWS\SYSTEM32\bcrypt.dll
0x00007ffba87b0000 - 0x00007ffba87bc000 	C:\WINDOWS\SYSTEM32\CRYPTBASE.dll
0x00007ffb9f450000 - 0x00007ffb9f45a000 	C:\Users\likha\.p2\pool\plugins\org.eclipse.justj.openjdk.hotspot.jre.full.win32.x86_64_23.0.2.v20250131-0604\jre\bin\management.dll
0x00007ffb9f2d0000 - 0x00007ffb9f2db000 	C:\Users\likha\.p2\pool\plugins\org.eclipse.justj.openjdk.hotspot.jre.full.win32.x86_64_23.0.2.v20250131-0604\jre\bin\management_ext.dll
0x00007ffbabe30000 - 0x00007ffbabe38000 	C:\WINDOWS\System32\PSAPI.DLL
0x00007ffb845b0000 - 0x00007ffb845c0000 	C:\Users\likha\.p2\pool\plugins\org.eclipse.justj.openjdk.hotspot.jre.full.win32.x86_64_23.0.2.v20250131-0604\jre\bin\verify.dll

dbghelp: loaded successfully - version: 4.0.5 - missing functions: none
symbol engine: initialized successfully - sym options: 0x614 - pdb path: .;C:\Users\likha\.p2\pool\plugins\org.eclipse.justj.openjdk.hotspot.jre.full.win32.x86_64_23.0.2.v20250131-0604\jre\bin;C:\WINDOWS\SYSTEM32;C:\WINDOWS\WinSxS\amd64_microsoft.windows.common-controls_6595b64144ccf1df_6.0.26100.5074_none_3e0d6f78e32fd63f;C:\Users\likha\.p2\pool\plugins\org.eclipse.justj.openjdk.hotspot.jre.full.win32.x86_64_23.0.2.v20250131-0604\jre\bin\server

VM Arguments:
jvm_args: -Dfile.encoding=UTF-8 -Dstdout.encoding=UTF-8 -Dstderr.encoding=UTF-8 -XX:+ShowCodeDetailsInExceptionMessages 
java_command: com.playstore.owner_service.OwnerServiceApplication
java_class_path (initial): D:\Avaj\Java Full Stack Development\play-store\owner-service\target\classes;C:\Users\likha\.m2\repository\org\springframework\boot\spring-boot-starter-web\3.2.1\spring-boot-starter-web-3.2.1.jar;C:\Users\likha\.m2\repository\org\springframework\boot\spring-boot-starter\3.2.1\spring-boot-starter-3.2.1.jar;C:\Users\likha\.m2\repository\org\springframework\boot\spring-boot\3.2.1\spring-boot-3.2.1.jar;C:\Users\likha\.m2\repository\org\springframework\boot\spring-boot-autoconfigure\3.2.1\spring-boot-autoconfigure-3.2.1.jar;C:\Users\likha\.m2\repository\org\springframework\boot\spring-boot-starter-logging\3.2.1\spring-boot-starter-logging-3.2.1.jar;C:\Users\likha\.m2\repository\ch\qos\logback\logback-classic\1.4.14\logback-classic-1.4.14.jar;C:\Users\likha\.m2\repository\ch\qos\logback\logback-core\1.4.14\logback-core-1.4.14.jar;C:\Users\likha\.m2\repository\org\apache\logging\log4j\log4j-to-slf4j\2.21.1\log4j-to-slf4j-2.21.1.jar;C:\Users\likha\.m2\repository\org\apache\logging\log4j\log4j-api\2.21.1\log4j-api-2.21.1.jar;C:\Users\likha\.m2\repository\org\slf4j\jul-to-slf4j\2.0.9\jul-to-slf4j-2.0.9.jar;C:\Users\likha\.m2\repository\jakarta\annotation\jakarta.annotation-api\2.1.1\jakarta.annotation-api-2.1.1.jar;C:\Users\likha\.m2\repository\org\yaml\snakeyaml\2.2\snakeyaml-2.2.jar;C:\Users\likha\.m2\repository\org\springframework\boot\spring-boot-starter-json\3.2.1\spring-boot-starter-json-3.2.1.jar;C:\Users\likha\.m2\repository\com\fasterxml\jackson\datatype\jackson-datatype-jdk8\2.15.3\jackson-datatype-jdk8-2.15.3.jar;C:\Users\likha\.m2\repository\com\fasterxml\jackson\datatype\jackson-datatype-jsr310\2.15.3\jackson-datatype-jsr310-2.15.3.jar;C:\Users\likha\.m2\repository\com\fasterxml\jackson\module\jackson-module-parameter-names\2.15.3\jackson-module-parameter-names-2.15.3.jar;C:\Users\likha\.m2\repository\org\springframework\boot\spring-boot-starter-tomcat\3.2.1\spring-boot-starter-tomcat-3.2.1.jar;C:\Users\likha\.m2\repository\org\apache\tomcat\embed\tomcat-embed-core\10.1.17\tomcat-embed-core-10.1.17.jar;C:\Users\likha\.m2\repository\org\apache\tomcat\embed\tomcat-embed-websocket\10.1.17\tomcat-embed-websocket-10.1.17.jar;C:\Users\likha\.m2\repository\org\springframework\spring-web\6.1.2\spring-web-6.1.2.jar;C:\Users\likha\.m2\repository\org\springframework\spring-beans\6.1.2\spring-beans-6.1.2.jar;C:\Users\likha\.m2\repository\io\micrometer\micrometer-observation\1.12.1\micrometer-observation-1.12.1.jar;C:\Users\likha\.m2\repository\io\micrometer\micrometer-commons\1.12.1\micrometer-commons-1.12.1.jar;C:\Users\likha\.m2\repository\org\springframework\spring-webmvc\6.1.2\spring-webmvc-6.1.2.jar;C:\Users\likha\.m2\repository\org\springframework\spring-context\6.1.2\spring-context-6.1.2.jar;C:\Users\likha\.m2\repository\org\springframework\spring-expression\6.1.2\spring-expression-6.1.2.jar;C:\Users\likha\.m2\repository\org\springframework\boot\spring-boot-starter-data-jpa\3.2.1\spring-boot-starter-data-jpa-3.2.1.jar;C:\Users\likha\.m2\repository\org\springframework\boot\spring-boot-starter-aop\3.2.1\spring-boot-starter-aop-3.2.1.jar;C:\Users\likha\.m2\repository\org\aspectj\aspectjweaver\1.9.21\aspectjweaver-1.9.21.jar;C:\Users\likha\.m2\repository\org\springframework\boot\spring-boot-starter-jdbc\3.2.1\spring-boot-starter-jdbc-3.2.1.jar;C:\Users\likha\.m2\repository\com\zaxxer\HikariCP\5.0.1\HikariCP-5.0.1.jar;C:\Users\likha\.m2\repository\org\springframework\spring-jdbc\6.1.2\spring-jdbc-6.1.2.jar;C:\Users\likha\.m2\repository\org\hibernate\orm\hibernate-core\6.4.1.Final\hibernate-core-6.4.1.Final.jar;C:\Users\likha\.m2\repository\jakarta\persistence\jakarta.persistence-api\3.1.0\jakarta.persistence-api-3.1.0.jar;C:\Users\likha\.m2\repository\jakarta\transaction\jakarta.transaction-api\2.0.1\jakarta.transaction-api-2.0.1.jar;C:\Users\likha\.m2\repository\org\jboss\logging\jboss-logging\3.5.3.Final\jboss-logging-3.5.3.Final.jar;C:\Users\likha\.m2\repository\org\hibernate\common\hibernate-commons-annotations\6.0.6.Final\hibernate-commons-annotations-6.0.6.Final.jar;C:\Users\likha\.m2\repository\io\smallrye\jandex\3.1.2\jandex-3.1.2.jar;C:\Users\likha\.m2\repository\com\fasterxml\classmate\1.6.0\classmate-1.6.0.jar;C:\Users\likha\.m2\repository\net\bytebuddy\byte-buddy\1.14.10\byte-buddy-1.14.10.jar;C:\Users\likha\.m2\repository\org\glassfish\jaxb\jaxb-runtime\4.0.4\jaxb-runtime-4.0.4.jar;C:\Users\likha\.m2\repository\org\glassfish\jaxb\jaxb-core\4.0.4\jaxb-core-4.0.4.jar;C:\Users\likha\.m2\repository\org\eclipse\angus\angus-activation\2.0.1\angus-activation-2.0.1.jar;C:\Users\likha\.m2\repository\org\glassfish\jaxb\txw2\4.0.4\txw2-4.0.4.jar;C:\Users\likha\.m2\repository\com\sun\istack\istack-commons-runtime\4.1.2\istack-commons-runtime-4.1.2.jar;C:\Users\likha\.m2\repository\jakarta\inject\jakarta.inject-api\2.0.1\jakarta.inject-api-2.0.1.jar;C:\Users\likha\.m2\repository\org\antlr\antlr4-runtime\4.13.0\antlr4-runtime-4.13.0.jar;C:\Users\likha\.m2\repository\org\springframework\data\spring-data-jpa\3.2.1\spring-data-jpa-3.2.1.jar;C:\Users\likha\.m2\repository\org\springframework\data\spring-data-commons\3.2.1\spring-data-commons-3.2.1.jar;C:\Users\likha\.m2\repository\org\springframework\spring-orm\6.1.2\spring-orm-6.1.2.jar;C:\Users\likha\.m2\repository\org\springframework\spring-tx\6.1.2\spring-tx-6.1.2.jar;C:\Users\likha\.m2\repository\org\slf4j\slf4j-api\2.0.9\slf4j-api-2.0.9.jar;C:\Users\likha\.m2\repository\org\springframework\spring-aspects\6.1.2\spring-aspects-6.1.2.jar;C:\Users\likha\.m2\repository\org\springframework\cloud\spring-cloud-starter-netflix-eureka-client\4.1.0\spring-cloud-starter-netflix-eureka-client-4.1.0.jar;C:\Users\likha\.m2\repository\org\springframework\cloud\spring-cloud-starter\4.1.0\spring-cloud-starter-4.1.0.jar;C:\Users\likha\.m2\repository\org\springframework\cloud\spring-cloud-context\4.1.0\spring-cloud-context-4.1.0.jar;C:\Users\likha\.m2\repository\org\springframework\security\spring-security-rsa\1.1.1\spring-security-rsa-1.1.1.jar;C:\Users\likha\.m2\repository\org\bouncycastle\bcprov-jdk18on\1.74\bcprov-jdk18on-1.74.jar;C:\Users\likha\.m2\repository\org\springframework\cloud\spring-cloud-netflix-eureka-client\4.1.0\spring-cloud-netflix-eureka-client-4.1.0.jar;C:\Users\likha\.m2\repository\org\apache\httpcomponents\client5\httpclient5\5.2.3\httpclient5-5.2.3.jar;C:\Users\likha\.m2\repository\org\apache\httpcomponents\core5\httpcore5\5.2.4\httpcore5-5.2.4.jar;C:\Users\likha\.m2\repository\org\apache\httpcomponents\core5\httpcore5-h2\5.2.4\httpcore5-h2-5.2.4.jar;C:\Users\likha\.m2\repository\com\netflix\eureka\eureka-client\2.0.1\eureka-client-2.0.1.jar;C:\Users\likha\.m2\repository\com\netflix\netflix-commons\netflix-eventbus\0.3.0\netflix-eventbus-0.3.0.jar;C:\Users\likha\.m2\repository\com\netflix\netflix-commons\netflix-infix\0.3.0\netflix-infix-0.3.0.jar;C:\Users\likha\.m2\repository\commons-jxpath\commons-jxpath\1.3\commons-jxpath-1.3.jar;C:\Users\likha\.m2\repository\joda-time\joda-time\2.3\joda-time-2.3.jar;C:\Users\likha\.m2\repository\org\antlr\antlr-runtime\3.4\antlr-runtime-3.4.jar;C:\Users\likha\.m2\repository\org\antlr\stringtemplate\3.2.1\stringtemplate-3.2.1.jar;C:\Users\likha\.m2\repository\antlr\antlr\2.7.7\antlr-2.7.7.jar;C:\Users\likha\.m2\repository\com\google\code\gson\gson\2.10.1\gson-2.10.1.jar;C:\Users\likha\.m2\repository\org\apache\commons\commons-math\2.2\commons-math-2.2.jar;C:\Users\likha\.m2\repository\com\thoughtworks\xstream\xstream\1.4.19\xstream-1.4.19.jar;C:\Users\likha\.m2\repository\io\github\x-stream\mxparser\1.2.2\mxparser-1.2.2.jar;C:\Users\likha\.m2\repository\xmlpull\xmlpull\1.1.3.1\xmlpull-1.1.3.1.jar;C:\Users\likha\.m2\repository\jakarta\ws\rs\jakarta.ws.rs-api\3.1.0\jakarta.ws.rs-api-3.1.0.jar;C:\Users\likha\.m2\repository\com\netflix\servo\servo-core\0.12.21\servo-core-0.12.21.jar;C:\Users\likha\.m2\repository\com\google\guava\guava\19.0\guava-19.0.jar;C:\Users\likha\.m2\repository\org\apache\httpcomponents\httpclient\4.5.3\httpclient-4.5.3.jar;C:\Users\likha\.m2\repository\org\apache\httpcomponents\httpcore\4.4.16\httpcore-4.4.16.jar;C:\Users\likha\.m2\repository\commons-codec\commons-codec\1.16.0\commons-codec-1.16.0.jar;C:\Users\likha\.m2\repository\commons-configuration\commons-configuration\1.10\commons-configuration-1.10.jar;C:\Users\likha\.m2\repository\commons-lang\commons-lang\2.6\commons-lang-2.6.jar;C:\Users\likha\.m2\repository\com\fasterxml\jackson\core\jackson-annotations\2.15.3\jackson-annotations-2.15.3.jar;C:\Users\likha\.m2\repository\com\fasterxml\jackson\core\jackson-core\2.15.3\jackson-core-2.15.3.jar;C:\Users\likha\.m2\repository\org\codehaus\jettison\jettison\1.4.0\jettison-1.4.0.jar;C:\Users\likha\.m2\repository\com\netflix\eureka\eureka-core\2.0.1\eureka-core-2.0.1.jar;C:\Users\likha\.m2\repository\com\fasterxml\woodstox\woodstox-core\6.2.1\woodstox-core-6.2.1.jar;C:\Users\likha\.m2\repository\org\codehaus\woodstox\stax2-api\4.2.1\stax2-api-4.2.1.jar;C:\Users\likha\.m2\repository\org\springframework\cloud\spring-cloud-starter-loadbalancer\4.1.0\spring-cloud-starter-loadbalancer-4.1.0.jar;C:\Users\likha\.m2\repository\org\springframework\cloud\spring-cloud-loadbalancer\4.1.0\spring-cloud-loadbalancer-4.1.0.jar;C:\Users\likha\.m2\repository\io\projectreactor\reactor-core\3.6.1\reactor-core-3.6.1.jar;C:\Users\likha\.m2\repository\org\reactivestreams\reactive-streams\1.0.4\reactive-streams-1.0.4.jar;C:\Users\likha\.m2\repository\io\projectreactor\addons\reactor-extra\3.5.1\reactor-extra-3.5.1.jar;C:\Users\likha\.m2\repository\org\springframework\boot\spring-boot-starter-cache\3.2.1\spring-boot-starter-cache-3.2.1.jar;C:\Users\likha\.m2\repository\org\springframework\spring-context-support\6.1.2\spring-context-support-6.1.2.jar;C:\Users\likha\.m2\repository\com\stoyanr\evictor\1.0.0\evictor-1.0.0.jar;C:\Users\likha\.m2\repository\org\springframework\boot\spring-boot-starter-security\3.2.1\spring-boot-starter-security-3.2.1.jar;C:\Users\likha\.m2\repository\org\springframework\spring-aop\6.1.2\spring-aop-6.1.2.jar;C:\Users\likha\.m2\repository\org\springframework\security\spring-security-config\6.2.1\spring-security-config-6.2.1.jar;C:\Users\likha\.m2\repository\org\springframework\security\spring-security-core\6.2.1\spring-security-core-6.2.1.jar;C:\Users\likha\.m2\repository\org\springframework\security\spring-security-web\6.2.1\spring-security-web-6.2.1.jar;C:\Users\likha\.m2\repository\io\jsonwebtoken\jjwt-api\0.11.5\jjwt-api-0.11.5.jar;C:\Users\likha\.m2\repository\io\jsonwebtoken\jjwt-impl\0.11.5\jjwt-impl-0.11.5.jar;C:\Users\likha\.m2\repository\io\jsonwebtoken\jjwt-jackson\0.11.5\jjwt-jackson-0.11.5.jar;C:\Users\likha\.m2\repository\com\fasterxml\jackson\core\jackson-databind\2.15.3\jackson-databind-2.15.3.jar;C:\Users\likha\.m2\repository\com\h2database\h2\2.2.224\h2-2.2.224.jar;C:\Users\likha\.m2\repository\org\springdoc\springdoc-openapi-starter-webmvc-ui\2.2.0\springdoc-openapi-starter-webmvc-ui-2.2.0.jar;C:\Users\likha\.m2\repository\org\springdoc\springdoc-openapi-starter-webmvc-api\2.2.0\springdoc-openapi-starter-webmvc-api-2.2.0.jar;C:\Users\likha\.m2\repository\org\springdoc\springdoc-openapi-starter-common\2.2.0\springdoc-openapi-starter-common-2.2.0.jar;C:\Users\likha\.m2\repository\io\swagger\core\v3\swagger-core-jakarta\2.2.15\swagger-core-jakarta-2.2.15.jar;C:\Users\likha\.m2\repository\org\apache\commons\commons-lang3\3.13.0\commons-lang3-3.13.0.jar;C:\Users\likha\.m2\repository\io\swagger\core\v3\swagger-annotations-jakarta\2.2.15\swagger-annotations-jakarta-2.2.15.jar;C:\Users\likha\.m2\repository\io\swagger\core\v3\swagger-models-jakarta\2.2.15\swagger-models-jakarta-2.2.15.jar;C:\Users\likha\.m2\repository\com\fasterxml\jackson\dataformat\jackson-dataformat-yaml\2.15.3\jackson-dataformat-yaml-2.15.3.jar;C:\Users\likha\.m2\repository\org\webjars\swagger-ui\5.2.0\swagger-ui-5.2.0.jar;C:\Users\likha\.m2\repository\org\springframework\cloud\spring-cloud-starter-openfeign\4.1.0\spring-cloud-starter-openfeign-4.1.0.jar;C:\Users\likha\.m2\repository\org\springframework\cloud\spring-cloud-openfeign-core\4.1.0\spring-cloud-openfeign-core-4.1.0.jar;C:\Users\likha\.m2\repository\io\github\openfeign\form\feign-form-spring\3.8.0\feign-form-spring-3.8.0.jar;C:\Users\likha\.m2\repository\io\github\openfeign\form\feign-form\3.8.0\feign-form-3.8.0.jar;C:\Users\likha\.m2\repository\commons-fileupload\commons-fileupload\1.5\commons-fileupload-1.5.jar;C:\Users\likha\.m2\repository\commons-io\commons-io\2.11.0\commons-io-2.11.0.jar;C:\Users\likha\.m2\repository\org\springframework\cloud\spring-cloud-commons\4.1.0\spring-cloud-commons-4.1.0.jar;C:\Users\likha\.m2\repository\org\springframework\security\spring-security-crypto\6.2.1\spring-security-crypto-6.2.1.jar;C:\Users\likha\.m2\repository\io\github\openfeign\feign-core\13.1\feign-core-13.1.jar;C:\Users\likha\.m2\repository\io\github\openfeign\feign-slf4j\13.1\feign-slf4j-13.1.jar;C:\Users\likha\.m2\repository\org\springframework\boot\spring-boot-starter-validation\3.2.1\spring-boot-starter-validation-3.2.1.jar;C:\Users\likha\.m2\repository\org\apache\tomcat\embed\tomcat-embed-el\10.1.17\tomcat-embed-el-10.1.17.jar;C:\Users\likha\.m2\repository\org\hibernate\validator\hibernate-validator\8.0.1.Final\hibernate-validator-8.0.1.Final.jar;C:\Users\likha\.m2\repository\jakarta\validation\jakarta.validation-api\3.0.2\jakarta.validation-api-3.0.2.jar;C:\Users\likha\.m2\repository\jakarta\xml\bind\jakarta.xml.bind-api\4.0.1\jakarta.xml.bind-api-4.0.1.jar;C:\Users\likha\.m2\repository\jakarta\activation\jakarta.activation-api\2.1.2\jakarta.activation-api-2.1.2.jar;C:\Users\likha\.m2\repository\org\springframework\spring-core\6.1.2\spring-core-6.1.2.jar;C:\Users\likha\.m2\repository\org\springframework\spring-jcl\6.1.2\spring-jcl-6.1.2.jar
Launcher Type: SUN_STANDARD

[Global flags]
     intx CICompilerCount                          = 3                                         {product} {ergonomic}
     uint ConcGCThreads                            = 1                                         {product} {ergonomic}
     uint G1ConcRefinementThreads                  = 4                                         {product} {ergonomic}
   size_t G1HeapRegionSize                         = 1048576                                   {product} {ergonomic}
   size_t InitialHeapSize                          = 58720256                                  {product} {ergonomic}
   size_t MarkStackSize                            = 4194304                                   {product} {ergonomic}
   size_t MarkStackSizeMax                         = 536870912                                 {product} {ergonomic}
   size_t MaxHeapSize                              = 924844032                                 {product} {ergonomic}
   size_t MaxNewSize                               = 554696704                                 {product} {ergonomic}
   size_t MinHeapDeltaBytes                        = 1048576                                   {product} {ergonomic}
   size_t MinHeapSize                              = 8388608                                   {product} {ergonomic}
    uintx NonNMethodCodeHeapSize                   = 5832704                                {pd product} {ergonomic}
    uintx NonProfiledCodeHeapSize                  = 122945536                              {pd product} {ergonomic}
    uintx ProfiledCodeHeapSize                     = 122880000                              {pd product} {ergonomic}
    uintx ReservedCodeCacheSize                    = 251658240                              {pd product} {ergonomic}
     bool SegmentedCodeCache                       = true                                      {product} {ergonomic}
     bool ShowCodeDetailsInExceptionMessages       = true                                   {manageable} {command line}
   size_t SoftMaxHeapSize                          = 924844032                              {manageable} {ergonomic}
     bool UseCompressedOops                        = true                           {product lp64_product} {ergonomic}
     bool UseG1GC                                  = true                                      {product} {ergonomic}
     bool UseLargePagesIndividualAllocation        = false                                  {pd product} {ergonomic}

Logging:
Log output configuration:
 #0: stdout all=warning uptime,level,tags foldmultilines=false
 #1: stderr all=off uptime,level,tags foldmultilines=false

Environment Variables:
PATH=C:/Users/likha/.p2/pool/plugins/org.eclipse.justj.openjdk.hotspot.jre.full.win32.x86_64_23.0.2.v20250131-0604/jre/bin/server;C:/Users/likha/.p2/pool/plugins/org.eclipse.justj.openjdk.hotspot.jre.full.win32.x86_64_23.0.2.v20250131-0604/jre/bin;C:\Program Files\Common Files\Oracle\Java\javapath;C:\WINDOWS\system32;C:\WINDOWS;C:\WINDOWS\System32\Wbem;C:\WINDOWS\System32\WindowsPowerShell\v1.0\;C:\WINDOWS\System32\OpenSSH\;C:\Program Files\nodejs\;C:\Program Files (x86)\Windows Kits\10\Windows Performance Toolkit\;C:\Program Files\Git\cmd;C:\Program Files\CMake\bin;C:\ProgramData\chocolatey\bin;c:\Users\likha\AppData\Local\Programs\cursor\resources\app\bin;C:\Program Files\dotnet\;C:\composer;C:\Users\likha\AppData\Local\Programs\Python\Launcher\;C:\Users\likha\AppData\Local\Programs\Python\Python38\Scripts\;C:\Users\likha\AppData\Local\Programs\Python\Python38\;C:\Users\likha\AppData\Local\Microsoft\WindowsApps;C:\Users\likha\AppData\Local\JetBrains\Toolbox\scripts;C:\Users\likha\AppData\Roaming\npm;C:\Users\likha\AppData\Local\Programs\Microsoft VS Code\bin;C:\Program Files\nodejs;C:\Program Files\CMake\bin;C:\flutter\bin;C:\platform-tools;C:\xampp\php-8.2.29;C:\Users\likha\AppData\Roaming\Composer\vendor\bin;C:\Users\likha\Downloads\maven-mvnd-1.0.2-windows-amd64\maven-mvnd-1.0.2-windows-amd64\mvn\bin;;C:\WINDOWS\system32;
USERNAME=likha
OS=Windows_NT
PROCESSOR_IDENTIFIER=AMD64 Family 23 Model 24 Stepping 1, AuthenticAMD
TMP=C:\Users\likha\AppData\Local\Temp
TEMP=C:\Users\likha\AppData\Local\Temp




Periodic native trim disabled

---------------  S Y S T E M  ---------------

OS:
 Windows 11 , 64 bit Build 26100 (10.0.26100.5074)
OS uptime: 0 days 6:35 hours
Hyper-V role detected

CPU: total 4 (initial active 4) (4 cores per cpu, 1 threads per core) family 23 model 24 stepping 1 microcode 0x8108109, cx8, cmov, fxsr, mmx, 3dnowpref, sse, sse2, sse3, ssse3, sse4a, sse4.1, sse4.2, popcnt, lzcnt, tsc, tscinvbit, avx, avx2, aes, clmul, bmi1, bmi2, adx, sha, fma, vzeroupper, clflush, clflushopt, hv, rdtscp, f16c
Processor Information for the first 4 processors :
  Max Mhz: 2100, Current Mhz: 2100, Mhz Limit: 2100

Memory: 4k page, system-wide physical 3526M (342M free)
TotalPageFile size 14278M (AvailPageFile size 23M)
current process WorkingSet (physical memory assigned to process): 172M, peak: 183M
current process commit charge ("private bytes"): 246M, peak: 249M

vm_info: OpenJDK 64-Bit Server VM (23.0.2+7) for windows-amd64 JRE (23.0.2+7), built on 2025-01-21T00:00:00Z with MS VC++ 17.7 (VS2022)

END.
